2026/04/10 08:58:11 [Main] log file: logs/arb_20260440_085811.log
2026/04/10 08:58:11 pprof on http://localhost:6060/debug/pprof/
2026/04/10 08:58:13 [KuCoin WS 0] connected
2026/04/10 08:58:13 [KuCoin] started with 1 WS
2026/04/10 08:58:13 [Main] KuCoinCollector started
2026/04/10 08:58:38 [EXEC CMP] USDT→DOT→KCS | est=-0.5949% | ideal=-0.2961% | rounded=-0.3010% | strict=-0.6030% | tails=-0.6015% | tail_usdt=0.00015030 | tails_map={USDT=0.00015030}
2026/04/10 08:58:38 [EXEC CMP] USDT→DOT→KCS | est=-0.6593% | ideal=-0.3607% | rounded=-0.3680% | strict=-0.6700% | tails=-0.6684% | tail_usdt=0.00015700 | tails_map={USDT=0.00015700}
2026/04/10 08:58:38 [EXEC CMP] USDT→DOT→KCS | est=-0.5949% | ideal=-0.2961% | rounded=-0.3010% | strict=-0.6030% | tails=-0.6015% | tail_usdt=0.00015030 | tails_map={USDT=0.00015030}
2026/04/10 08:58:38 [EXEC CMP] USDT→DOT→KCS | est=-0.5873% | ideal=-0.2884% | rounded=-0.2930% | strict=-0.5950% | tails=-0.5935% | tail_usdt=0.00014950 | tails_map={USDT=0.00014950}
2026/04/10 08:58:38 [EXEC CMP] USDT→DOT→KCS | est=-0.6517% | ideal=-0.3531% | rounded=-0.3600% | strict=-0.6620% | tails=-0.6604% | tail_usdt=0.00015620 | tails_map={USDT=0.00015620}
2026/04/10 08:58:38 [EXEC CMP] USDT→DOT→KCS | est=-0.6517% | ideal=-0.3531% | rounded=-0.3600% | strict=-0.6620% | tails=-0.6604% | tail_usdt=0.00015620 | tails_map={USDT=0.00015620}
2026/04/10 08:58:38 [EXEC CMP] USDT→DOT→KCS | est=-0.5873% | ideal=-0.2884% | rounded=-0.2930% | strict=-0.5950% | tails=-0.5935% | tail_usdt=0.00014950 | tails_map={USDT=0.00014950}
2026/04/10 08:58:44 [EXEC CMP] USDT→XRP→KCS | est=-0.4609% | ideal=-0.1617% | rounded=-0.1710% | strict=-0.4650% | tails=-0.4637% | tail_usdt=0.00013350 | tails_map={USDT=0.00013350}
2026/04/10 08:58:44 [EXEC CMP] USDT→XRP→KCS | est=-0.4623% | ideal=-0.1631% | rounded=-0.1710% | strict=-0.4730% | tails=-0.4718% | tail_usdt=0.00011930 | tails_map={USDT=0.00011930}
2026/04/10 08:58:46 [EXEC CMP] USDT→LYX→ETH | est=-2.1109% | ideal=-1.8167% | rounded=-1.8188% | strict=-2.1122% | tails=-2.1112% | tail_usdt=0.00010042 | tails_map={USDT=0.00010042}
2026/04/10 08:58:46 [EXEC CMP] USDT→LINK→BTC | est=-0.3733% | ideal=-0.0738% | rounded=-0.0784% | strict=-0.3873% | tails=-0.3853% | tail_usdt=0.00020075 | tails_map={USDT=0.00020075}
2026/04/10 08:58:46 [EXEC CMP] USDT→BTC→HBAR | est=-0.3472% | ideal=-0.0476% | rounded=-0.0539% | strict=-0.3545% | tails=-0.3483% | tail_usdt=0.00062347 | tails_map={USDT=0.00062347}
2026/04/10 08:58:46 [EXEC CMP] USDT→BTC→AVAX | est=-0.3844% | ideal=-0.0849% | rounded=-0.1000% | strict=-0.4100% | tails=-0.4035% | tail_usdt=0.00064900 | tails_map={USDT=0.00064900}
2026/04/10 08:58:46 [EXEC CMP] USDT→LINK→BTC | est=-0.3813% | ideal=-0.0819% | rounded=-0.0856% | strict=-0.3945% | tails=-0.3925% | tail_usdt=0.00020047 | tails_map={USDT=0.00020047}
2026/04/10 08:58:46 [EXEC CMP] USDT→BTC→DASH | est=-0.4040% | ideal=-0.1046% | rounded=-0.2000% | strict=-0.5000% | tails=-0.4934% | tail_usdt=0.00065800 | tails_map={USDT=0.00065800}
2026/04/10 08:58:46 [EXEC CMP] USDT→XRP→ETH | est=-0.3221% | ideal=-0.0225% | rounded=-0.0244% | strict=-0.3262% | tails=-0.3250% | tail_usdt=0.00011464 | tails_map={USDT=0.00011464}
2026/04/10 08:58:46 [EXEC CMP] USDT→BTC→AVAX | est=-0.3844% | ideal=-0.0849% | rounded=-0.1000% | strict=-0.4100% | tails=-0.4035% | tail_usdt=0.00064900 | tails_map={USDT=0.00064900}
2026/04/10 08:58:46 [EXEC CMP] USDT→LYX→ETH | est=-2.0702% | ideal=-1.7759% | rounded=-1.7770% | strict=-2.0727% | tails=-2.0717% | tail_usdt=0.00010047 | tails_map={USDT=0.00010047}
2026/04/10 08:58:46 [EXEC CMP] USDT→LYX→ETH | est=-2.0667% | ideal=-1.7723% | rounded=-1.7735% | strict=-2.0692% | tails=-2.0682% | tail_usdt=0.00010011 | tails_map={USDT=0.00010011}
2026/04/10 08:58:46 [EXEC CMP] USDT→XRP→ETH | est=-0.3185% | ideal=-0.0188% | rounded=-0.0207% | strict=-0.3226% | tails=-0.3214% | tail_usdt=0.00011428 | tails_map={USDT=0.00011428}
2026/04/10 08:58:46 [EXEC CMP] USDT→BTC→HBAR | est=-0.3359% | ideal=-0.0363% | rounded=-0.0426% | strict=-0.3433% | tails=-0.3371% | tail_usdt=0.00062235 | tails_map={USDT=0.00062235}
2026/04/10 08:58:46 [EXEC CMP] USDT→BTC→ICP | est=-0.7323% | ideal=-0.4339% | rounded=-0.4500% | strict=-0.7500% | tails=-0.7432% | tail_usdt=0.00068300 | tails_map={USDT=0.00068300}
2026/04/10 08:58:46 [EXEC CMP] USDT→LINK→BTC | est=-0.3813% | ideal=-0.0819% | rounded=-0.0856% | strict=-0.3945% | tails=-0.3925% | tail_usdt=0.00020047 | tails_map={USDT=0.00020047}
2026/04/10 08:58:46 [EXEC CMP] USDT→LINK→BTC | est=-0.3746% | ideal=-0.0752% | rounded=-0.0856% | strict=-0.3945% | tails=-0.3855% | tail_usdt=0.00090047 | tails_map={USDT=0.00090047}
2026/04/10 08:58:46 [EXEC CMP] USDT→ETC→ETH | est=-0.4067% | ideal=-0.1074% | rounded=-0.1283% | strict=-0.4257% | tails=-0.4256% | tail_usdt=0.00000560 | tails_map={USDT=0.00000560}
2026/04/10 08:58:47 [EXEC CMP] USDT→BTC→DASH | est=-0.4300% | ideal=-0.1306% | rounded=-0.2000% | strict=-0.5000% | tails=-0.4934% | tail_usdt=0.00065800 | tails_map={USDT=0.00065800}
2026/04/10 08:58:47 [EXEC CMP] USDT→LINK→BTC | est=-0.3680% | ideal=-0.0685% | rounded=-0.0784% | strict=-0.3873% | tails=-0.3803% | tail_usdt=0.00070075 | tails_map={USDT=0.00070075}
2026/04/10 08:58:47 [EXEC CMP] USDT→LINK→BTC | est=-0.3680% | ideal=-0.0685% | rounded=-0.0784% | strict=-0.3873% | tails=-0.3803% | tail_usdt=0.00070075 | tails_map={USDT=0.00070075}
2026/04/10 08:58:47 [EXEC CMP] USDT→BTC→ICP | est=-0.7042% | ideal=-0.4057% | rounded=-0.4200% | strict=-0.7200% | tails=-0.7132% | tail_usdt=0.00068000 | tails_map={USDT=0.00068000}
2026/04/10 08:58:47 [EXEC CMP] USDT→SHIB→DOGE | est=-0.7822% | ideal=-0.4839% | rounded=-0.4840% | strict=-0.7824% | tails=-0.7823% | tail_usdt=0.00000830 | tails_map={USDT=0.00000830}
2026/04/10 08:58:47 [EXEC CMP] USDT→LINK→BTC | est=-0.3640% | ideal=-0.0645% | rounded=-0.0736% | strict=-0.3824% | tails=-0.3754% | tail_usdt=0.00070027 | tails_map={USDT=0.00070027}
2026/04/10 08:58:47 [EXEC CMP] USDT→BTC→DASH | est=-0.4160% | ideal=-0.1167% | rounded=-0.2000% | strict=-0.5000% | tails=-0.4983% | tail_usdt=0.00017200 | tails_map={USDT=0.00017200}
2026/04/10 08:58:47 [EXEC CMP] USDT→SHIB→DOGE | est=-0.7989% | ideal=-0.5007% | rounded=-0.5008% | strict=-0.7991% | tails=-0.7990% | tail_usdt=0.00000997 | tails_map={USDT=0.00000997}
2026/04/10 08:58:47 [EXEC CMP] USDT→LINK→BTC | est=-0.3695% | ideal=-0.0700% | rounded=-0.0736% | strict=-0.3824% | tails=-0.3814% | tail_usdt=0.00010027 | tails_map={USDT=0.00010027}
2026/04/10 08:58:47 [EXEC CMP] USDT→BTC→DASH | est=-0.4420% | ideal=-0.1427% | rounded=-0.2000% | strict=-0.5000% | tails=-0.4983% | tail_usdt=0.00017200 | tails_map={USDT=0.00017200}
2026/04/10 08:58:47 [EXEC CMP] USDT→BTC→DASH | est=-0.4160% | ideal=-0.1167% | rounded=-0.2000% | strict=-0.5000% | tails=-0.4983% | tail_usdt=0.00017200 | tails_map={USDT=0.00017200}
2026/04/10 08:58:50 [EXEC CMP] USDT→BTC→DOT | est=-0.4054% | ideal=-0.1060% | rounded=-0.1090% | strict=-0.4100% | tails=-0.4081% | tail_usdt=0.00019100 | tails_map={USDT=0.00019100}
2026/04/10 08:58:50 [EXEC CMP] USDT→DOT→KCS | est=-0.6670% | ideal=-0.3684% | rounded=-0.3770% | strict=-0.6790% | tails=-0.6774% | tail_usdt=0.00015790 | tails_map={USDT=0.00015790}
2026/04/10 08:58:51 [EXEC CMP] USDT→LYX→ETH | est=-1.6025% | ideal=-1.3068% | rounded=-1.3088% | strict=-1.6050% | tails=-1.6040% | tail_usdt=0.00010065 | tails_map={USDT=0.00010065}
2026/04/10 08:58:51 [EXEC CMP] USDT→LINK→BTC | est=-0.3708% | ideal=-0.0713% | rounded=-0.0836% | strict=-0.3925% | tails=-0.3845% | tail_usdt=0.00080028 | tails_map={USDT=0.00080028}
2026/04/10 08:58:51 [EXEC CMP] USDT→BTC→DASH | est=-0.4535% | ideal=-0.1542% | rounded=-0.2000% | strict=-0.5000% | tails=-0.4955% | tail_usdt=0.00045100 | tails_map={USDT=0.00045100}
2026/04/10 08:58:51 [EXEC CMP] USDT→BTC→AVAX | est=-0.3862% | ideal=-0.0868% | rounded=-0.1000% | strict=-0.4000% | tails=-0.3956% | tail_usdt=0.00044100 | tails_map={USDT=0.00044100}
2026/04/10 08:58:51 [EXEC CMP] USDT→LYX→ETH | est=-1.1453% | ideal=-0.8482% | rounded=-0.8497% | strict=-1.1486% | tails=-1.1476% | tail_usdt=0.00010096 | tails_map={USDT=0.00010096}
2026/04/10 08:58:51 [EXEC CMP] USDT→BTC→DASH | est=-0.4535% | ideal=-0.1542% | rounded=-0.2000% | strict=-0.5000% | tails=-0.4955% | tail_usdt=0.00045100 | tails_map={USDT=0.00045100}
2026/04/10 08:58:51 [EXEC CMP] USDT→LINK→BTC | est=-0.3708% | ideal=-0.0713% | rounded=-0.0836% | strict=-0.3925% | tails=-0.3845% | tail_usdt=0.00080028 | tails_map={USDT=0.00080028}
2026/04/10 08:58:51 [EXEC CMP] USDT→BTC→SNX | est=-2.5149% | ideal=-2.2219% | rounded=-2.2400% | strict=-2.5430% | tails=-2.5384% | tail_usdt=0.00045550 | tails_map={USDT=0.00045550}
2026/04/10 08:58:51 [EXEC CMP] USDT→BTC→DASH | est=-0.4535% | ideal=-0.1542% | rounded=-0.2000% | strict=-0.5000% | tails=-0.4955% | tail_usdt=0.00045100 | tails_map={USDT=0.00045100}
2026/04/10 08:58:51 [EXEC CMP] USDT→BTC→AVAX | est=-0.3709% | ideal=-0.0714% | rounded=-0.0900% | strict=-0.3900% | tails=-0.3856% | tail_usdt=0.00044000 | tails_map={USDT=0.00044000}
2026/04/10 08:58:51 [EXEC CMP] USDT→LYX→ETH | est=-1.1453% | ideal=-0.8482% | rounded=-0.8497% | strict=-1.1486% | tails=-1.1476% | tail_usdt=0.00010096 | tails_map={USDT=0.00010096}
2026/04/10 08:58:51 [EXEC CMP] USDT→LINK→BTC | est=-0.3627% | ideal=-0.0632% | rounded=-0.0764% | strict=-0.3853% | tails=-0.3773% | tail_usdt=0.00080056 | tails_map={USDT=0.00080056}
2026/04/10 08:58:51 [EXEC CMP] USDT→LINK→BTC | est=-0.3547% | ideal=-0.0552% | rounded=-0.0692% | strict=-0.3781% | tails=-0.3701% | tail_usdt=0.00080083 | tails_map={USDT=0.00080083}
2026/04/10 08:58:53 [EXEC CMP] USDT→SHIB→DOGE | est=-0.7149% | ideal=-0.4164% | rounded=-0.4165% | strict=-0.7150% | tails=-0.7150% | tail_usdt=0.00000156 | tails_map={USDT=0.00000156}
2026/04/10 08:58:53 [EXEC CMP] USDT→SHIB→DOGE | est=-0.6993% | ideal=-0.4008% | rounded=-0.4009% | strict=-0.6994% | tails=-0.6994% | tail_usdt=0.00000000 | tails_map={USDT=0.00000000}
2026/04/10 08:58:53 [EXEC CMP] USDT→SHIB→DOGE | est=-0.7207% | ideal=-0.4222% | rounded=-0.4223% | strict=-0.7208% | tails=-0.7208% | tail_usdt=0.00000214 | tails_map={USDT=0.00000214}
2026/04/10 08:58:53 [EXEC CMP] USDT→DOT→KCS | est=-0.6746% | ideal=-0.3760% | rounded=-0.3850% | strict=-0.6790% | tails=-0.6774% | tail_usdt=0.00015790 | tails_map={USDT=0.00015790}
2026/04/10 08:58:53 [EXEC CMP] USDT→DOT→KCS | est=-0.6746% | ideal=-0.3760% | rounded=-0.3850% | strict=-0.6790% | tails=-0.6774% | tail_usdt=0.00015790 | tails_map={USDT=0.00015790}
2026/04/10 08:58:53 [EXEC CMP] USDT→DOT→KCS | est=-0.6670% | ideal=-0.3684% | rounded=-0.3770% | strict=-0.6790% | tails=-0.6774% | tail_usdt=0.00015790 | tails_map={USDT=0.00015790}
2026/04/10 08:58:53 [EXEC CMP] USDT→DOT→KCS | est=-0.6670% | ideal=-0.3684% | rounded=-0.3770% | strict=-0.6790% | tails=-0.6774% | tail_usdt=0.00015790 | tails_map={USDT=0.00015790}
2026/04/10 08:58:53 [EXEC CMP] USDT→DOT→KCS | est=-0.6593% | ideal=-0.3607% | rounded=-0.3680% | strict=-0.6700% | tails=-0.6684% | tail_usdt=0.00015700 | tails_map={USDT=0.00015700}
2026/04/10 08:58:53 [EXEC CMP] USDT→DOT→KCS | est=-0.5949% | ideal=-0.2961% | rounded=-0.3010% | strict=-0.6030% | tails=-0.6015% | tail_usdt=0.00015030 | tails_map={USDT=0.00015030}
2026/04/10 08:58:53 [EXEC CMP] USDT→DOT→KCS | est=-0.6102% | ideal=-0.3114% | rounded=-0.3180% | strict=-0.6200% | tails=-0.6185% | tail_usdt=0.00015200 | tails_map={USDT=0.00015200}
2026/04/10 08:58:54 [EXEC CMP] USDT→DOT→KCS | est=-0.6746% | ideal=-0.3760% | rounded=-0.3850% | strict=-0.6790% | tails=-0.6774% | tail_usdt=0.00015790 | tails_map={USDT=0.00015790}
2026/04/10 08:58:54 [EXEC CMP] USDT→DOT→KCS | est=-0.6746% | ideal=-0.3760% | rounded=-0.3850% | strict=-0.6790% | tails=-0.6774% | tail_usdt=0.00015790 | tails_map={USDT=0.00015790}
2026/04/10 08:58:54 [EXEC CMP] USDT→DOT→KCS | est=-0.6670% | ideal=-0.3684% | rounded=-0.3770% | strict=-0.6790% | tails=-0.6774% | tail_usdt=0.00015790 | tails_map={USDT=0.00015790}
2026/04/10 08:58:54 [EXEC CMP] USDT→DOT→KCS | est=-0.6025% | ideal=-0.3037% | rounded=-0.3100% | strict=-0.6120% | tails=-0.6105% | tail_usdt=0.00015120 | tails_map={USDT=0.00015120}
2026/04/10 08:58:55 [EXEC CMP] USDT→DOT→KCS | est=-0.5873% | ideal=-0.2884% | rounded=-0.2930% | strict=-0.5950% | tails=-0.5935% | tail_usdt=0.00014950 | tails_map={USDT=0.00014950}
2026/04/10 08:58:55 [EXEC CMP] USDT→DOT→KCS | est=-0.5873% | ideal=-0.2884% | rounded=-0.2930% | strict=-0.5950% | tails=-0.5935% | tail_usdt=0.00014950 | tails_map={USDT=0.00014950}
2026/04/10 08:58:55 [EXEC CMP] USDT→DOT→KCS | est=-0.5949% | ideal=-0.2961% | rounded=-0.3010% | strict=-0.6030% | tails=-0.6015% | tail_usdt=0.00015030 | tails_map={USDT=0.00015030}
2026/04/10 08:58:55 [EXEC CMP] USDT→DOT→KCS | est=-0.5949% | ideal=-0.2961% | rounded=-0.3010% | strict=-0.6030% | tails=-0.6015% | tail_usdt=0.00015030 | tails_map={USDT=0.00015030}
2026/04/10 08:58:55 [EXEC CMP] USDT→DOT→KCS | est=-0.6593% | ideal=-0.3607% | rounded=-0.3680% | strict=-0.6700% | tails=-0.6684% | tail_usdt=0.00015700 | tails_map={USDT=0.00015700}
2026/04/10 08:58:56 [EXEC CMP] USDT→XRP→KCS | est=-0.4852% | ideal=-0.1860% | rounded=-0.1920% | strict=-0.4940% | tails=-0.4926% | tail_usdt=0.00013640 | tails_map={USDT=0.00013640}
2026/04/10 08:58:56 [EXEC CMP] USDT→DOT→KCS | est=-0.5796% | ideal=-0.2808% | rounded=-0.2840% | strict=-0.5860% | tails=-0.5845% | tail_usdt=0.00014860 | tails_map={USDT=0.00014860}
2026/04/10 08:58:56 [EXEC CMP] USDT→XRP→ETH | est=-0.3084% | ideal=-0.0087% | rounded=-0.0116% | strict=-0.3134% | tails=-0.3124% | tail_usdt=0.00009736 | tails_map={USDT=0.00009736}
2026/04/10 08:58:56 [EXEC CMP] USDT→DOT→KCS | est=-0.6441% | ideal=-0.3454% | rounded=-0.3520% | strict=-0.6540% | tails=-0.6524% | tail_usdt=0.00015540 | tails_map={USDT=0.00015540}
2026/04/10 08:58:56 [EXEC CMP] USDT→XRP→KCS | est=-0.4852% | ideal=-0.1860% | rounded=-0.1920% | strict=-0.4940% | tails=-0.4926% | tail_usdt=0.00013640 | tails_map={USDT=0.00013640}
2026/04/10 08:58:56 [EXEC CMP] USDT→DOT→KCS | est=-0.6441% | ideal=-0.3454% | rounded=-0.3520% | strict=-0.6540% | tails=-0.6524% | tail_usdt=0.00015540 | tails_map={USDT=0.00015540}
2026/04/10 08:58:56 [EXEC CMP] USDT→BTC→RSR | est=-0.6036% | ideal=-0.3049% | rounded=-0.3060% | strict=-0.6058% | tails=-0.6046% | tail_usdt=0.00011963 | tails_map={USDT=0.00011963}
2026/04/10 08:58:56 [EXEC CMP] USDT→BTC→DOT | est=-0.3894% | ideal=-0.0900% | rounded=-0.0930% | strict=-0.3930% | tails=-0.3915% | tail_usdt=0.00014830 | tails_map={USDT=0.00014830}
2026/04/10 08:58:56 [EXEC CMP] USDT→XRP→KCS | est=-0.4727% | ideal=-0.1735% | rounded=-0.1830% | strict=-0.4770% | tails=-0.4757% | tail_usdt=0.00013470 | tails_map={USDT=0.00013470}
2026/04/10 08:58:56 [EXEC CMP] USDT→LINK→BTC | est=-0.3679% | ideal=-0.0684% | rounded=-0.0807% | strict=-0.3895% | tails=-0.3805% | tail_usdt=0.00090098 | tails_map={USDT=0.00090098}
2026/04/10 08:58:56 [EXEC CMP] USDT→BTC→AVAX | est=-0.3765% | ideal=-0.0770% | rounded=-0.0900% | strict=-0.3900% | tails=-0.3885% | tail_usdt=0.00014800 | tails_map={USDT=0.00014800}
2026/04/10 08:58:56 [EXEC CMP] USDT→BTC→DOT | est=-0.3817% | ideal=-0.0823% | rounded=-0.0850% | strict=-0.3860% | tails=-0.3845% | tail_usdt=0.00014760 | tails_map={USDT=0.00014760}
2026/04/10 08:58:56 [EXEC CMP] USDT→DOT→KCS | est=-0.6441% | ideal=-0.3454% | rounded=-0.3520% | strict=-0.6540% | tails=-0.6524% | tail_usdt=0.00015540 | tails_map={USDT=0.00015540}
2026/04/10 08:58:56 [EXEC CMP] USDT→LYX→ETH | est=-1.4541% | ideal=-1.1579% | rounded=-1.1581% | strict=-1.4544% | tails=-1.4534% | tail_usdt=0.00010057 | tails_map={USDT=0.00010057}
2026/04/10 08:58:56 [EXEC CMP] USDT→XRP→ETH | est=-0.3084% | ideal=-0.0087% | rounded=-0.0116% | strict=-0.3134% | tails=-0.3124% | tail_usdt=0.00009736 | tails_map={USDT=0.00009736}
2026/04/10 08:58:56 [EXEC CMP] USDT→XRP→KCS | est=-0.4727% | ideal=-0.1735% | rounded=-0.1830% | strict=-0.4770% | tails=-0.4757% | tail_usdt=0.00013470 | tails_map={USDT=0.00013470}
2026/04/10 08:58:56 [EXEC CMP] USDT→DOT→KCS | est=-0.6441% | ideal=-0.3454% | rounded=-0.3520% | strict=-0.6540% | tails=-0.6524% | tail_usdt=0.00015540 | tails_map={USDT=0.00015540}
2026/04/10 08:58:56 [EXEC CMP] USDT→LINK→BTC | est=-0.3679% | ideal=-0.0684% | rounded=-0.0807% | strict=-0.3895% | tails=-0.3805% | tail_usdt=0.00090098 | tails_map={USDT=0.00090098}
2026/04/10 08:58:56 [EXEC CMP] USDT→LINK→BTC | est=-0.3599% | ideal=-0.0603% | rounded=-0.0734% | strict=-0.3823% | tails=-0.3733% | tail_usdt=0.00090026 | tails_map={USDT=0.00090026}
2026/04/10 08:58:56 [EXEC CMP] USDT→BTC→AVAX | est=-0.3765% | ideal=-0.0770% | rounded=-0.0900% | strict=-0.3900% | tails=-0.3885% | tail_usdt=0.00014800 | tails_map={USDT=0.00014800}
2026/04/10 08:58:56 [EXEC CMP] USDT→DOT→KCS | est=-0.6441% | ideal=-0.3454% | rounded=-0.3520% | strict=-0.6540% | tails=-0.6524% | tail_usdt=0.00015540 | tails_map={USDT=0.00015540}
2026/04/10 08:58:56 [EXEC CMP] USDT→LINK→BTC | est=-0.3688% | ideal=-0.0693% | rounded=-0.0807% | strict=-0.3895% | tails=-0.3805% | tail_usdt=0.00090098 | tails_map={USDT=0.00090098}
2026/04/10 08:58:56 [EXEC CMP] USDT→BTC→DOT | est=-0.3817% | ideal=-0.0823% | rounded=-0.0850% | strict=-0.3860% | tails=-0.3845% | tail_usdt=0.00014760 | tails_map={USDT=0.00014760}
2026/04/10 08:58:56 [EXEC CMP] USDT→DOT→KCS | est=-0.6593% | ideal=-0.3607% | rounded=-0.3680% | strict=-0.6700% | tails=-0.6684% | tail_usdt=0.00015700 | tails_map={USDT=0.00015700}
2026/04/10 08:58:56 [EXEC CMP] USDT→XRP→KCS | est=-0.4852% | ideal=-0.1860% | rounded=-0.1920% | strict=-0.4940% | tails=-0.4926% | tail_usdt=0.00013640 | tails_map={USDT=0.00013640}
2026/04/10 08:58:56 [EXEC CMP] USDT→LINK→BTC | est=-0.3768% | ideal=-0.0773% | rounded=-0.0879% | strict=-0.3967% | tails=-0.3877% | tail_usdt=0.00090070 | tails_map={USDT=0.00090070}
2026/04/10 08:58:56 [EXEC CMP] USDT→LYX→ETH | est=-1.4541% | ideal=-1.1579% | rounded=-1.1581% | strict=-1.4544% | tails=-1.4534% | tail_usdt=0.00010057 | tails_map={USDT=0.00010057}
2026/04/10 08:58:56 [EXEC CMP] USDT→LINK→BTC | est=-0.3768% | ideal=-0.0773% | rounded=-0.0879% | strict=-0.3967% | tails=-0.3877% | tail_usdt=0.00090070 | tails_map={USDT=0.00090070}
2026/04/10 08:58:56 [EXEC CMP] USDT→DOT→KCS | est=-0.5949% | ideal=-0.2961% | rounded=-0.3010% | strict=-0.6030% | tails=-0.6015% | tail_usdt=0.00015030 | tails_map={USDT=0.00015030}
2026/04/10 08:58:57 [EXEC CMP] USDT→DOT→KCS | est=-0.5949% | ideal=-0.2961% | rounded=-0.3010% | strict=-0.6030% | tails=-0.6015% | tail_usdt=0.00015030 | tails_map={USDT=0.00015030}
2026/04/10 08:58:57 [EXEC CMP] USDT→DOT→KCS | est=-0.6441% | ideal=-0.3454% | rounded=-0.3520% | strict=-0.6540% | tails=-0.6524% | tail_usdt=0.00015540 | tails_map={USDT=0.00015540}
2026/04/10 08:58:57 [EXEC CMP] USDT→DOT→KCS | est=-0.5949% | ideal=-0.2961% | rounded=-0.3010% | strict=-0.6030% | tails=-0.6015% | tail_usdt=0.00015030 | tails_map={USDT=0.00015030}
2026/04/10 08:58:57 [EXEC CMP] USDT→DOT→KCS | est=-0.5949% | ideal=-0.2961% | rounded=-0.3010% | strict=-0.6030% | tails=-0.6015% | tail_usdt=0.00015030 | tails_map={USDT=0.00015030}
2026/04/10 08:58:57 [EXEC CMP] USDT→DOT→KCS | est=-0.6593% | ideal=-0.3607% | rounded=-0.3680% | strict=-0.6700% | tails=-0.6684% | tail_usdt=0.00015700 | tails_map={USDT=0.00015700}
2026/04/10 08:58:58 [EXEC CMP] USDT→DOT→KCS | est=-0.6593% | ideal=-0.3607% | rounded=-0.3680% | strict=-0.6700% | tails=-0.6684% | tail_usdt=0.00015700 | tails_map={USDT=0.00015700}
2026/04/10 08:58:58 [EXEC CMP] USDT→DOT→KCS | est=-0.5949% | ideal=-0.2961% | rounded=-0.3010% | strict=-0.6030% | tails=-0.6015% | tail_usdt=0.00015030 | tails_map={USDT=0.00015030}
2026/04/10 08:58:58 [EXEC CMP] USDT→DOT→KCS | est=-0.5949% | ideal=-0.2961% | rounded=-0.3010% | strict=-0.6030% | tails=-0.6015% | tail_usdt=0.00015030 | tails_map={USDT=0.00015030}
2026/04/10 08:58:58 [EXEC CMP] USDT→DOT→KCS | est=-0.5873% | ideal=-0.2884% | rounded=-0.2930% | strict=-0.5950% | tails=-0.5935% | tail_usdt=0.00014950 | tails_map={USDT=0.00014950}
2026/04/10 08:58:58 [EXEC CMP] USDT→DOT→KCS | est=-0.5873% | ideal=-0.2884% | rounded=-0.2930% | strict=-0.5950% | tails=-0.5935% | tail_usdt=0.00014950 | tails_map={USDT=0.00014950}
2026/04/10 08:58:58 [EXEC CMP] USDT→DOT→KCS | est=-0.6517% | ideal=-0.3531% | rounded=-0.3600% | strict=-0.6620% | tails=-0.6604% | tail_usdt=0.00015620 | tails_map={USDT=0.00015620}
2026/04/10 08:58:58 [EXEC CMP] USDT→DOT→KCS | est=-0.5873% | ideal=-0.2884% | rounded=-0.2930% | strict=-0.5950% | tails=-0.5935% | tail_usdt=0.00014950 | tails_map={USDT=0.00014950}
2026/04/10 08:58:58 [EXEC CMP] USDT→DOT→KCS | est=-0.5873% | ideal=-0.2884% | rounded=-0.2930% | strict=-0.5950% | tails=-0.5935% | tail_usdt=0.00014950 | tails_map={USDT=0.00014950}
2026/04/10 08:59:01 [EXEC CMP] USDT→LYX→ETH | est=-1.1878% | ideal=-0.8908% | rounded=-0.8919% | strict=-1.1906% | tails=-1.1896% | tail_usdt=0.00010017 | tails_map={USDT=0.00010017}
2026/04/10 08:59:01 [EXEC CMP] USDT→ETC→ETH | est=-0.3976% | ideal=-0.0982% | rounded=-0.1077% | strict=-0.4270% | tails=-0.4270% | tail_usdt=0.00000374 | tails_map={USDT=0.00000374}
2026/04/10 08:59:02 [EXEC CMP] USDT→ETC→ETH | est=-0.3976% | ideal=-0.0982% | rounded=-0.1077% | strict=-0.4270% | tails=-0.4270% | tail_usdt=0.00000374 | tails_map={USDT=0.00000374}
2026/04/10 08:59:05 [EXEC CMP] USDT→DOT→KCS | est=-0.8976% | ideal=-0.5997% | rounded=-0.6090% | strict=-0.9030% | tails=-0.9012% | tail_usdt=0.00018030 | tails_map={USDT=0.00018030}
2026/04/10 08:59:07 [EXEC CMP] USDT→DOT→KCS | est=-0.8741% | ideal=-0.5761% | rounded=-0.5860% | strict=-0.8790% | tails=-0.8772% | tail_usdt=0.00017790 | tails_map={USDT=0.00017790}
2026/04/10 08:59:09 [EXEC CMP] USDT→DOT→KCS | est=-0.8589% | ideal=-0.5609% | rounded=-0.5690% | strict=-0.8710% | tails=-0.8692% | tail_usdt=0.00017710 | tails_map={USDT=0.00017710}
2026/04/10 08:59:09 [EXEC CMP] USDT→XRP→KCS | est=-0.4920% | ideal=-0.1929% | rounded=-0.1970% | strict=-0.4990% | tails=-0.4980% | tail_usdt=0.00009890 | tails_map={USDT=0.00009890}
2026/04/10 08:59:10 [EXEC CMP] USDT→XRP→KCS | est=-0.5023% | ideal=-0.2032% | rounded=-0.2090% | strict=-0.5110% | tails=-0.5098% | tail_usdt=0.00011510 | tails_map={USDT=0.00011510}
2026/04/10 08:59:10 [EXEC CMP] USDT→DOT→KCS | est=-0.9966% | ideal=-0.6990% | rounded=-0.7050% | strict=-1.0070% | tails=-1.0051% | tail_usdt=0.00019070 | tails_map={USDT=0.00019070}
2026/04/10 08:59:11 [EXEC CMP] USDT→DOT→KCS | est=-0.9170% | ideal=-0.6192% | rounded=-0.6210% | strict=-0.9230% | tails=-0.9212% | tail_usdt=0.00018230 | tails_map={USDT=0.00018230}
2026/04/10 08:59:11 [EXEC CMP] USDT→DOT→KCS | est=-0.8374% | ideal=-0.5393% | rounded=-0.5450% | strict=-0.8470% | tails=-0.8453% | tail_usdt=0.00017470 | tails_map={USDT=0.00017470}
2026/04/10 08:59:11 [EXEC CMP] USDT→DOT→KCS | est=-0.8374% | ideal=-0.5393% | rounded=-0.5450% | strict=-0.8470% | tails=-0.8453% | tail_usdt=0.00017470 | tails_map={USDT=0.00017470}
2026/04/10 08:59:11 [EXEC CMP] USDT→DOT→KCS | est=-0.9662% | ideal=-0.6685% | rounded=-0.6710% | strict=-0.9730% | tails=-0.9711% | tail_usdt=0.00018730 | tails_map={USDT=0.00018730}
2026/04/10 08:59:11 [EXEC CMP] USDT→DOT→KCS | est=-0.9662% | ideal=-0.6685% | rounded=-0.6710% | strict=-0.9730% | tails=-0.9711% | tail_usdt=0.00018730 | tails_map={USDT=0.00018730}
2026/04/10 08:59:11 [EXEC CMP] USDT→DOT→KCS | est=-0.9434% | ideal=-0.6457% | rounded=-0.6460% | strict=-0.9480% | tails=-0.9462% | tail_usdt=0.00018480 | tails_map={USDT=0.00018480}
2026/04/10 08:59:11 [EXEC CMP] USDT→DOT→KCS | est=-0.9199% | ideal=-0.6220% | rounded=-0.6230% | strict=-0.9250% | tails=-0.9232% | tail_usdt=0.00018250 | tails_map={USDT=0.00018250}
2026/04/10 08:59:11 [EXEC CMP] USDT→DOT→KCS | est=-0.9199% | ideal=-0.6220% | rounded=-0.6230% | strict=-0.9250% | tails=-0.9232% | tail_usdt=0.00018250 | tails_map={USDT=0.00018250}
2026/04/10 08:59:11 [EXEC CMP] USDT→DOT→KCS | est=-0.9199% | ideal=-0.6220% | rounded=-0.6230% | strict=-0.9250% | tails=-0.9232% | tail_usdt=0.00018250 | tails_map={USDT=0.00018250}
2026/04/10 08:59:11 [EXEC CMP] USDT→DOT→KCS | est=-0.9427% | ideal=-0.6449% | rounded=-0.6480% | strict=-0.9500% | tails=-0.9482% | tail_usdt=0.00018500 | tails_map={USDT=0.00018500}
2026/04/10 08:59:12 [EXEC CMP] USDT→DOT→KCS | est=-0.8138% | ideal=-0.5157% | rounded=-0.5220% | strict=-0.8240% | tails=-0.8223% | tail_usdt=0.00017240 | tails_map={USDT=0.00017240}
2026/04/10 08:59:12 [EXEC CMP] USDT→DOT→KCS | est=-0.8138% | ideal=-0.5157% | rounded=-0.5220% | strict=-0.8240% | tails=-0.8223% | tail_usdt=0.00017240 | tails_map={USDT=0.00017240}
2026/04/10 08:59:13 [EXEC CMP] USDT→DOT→KCS | est=-0.9662% | ideal=-0.6685% | rounded=-0.6710% | strict=-0.9730% | tails=-0.9711% | tail_usdt=0.00018730 | tails_map={USDT=0.00018730}
2026/04/10 08:59:13 [EXEC CMP] USDT→DOT→KCS | est=-0.9814% | ideal=-0.6838% | rounded=-0.6880% | strict=-0.9900% | tails=-0.9881% | tail_usdt=0.00018900 | tails_map={USDT=0.00018900}
2026/04/10 08:59:13 [EXEC CMP] USDT→DOT→KCS | est=-0.9170% | ideal=-0.6192% | rounded=-0.6210% | strict=-0.9230% | tails=-0.9212% | tail_usdt=0.00018230 | tails_map={USDT=0.00018230}
2026/04/10 08:59:13 [EXEC CMP] USDT→DOT→KCS | est=-0.9094% | ideal=-0.6115% | rounded=-0.6210% | strict=-0.9150% | tails=-0.9132% | tail_usdt=0.00018150 | tails_map={USDT=0.00018150}
2026/04/10 08:59:14 [EXEC CMP] USDT→DOT→KCS | est=-0.7916% | ideal=-0.4934% | rounded=-0.5000% | strict=-0.8020% | tails=-0.8003% | tail_usdt=0.00017020 | tails_map={USDT=0.00017020}
2026/04/10 08:59:14 [EXEC CMP] USDT→DOT→KCS | est=-0.7916% | ideal=-0.4934% | rounded=-0.5000% | strict=-0.8020% | tails=-0.8003% | tail_usdt=0.00017020 | tails_map={USDT=0.00017020}
2026/04/10 08:59:14 [EXEC CMP] USDT→DOT→KCS | est=-0.7764% | ideal=-0.4781% | rounded=-0.4830% | strict=-0.7850% | tails=-0.7833% | tail_usdt=0.00016850 | tails_map={USDT=0.00016850}
2026/04/10 08:59:14 [EXEC CMP] USDT→DOT→KCS | est=-0.7646% | ideal=-0.4663% | rounded=-0.4710% | strict=-0.7730% | tails=-0.7713% | tail_usdt=0.00016730 | tails_map={USDT=0.00016730}
2026/04/10 08:59:14 [EXEC CMP] USDT→DOT→KCS | est=-0.8290% | ideal=-0.5309% | rounded=-0.5380% | strict=-0.8400% | tails=-0.8383% | tail_usdt=0.00017400 | tails_map={USDT=0.00017400}
2026/04/10 08:59:14 [EXEC CMP] USDT→DOT→KCS | est=-0.8526% | ideal=-0.5546% | rounded=-0.5620% | strict=-0.8640% | tails=-0.8622% | tail_usdt=0.00017640 | tails_map={USDT=0.00017640}
2026/04/10 08:59:14 [EXEC CMP] USDT→DOT→KCS | est=-0.8526% | ideal=-0.5546% | rounded=-0.5620% | strict=-0.8640% | tails=-0.8622% | tail_usdt=0.00017640 | tails_map={USDT=0.00017640}
2026/04/10 08:59:14 [EXEC CMP] USDT→DOT→KCS | est=-0.7882% | ideal=-0.4899% | rounded=-0.4950% | strict=-0.7970% | tails=-0.7953% | tail_usdt=0.00016970 | tails_map={USDT=0.00016970}
2026/04/10 08:59:17 [Main] shutting down...
2026/04/10 08:59:17 [KuCoin WS 0] read error: read tcp 192.168.1.66:33144->13.33.235.97:443: use of closed network connection
2026/04/10 08:59:17 [Main] exited
