2026/03/24 01:25:26 skip USDT->WBTC->BTC: no quote for leg=1 symbol=WBTC-USDT
2026/03/24 01:25:26 skip USDT->AVA->BTC: no quote for leg=1 symbol=AVA-USDT
2026/03/24 01:25:26 skip USDT->WBTC->BTC: no quote for leg=1 symbol=WBTC-USDT
2026/03/24 01:25:26 skip USDT->WIN->TRX: no quote for leg=1 symbol=WIN-USDT
2026/03/24 01:25:26 skip USDT->ETH->TRX: no quote for leg=1 symbol=ETH-USDT
2026/03/24 01:25:26 skip USDT->BTC->TRX: no quote for leg=1 symbol=BTC-USDT
2026/03/24 01:25:26 skip USDT->NFT->TRX: no quote for leg=1 symbol=NFT-USDT
2026/03/24 01:25:26 skip USDT->TRX->KLV: no quote for leg=2 symbol=KLV-TRX
2026/03/24 01:25:26 skip USDT->CRO->BTC: no quote for leg=1 symbol=CRO-USDT
2026/03/24 01:25:26 skip USDT->AVAX->BTC: no quote for leg=2 symbol=AVAX-BTC
2026/03/24 01:25:27 skip USDT->BTC->ADA: no quote for leg=1 symbol=BTC-USDT
2026/03/24 01:25:27 skip USDT->BTC->IOTA: no quote for leg=1 symbol=BTC-USDT
2026/03/24 01:25:27 skip USDT->ETH->VET: no quote for leg=1 symbol=ETH-USDT
2026/03/24 01:25:27 skip USDT->BTC->VET: no quote for leg=1 symbol=BTC-USDT
2026/03/24 01:25:27 skip USDT->XMR->ETH: no quote for leg=1 symbol=XMR-USDT
2026/03/24 01:25:27 skip USDT->TRAC->ETH: no quote for leg=2 symbol=TRAC-ETH
2026/03/24 01:25:27 skip USDT->TRAC->BTC: no quote for leg=2 symbol=TRAC-BTC
2026/03/24 01:25:28 skip USDT->BTC->KCS: no quote for leg=1 symbol=BTC-USDT
2026/03/24 01:25:28 skip USDT->BTC->BCH: no quote for leg=1 symbol=BTC-USDT
2026/03/24 01:25:28 skip USDT->POND->BTC: no quote for leg=2 symbol=POND-BTC
2026/03/24 01:25:28 skip USDT->DOGE->BTC: no quote for leg=1 symbol=DOGE-USDT
2026/03/24 01:25:28 skip USDT->BTC->BCH: no quote for leg=1 symbol=BTC-USDT
2026/03/24 01:25:28 skip USDT->ETH->LYX: no quote for leg=1 symbol=ETH-USDT
2026/03/24 01:25:28 skip USDT->BTC->ETC: no quote for leg=1 symbol=BTC-USDT
2026/03/24 01:25:28 skip USDT->TRAC->ETH: no quote for leg=2 symbol=TRAC-ETH
2026/03/24 01:25:28 skip USDT->TRAC->BTC: no quote for leg=2 symbol=TRAC-BTC
2026/03/24 01:25:28 skip USDT->ETH->BRL: no quote for leg=1 symbol=ETH-USDT
2026/03/24 01:25:28 skip USDT->BTC->BRL: no quote for leg=1 symbol=BTC-USDT
2026/03/24 01:25:28 skip USDT->BTC->LINK: no quote for leg=1 symbol=BTC-USDT
2026/03/24 01:25:28 skip USDT->BTC->BCH: no quote for leg=1 symbol=BTC-USDT
2026/03/24 01:25:28 skip USDT->ETH->BRL: no quote for leg=1 symbol=ETH-USDT
2026/03/24 01:25:28 skip USDT->BTC->BRL: no quote for leg=1 symbol=BTC-USDT
2026/03/24 01:25:28 skip USDT->KRL->BTC: no quote for leg=2 symbol=KRL-BTC
2026/03/24 01:25:28 skip USDT->BTC->XLM: no quote for leg=1 symbol=BTC-USDT
2026/03/24 01:25:28 skip USDT->ETH->MANA: no quote for leg=1 symbol=ETH-USDT
2026/03/24 01:25:28 skip USDT->CRO->BTC: no quote for leg=3 symbol=BTC-USDT
2026/03/24 01:25:28 skip USDT->WIN->BTC: no quote for leg=2 symbol=WIN-BTC
2026/03/24 01:25:28 skip USDT->WIN->TRX: no quote for leg=2 symbol=WIN-TRX
2026/03/24 01:25:28 skip USDT->ETH->BRL: no quote for leg=1 symbol=ETH-USDT
2026/03/24 01:25:28 skip USDT->BTC->BRL: no quote for leg=1 symbol=BTC-USDT
2026/03/24 01:25:28 skip USDT->ETH->FET: no quote for leg=1 symbol=ETH-USDT
2026/03/24 01:25:28 skip USDT->BTC->XYO: no quote for leg=1 symbol=BTC-USDT
2026/03/24 01:25:28 skip USDT->ETH->IOTX: no quote for leg=1 symbol=ETH-USDT
2026/03/24 01:25:28 skip USDT->BTC->IOTX: no quote for leg=1 symbol=BTC-USDT
2026/03/24 01:25:28 skip USDT->BTC->IOTX: no quote for leg=1 symbol=BTC-USDT
2026/03/24 01:25:28 skip USDT->BTC->XLM: no quote for leg=1 symbol=BTC-USDT
2026/03/24 01:25:28 skip USDT->DASH->BTC: no quote for leg=1 symbol=DASH-USDT
2026/03/24 01:25:28 skip USDT->BTC->TWT: no quote for leg=1 symbol=BTC-USDT
2026/03/24 01:25:28 skip USDT->RLC->BTC: no quote for leg=1 symbol=RLC-USDT
2026/03/24 01:25:28 skip USDT->ERG->BTC: no quote for leg=1 symbol=ERG-USDT
2026/03/24 01:25:28 skip USDT->OGN->BTC: no quote for leg=1 symbol=OGN-USDT
2026/03/24 01:25:28 skip USDT->ETH->BRL: no quote for leg=1 symbol=ETH-USDT
2026/03/24 01:25:28 skip USDT->BTC->BRL: no quote for leg=1 symbol=BTC-USDT
2026/03/24 01:25:28 skip USDT->EWT->BTC: no quote for leg=1 symbol=EWT-USDT
2026/03/24 01:25:28 skip USDT->IOST->ETH: no quote for leg=2 symbol=IOST-ETH
2026/03/24 01:25:28 skip USDT->ENJ->ETH: no quote for leg=1 symbol=ENJ-USDT
2026/03/24 01:25:28 skip USDT->ETH->MANA: no quote for leg=1 symbol=ETH-USDT
2026/03/24 01:25:28 skip USDT->ETH->XDC: no quote for leg=1 symbol=ETH-USDT
2026/03/24 01:25:28 skip USDT->BTC->XDC: no quote for leg=1 symbol=BTC-USDT
2026/03/24 01:25:28 skip USDT->SCRT->BTC: no quote for leg=2 symbol=SCRT-BTC
2026/03/24 01:25:28 skip USDT->ETH->CSPR: no quote for leg=1 symbol=ETH-USDT
2026/03/24 01:25:28 skip USDT->KRL->BTC: no quote for leg=2 symbol=KRL-BTC
2026/03/24 01:25:28 skip USDT->ETH->BRL: no quote for leg=1 symbol=ETH-USDT
2026/03/24 01:25:28 skip USDT->BTC->BRL: no quote for leg=1 symbol=BTC-USDT
2026/03/24 01:25:28 skip USDT->BTC->LINK: no quote for leg=1 symbol=BTC-USDT
2026/03/24 01:25:28 skip USDT->KRL->BTC: no quote for leg=2 symbol=KRL-BTC
2026/03/24 01:25:28 skip USDT->ETH->BRL: no quote for leg=1 symbol=ETH-USDT
2026/03/24 01:25:28 skip USDT->BTC->BRL: no quote for leg=1 symbol=BTC-USDT
2026/03/24 01:25:29 skip USDT->WIN->BTC: no quote for leg=2 symbol=WIN-BTC
2026/03/24 01:25:29 skip USDT->WIN->TRX: no quote for leg=2 symbol=WIN-TRX
2026/03/24 01:25:29 skip USDT->ETH->DAI: no quote for leg=1 symbol=ETH-USDT
2026/03/24 01:25:29 skip USDT->XTZ->BTC: no quote for leg=1 symbol=XTZ-USDT
2026/03/24 01:25:29 skip USDT->TRAC->ETH: no quote for leg=2 symbol=TRAC-ETH
2026/03/24 01:25:29 skip USDT->TRAC->BTC: no quote for leg=2 symbol=TRAC-BTC
2026/03/24 01:25:29 skip USDT->BTC->NEAR: no quote for leg=1 symbol=BTC-USDT
2026/03/24 01:25:29 skip USDT->BTC->XLM: no quote for leg=1 symbol=BTC-USDT
2026/03/24 01:25:29 skip USDT->ETH->DAI: no quote for leg=1 symbol=ETH-USDT
2026/03/24 01:25:29 skip USDT->BTC->DAI: no quote for leg=1 symbol=BTC-USDT
2026/03/24 01:25:29 skip USDT->ETH->BRL: no quote for leg=1 symbol=ETH-USDT
2026/03/24 01:25:29 skip USDT->BTC->BRL: no quote for leg=1 symbol=BTC-USDT
2026/03/24 01:25:29 skip USDT->BTC->IOTA: no quote for leg=1 symbol=BTC-USDT
2026/03/24 01:25:29 skip USDT->ETH->DAI: no quote for leg=1 symbol=ETH-USDT
2026/03/24 01:25:29 skip USDT->BTC->DAI: no quote for leg=1 symbol=BTC-USDT
2026/03/24 01:25:29 skip USDT->ETH->BRL: no quote for leg=1 symbol=ETH-USDT
2026/03/24 01:25:29 skip USDT->BTC->BRL: no quote for leg=1 symbol=BTC-USDT
2026/03/24 01:25:29 skip USDT->ETH->MANA: no quote for leg=1 symbol=ETH-USDT
2026/03/24 01:25:29 skip USDT->ETH->DAI: no quote for leg=1 symbol=ETH-USDT
2026/03/24 01:25:29 skip USDT->BTC->KLV: no quote for leg=1 symbol=BTC-USDT
2026/03/24 01:25:29 skip USDT->TRX->KLV: no quote for leg=2 symbol=KLV-TRX
2026/03/24 01:25:29 skip USDT->ETH->BRL: no quote for leg=1 symbol=ETH-USDT
2026/03/24 01:25:29 skip USDT->BTC->BRL: no quote for leg=1 symbol=BTC-USDT
2026/03/24 01:25:29 skip USDT->BTC->XLM: no quote for leg=1 symbol=BTC-USDT
2026/03/24 01:25:29 skip USDT->ETH->DAI: no quote for leg=1 symbol=ETH-USDT
2026/03/24 01:25:29 skip USDT->BTC->DAI: no quote for leg=1 symbol=BTC-USDT
2026/03/24 01:25:29 skip USDT->ETH->DAI: no quote for leg=1 symbol=ETH-USDT
2026/03/24 01:25:29 skip USDT->TRAC->ETH: no quote for leg=2 symbol=TRAC-ETH
2026/03/24 01:25:29 skip USDT->TRAC->BTC: no quote for leg=2 symbol=TRAC-BTC
2026/03/24 01:25:29 skip USDT->BTC->KLV: no quote for leg=1 symbol=BTC-USDT
2026/03/24 01:25:29 skip USDT->TRX->KLV: no quote for leg=2 symbol=KLV-TRX
2026/03/24 01:25:29 skip USDT->VSYS->BTC: no quote for leg=2 symbol=VSYS-BTC
2026/03/24 01:25:29 skip USDT->ETH->BRL: no quote for leg=1 symbol=ETH-USDT
2026/03/24 01:25:29 skip USDT->BTC->BRL: no quote for leg=1 symbol=BTC-USDT
2026/03/24 01:25:29 skip USDT->ETH->DAI: no quote for leg=1 symbol=ETH-USDT
2026/03/24 01:25:29 skip USDT->BTC->DAI: no quote for leg=1 symbol=BTC-USDT
2026/04/03 01:25:19 skip USDT->AVAX->BTC: no quote for leg=2 symbol=AVAX-BTC
2026/04/03 01:25:19 skip USDT->BTC->AAVE: no quote for leg=1 symbol=BTC-USDT
2026/04/03 01:25:19 skip USDT->BTC->LINK: no quote for leg=1 symbol=BTC-USDT
2026/04/03 01:25:19 skip USDT->BTC->AAVE: no quote for leg=1 symbol=BTC-USDT
2026/04/03 01:25:19 skip USDT->LTC->KCS: no quote for leg=1 symbol=LTC-USDT
2026/04/03 01:25:19 skip USDT->SOL->KCS: no quote for leg=1 symbol=SOL-USDT
2026/04/03 01:25:19 skip USDT->ETH->KCS: no quote for leg=1 symbol=ETH-USDT
2026/04/03 01:25:19 skip USDT->DOT->KCS: no quote for leg=1 symbol=DOT-USDT
2026/04/03 01:25:19 skip USDT->DOGE->KCS: no quote for leg=1 symbol=DOGE-USDT
2026/04/03 01:25:19 skip USDT->BTC->KCS: no quote for leg=1 symbol=BTC-USDT
2026/04/03 01:25:19 skip USDT->BNB->KCS: no quote for leg=1 symbol=BNB-USDT
2026/04/03 01:25:19 skip USDT->KCS->SUI: no quote for leg=2 symbol=SUI-KCS
2026/04/03 01:25:19 skip USDT->KCS->HYPE: no quote for leg=2 symbol=HYPE-KCS
2026/04/03 01:25:19 skip USDT->KCS->ADA: no quote for leg=2 symbol=ADA-KCS
2026/04/03 01:25:19 skip USDT->KCS->XRP: no quote for leg=2 symbol=XRP-KCS
2026/04/03 01:25:19 skip USDT->KCS->PEPE: no quote for leg=2 symbol=PEPE-KCS
2026/04/03 01:25:19 skip USDT->EUR->BTC: no quote for leg=1 symbol=USDT-EUR
2026/04/03 01:25:19 skip USDT->ETH->FET: no quote for leg=1 symbol=ETH-USDT
2026/04/03 01:25:19 skip USDT->EUR->BTC: no quote for leg=1 symbol=USDT-EUR
2026/04/03 01:25:19 skip USDT->LTC->KCS: no quote for leg=1 symbol=LTC-USDT
2026/04/03 01:25:19 skip USDT->EUR->BTC: no quote for leg=1 symbol=USDT-EUR
2026/04/03 01:25:19 skip USDT->BTC->DAI: no quote for leg=1 symbol=BTC-USDT
2026/04/03 01:25:20 skip USDT->BTC->DAI: no quote for leg=1 symbol=BTC-USDT
2026/04/03 01:25:20 skip USDT->BTC->BNB: no quote for leg=1 symbol=BTC-USDT
2026/04/03 01:25:20 skip USDT->BNB->KCS: no quote for leg=2 symbol=BNB-KCS
2026/04/03 01:25:20 skip USDT->EUR->BTC: no quote for leg=1 symbol=USDT-EUR
2026/04/03 01:25:20 skip USDT->EUR->BTC: no quote for leg=1 symbol=USDT-EUR
2026/04/03 01:25:20 skip USDT->BTC->BNB: no quote for leg=1 symbol=BTC-USDT
2026/04/03 01:25:20 skip USDT->BNB->KCS: no quote for leg=2 symbol=BNB-KCS
2026/04/03 01:25:20 skip USDT->BTC->BCH: no quote for leg=1 symbol=BTC-USDT
2026/04/03 01:25:20 skip USDT->EUR->BTC: no quote for leg=1 symbol=USDT-EUR
2026/04/03 01:25:20 skip USDT->ETH->FET: no quote for leg=1 symbol=ETH-USDT
2026/04/03 01:25:20 skip USDT->BTC->BNB: no quote for leg=1 symbol=BTC-USDT
2026/04/03 01:25:20 skip USDT->BNB->KCS: no quote for leg=2 symbol=BNB-KCS
2026/04/03 01:25:20 skip USDT->BTC->LINK: no quote for leg=1 symbol=BTC-USDT
2026/04/03 01:25:20 skip USDT->LTC->ETH: no quote for leg=1 symbol=LTC-USDT
2026/04/03 01:25:20 skip USDT->ETH->A: no quote for leg=1 symbol=ETH-USDT
2026/04/03 01:25:20 skip USDT->EUR->BTC: no quote for leg=1 symbol=USDT-EUR
2026/04/03 01:25:20 skip USDT->ETH->FET: no quote for leg=1 symbol=ETH-USDT
2026/04/03 01:25:20 skip USDT->BTC->BNB: no quote for leg=1 symbol=BTC-USDT
2026/04/03 01:25:20 skip USDT->BNB->KCS: no quote for leg=2 symbol=BNB-KCS
2026/04/03 01:25:20 skip USDT->EUR->BTC: no quote for leg=1 symbol=USDT-EUR
2026/04/03 01:25:20 skip USDT->BTC->BCH: no quote for leg=1 symbol=BTC-USDT
2026/04/03 01:25:20 skip USDT->BTC->BNB: no quote for leg=1 symbol=BTC-USDT
2026/04/03 01:25:20 skip USDT->BNB->KCS: no quote for leg=2 symbol=BNB-KCS
2026/04/03 01:25:20 skip USDT->ETH->IOTX: no quote for leg=1 symbol=ETH-USDT
2026/04/03 01:25:20 skip USDT->BTC->AAVE: no quote for leg=1 symbol=BTC-USDT
2026/04/03 01:25:20 skip USDT->EUR->BTC: no quote for leg=1 symbol=USDT-EUR
2026/04/03 01:25:20 skip USDT->BTC->BNB: no quote for leg=1 symbol=BTC-USDT
2026/04/03 01:25:20 skip USDT->BNB->KCS: no quote for leg=2 symbol=BNB-KCS
2026/04/03 01:25:20 skip USDT->BAX->ETH: no quote for leg=1 symbol=BAX-USDT
2026/04/03 01:25:20 skip USDT->BTC->TRX: no quote for leg=1 symbol=BTC-USDT
2026/04/03 01:25:20 skip USDT->ETH->VET: no quote for leg=1 symbol=ETH-USDT
2026/04/03 01:25:20 skip USDT->TEL->ETH: no quote for leg=2 symbol=TEL-ETH
2026/04/03 01:25:20 skip USDT->TEL->BTC: no quote for leg=2 symbol=TEL-BTC
2026/04/03 01:25:20 skip USDT->BTC->BCH: no quote for leg=1 symbol=BTC-USDT
2026/04/03 01:25:20 skip USDT->ETH->A: no quote for leg=1 symbol=ETH-USDT
2026/04/03 01:25:20 skip USDT->EUR->BTC: no quote for leg=1 symbol=USDT-EUR
2026/04/03 01:25:20 skip USDT->BTC->LINK: no quote for leg=1 symbol=BTC-USDT
2026/04/03 01:25:20 skip USDT->BTC->BNB: no quote for leg=1 symbol=BTC-USDT
2026/04/03 01:25:20 skip USDT->BNB->KCS: no quote for leg=2 symbol=BNB-KCS
2026/04/03 01:25:20 skip USDT->LTC->ETH: no quote for leg=1 symbol=LTC-USDT
2026/04/03 01:25:20 skip USDT->BTC->LINK: no quote for leg=1 symbol=BTC-USDT
2026/04/03 01:25:20 skip USDT->TEL->ETH: no quote for leg=2 symbol=TEL-ETH
2026/04/03 01:25:20 skip USDT->TEL->BTC: no quote for leg=2 symbol=TEL-BTC
2026/04/03 01:25:20 skip USDT->AVAX->BTC: no quote for leg=2 symbol=AVAX-BTC
2026/04/03 01:25:20 skip USDT->EUR->BTC: no quote for leg=1 symbol=USDT-EUR
2026/04/03 01:25:20 skip USDT->BTC->BNB: no quote for leg=1 symbol=BTC-USDT
2026/04/03 01:25:20 skip USDT->BNB->KCS: no quote for leg=2 symbol=BNB-KCS
2026/04/03 01:25:20 skip USDT->BAX->ETH: no quote for leg=1 symbol=BAX-USDT
2026/04/03 01:25:20 skip USDT->XMR->ETH: no quote for leg=1 symbol=XMR-USDT
2026/04/03 01:25:20 skip USDT->TEL->ETH: no quote for leg=2 symbol=TEL-ETH
2026/04/03 01:25:20 skip USDT->TEL->BTC: no quote for leg=2 symbol=TEL-BTC
2026/04/03 01:25:20 skip USDT->BTC->AAVE: no quote for leg=1 symbol=BTC-USDT
2026/04/03 01:25:20 skip USDT->EUR->BTC: no quote for leg=1 symbol=USDT-EUR
2026/04/03 01:25:20 skip USDT->BTC->BNB: no quote for leg=1 symbol=BTC-USDT
2026/04/03 01:25:20 skip USDT->BNB->KCS: no quote for leg=2 symbol=BNB-KCS
2026/04/03 01:25:20 skip USDT->LTC->ETH: no quote for leg=1 symbol=LTC-USDT
2026/04/03 01:25:20 skip USDT->INJ->BTC: no quote for leg=1 symbol=INJ-USDT
2026/04/03 01:25:20 skip USDT->LTC->BTC: no quote for leg=1 symbol=LTC-USDT
2026/04/03 01:25:20 skip USDT->BDX->BTC: no quote for leg=1 symbol=BDX-USDT
2026/04/03 01:25:20 skip USDT->BCHSV->BTC: no quote for leg=1 symbol=BCHSV-USDT
2026/04/03 01:25:20 skip USDT->WBTC->BTC: no quote for leg=1 symbol=WBTC-USDT
2026/04/03 01:25:20 skip USDT->AR->BTC: no quote for leg=1 symbol=AR-USDT
2026/04/03 01:25:20 skip USDT->XMR->BTC: no quote for leg=1 symbol=XMR-USDT
2026/04/03 01:25:20 skip USDT->BAX->BTC: no quote for leg=1 symbol=BAX-USDT
2026/04/03 01:25:20 skip USDT->CKB->BTC: no quote for leg=1 symbol=CKB-USDT
2026/04/03 01:25:20 skip USDT->COTI->BTC: no quote for leg=1 symbol=COTI-USDT
2026/04/03 01:25:20 skip USDT->TRAC->BTC: no quote for leg=1 symbol=TRAC-USDT
2026/04/03 01:25:20 skip USDT->CRO->BTC: no quote for leg=1 symbol=CRO-USDT
2026/04/03 01:25:20 skip USDT->HBAR->BTC: no quote for leg=1 symbol=HBAR-USDT
2026/04/03 01:25:20 skip USDT->ATOM->BTC: no quote for leg=1 symbol=ATOM-USDT
2026/04/03 01:25:20 skip USDT->AVA->BTC: no quote for leg=1 symbol=AVA-USDT
2026/04/03 01:25:20 skip USDT->NEO->BTC: no quote for leg=1 symbol=NEO-USDT
2026/04/03 01:25:20 skip USDT->DASH->BTC: no quote for leg=1 symbol=DASH-USDT
2026/04/03 01:25:20 skip USDT->EUR->BTC: no quote for leg=1 symbol=USDT-EUR
2026/04/03 01:25:20 skip USDT->RLC->BTC: no quote for leg=1 symbol=RLC-USDT
2026/04/03 01:25:20 skip USDT->KAS->BTC: no quote for leg=1 symbol=KAS-USDT
2026/04/03 01:25:20 skip USDT->ONT->BTC: no quote for leg=1 symbol=ONT-USDT
2026/04/03 01:25:20 skip USDT->TEL->BTC: no quote for leg=2 symbol=TEL-BTC
2026/04/03 01:25:20 skip USDT->KRL->BTC: no quote for leg=1 symbol=KRL-USDT
2026/04/03 01:25:20 skip USDT->WIN->BTC: no quote for leg=1 symbol=WIN-USDT
2026/04/03 01:25:20 skip USDT->SCRT->BTC: no quote for leg=1 symbol=SCRT-USDT
2026/04/03 01:25:20 skip USDT->EWT->BTC: no quote for leg=1 symbol=EWT-USDT
2026/04/03 01:25:20 skip USDT->ETH->BTC: no quote for leg=1 symbol=ETH-USDT
2026/04/03 01:25:20 skip USDT->OGN->BTC: no quote for leg=1 symbol=OGN-USDT
2026/04/03 01:25:20 skip USDT->DOT->BTC: no quote for leg=1 symbol=DOT-USDT
2026/04/03 01:25:20 skip USDT->DOGE->BTC: no quote for leg=1 symbol=DOGE-USDT
2026/04/03 01:25:20 skip USDT->ERG->BTC: no quote for leg=1 symbol=ERG-USDT
2026/04/03 01:25:20 skip USDT->POND->BTC: no quote for leg=1 symbol=POND-USDT
2026/04/03 01:25:20 skip USDT->KNC->BTC: no quote for leg=1 symbol=KNC-USDT
2026/04/03 01:25:20 skip USDT->VSYS->BTC: no quote for leg=1 symbol=VSYS-USDT
2026/04/03 01:25:20 skip USDT->STX->BTC: no quote for leg=1 symbol=STX-USDT
2026/04/03 01:25:20 skip USDT->XTZ->BTC: no quote for leg=1 symbol=XTZ-USDT
2026/04/03 01:25:20 skip USDT->AVAX->BTC: no quote for leg=2 symbol=AVAX-BTC
2026/04/03 01:25:20 skip USDT->RUNE->BTC: no quote for leg=1 symbol=RUNE-USDT
2026/04/03 01:25:20 skip USDT->BTC->ADA: no quote for leg=2 symbol=ADA-BTC
2026/04/03 01:25:20 skip USDT->BTC->ONE: no quote for leg=2 symbol=ONE-BTC
2026/04/03 01:25:20 skip USDT->BTC->AAVE: no quote for leg=2 symbol=AAVE-BTC
2026/04/03 01:25:20 skip USDT->BTC->BNB: no quote for leg=2 symbol=BNB-BTC
2026/04/03 01:25:20 skip USDT->BTC->NEAR: no quote for leg=2 symbol=NEAR-BTC
2026/04/03 01:25:20 skip USDT->BTC->MANTRA: no quote for leg=2 symbol=MANTRA-BTC
2026/04/03 01:25:20 skip USDT->BTC->XYO: no quote for leg=2 symbol=XYO-BTC
2026/04/03 01:25:20 skip USDT->BTC->BRL: no quote for leg=2 symbol=BTC-BRL
2026/04/03 01:25:20 skip USDT->BTC->EGLD: no quote for leg=2 symbol=EGLD-BTC
2026/04/03 01:25:20 skip USDT->BTC->CHZ: no quote for leg=2 symbol=CHZ-BTC
2026/04/03 01:25:20 skip USDT->BTC->DAI: no quote for leg=3 symbol=USDT-DAI
2026/04/03 01:25:20 skip USDT->BTC->A: no quote for leg=2 symbol=A-BTC
2026/04/03 01:25:20 skip USDT->BTC->PAXG: no quote for leg=2 symbol=PAXG-BTC
2026/04/03 01:25:20 skip USDT->BTC->RSR: no quote for leg=2 symbol=RSR-BTC
2026/04/03 01:25:20 skip USDT->BTC->ZEC: no quote for leg=2 symbol=ZEC-BTC
2026/04/03 01:25:20 skip USDT->BTC->IOTA: no quote for leg=2 symbol=IOTA-BTC
2026/04/03 01:25:20 skip USDT->BTC->WAVES: no quote for leg=2 symbol=WAVES-BTC
2026/04/03 01:25:20 skip USDT->BTC->ANKR: no quote for leg=2 symbol=ANKR-BTC
2026/04/03 01:25:20 skip USDT->BTC->SNX: no quote for leg=2 symbol=SNX-BTC
2026/04/03 01:25:20 skip USDT->BTC->XRP: no quote for leg=2 symbol=XRP-BTC
2026/04/03 01:25:20 skip USDT->BTC->FET: no quote for leg=2 symbol=FET-BTC
2026/04/03 01:25:20 skip USDT->BTC->XLM: no quote for leg=2 symbol=XLM-BTC
2026/04/03 01:25:20 skip USDT->BTC->XDC: no quote for leg=2 symbol=XDC-BTC
2026/04/03 01:25:20 skip USDT->BTC->KCS: no quote for leg=2 symbol=KCS-BTC
2026/04/03 01:25:20 skip USDT->BTC->TRX: no quote for leg=3 symbol=TRX-USDT
2026/04/03 01:25:20 skip USDT->BTC->KLV: no quote for leg=2 symbol=KLV-BTC
2026/04/03 01:25:20 skip USDT->BTC->ETC: no quote for leg=2 symbol=ETC-BTC
2026/04/03 01:25:20 skip USDT->BTC->VET: no quote for leg=2 symbol=VET-BTC
2026/04/03 01:25:20 skip USDT->BTC->ALGO: no quote for leg=2 symbol=ALGO-BTC
2026/04/03 01:25:20 skip USDT->BTC->BCH: no quote for leg=2 symbol=BCH-BTC
2026/04/03 01:25:20 skip USDT->BTC->ICP: no quote for leg=2 symbol=ICP-BTC
2026/04/03 01:25:20 skip USDT->BTC->IOTX: no quote for leg=2 symbol=IOTX-BTC
2026/04/03 01:25:20 skip USDT->BTC->WAN: no quote for leg=2 symbol=WAN-BTC
2026/04/03 01:25:20 skip USDT->BTC->TWT: no quote for leg=2 symbol=TWT-BTC
2026/04/03 01:25:21 skip USDT->TRAC->ETH: no quote for leg=2 symbol=TRAC-ETH
2026/04/03 01:25:21 skip USDT->TRAC->BTC: no quote for leg=2 symbol=TRAC-BTC
2026/04/03 01:25:21 skip USDT->BTC->DAI: no quote for leg=3 symbol=USDT-DAI
2026/04/03 01:25:21 skip USDT->EUR->BTC: no quote for leg=1 symbol=USDT-EUR
2026/04/03 01:25:21 skip USDT->BTC->BNB: no quote for leg=2 symbol=BNB-BTC
2026/04/03 01:25:21 skip USDT->BNB->KCS: no quote for leg=2 symbol=BNB-KCS
2026/04/03 01:25:21 skip USDT->ETH->VET: no quote for leg=1 symbol=ETH-USDT
2026/04/03 01:25:21 skip USDT->BTC->VET: no quote for leg=2 symbol=VET-BTC
2026/04/03 01:25:21 skip USDT->TEL->ETH: no quote for leg=2 symbol=TEL-ETH
2026/04/03 01:25:21 skip USDT->TEL->BTC: no quote for leg=2 symbol=TEL-BTC
2026/04/03 01:25:21 skip USDT->DOGE->SHIB: no quote for leg=1 symbol=DOGE-USDT
2026/04/03 01:25:21 skip USDT->BTC->DAI: no quote for leg=3 symbol=USDT-DAI
2026/04/03 01:25:21 skip USDT->LTC->KCS: no quote for leg=1 symbol=LTC-USDT
2026/04/03 01:25:21 skip USDT->SOL->KCS: no quote for leg=1 symbol=SOL-USDT
2026/04/03 01:25:21 skip USDT->ETH->KCS: no quote for leg=1 symbol=ETH-USDT
2026/04/03 01:25:21 skip USDT->DOT->KCS: no quote for leg=1 symbol=DOT-USDT
2026/04/03 01:25:21 skip USDT->DOGE->KCS: no quote for leg=1 symbol=DOGE-USDT
2026/04/03 01:25:21 skip USDT->BTC->KCS: no quote for leg=2 symbol=KCS-BTC
2026/04/03 01:25:21 skip USDT->BNB->KCS: no quote for leg=2 symbol=BNB-KCS
2026/04/03 01:25:21 skip USDT->KCS->SUI: no quote for leg=2 symbol=SUI-KCS
2026/04/03 01:25:21 skip USDT->KCS->HYPE: no quote for leg=2 symbol=HYPE-KCS
2026/04/03 01:25:21 skip USDT->KCS->ADA: no quote for leg=2 symbol=ADA-KCS
2026/04/03 01:25:21 skip USDT->KCS->XRP: no quote for leg=2 symbol=XRP-KCS
2026/04/03 01:25:21 skip USDT->KCS->PEPE: no quote for leg=2 symbol=PEPE-KCS
2026/04/03 01:25:21 skip USDT->EUR->BTC: no quote for leg=1 symbol=USDT-EUR
2026/04/03 01:25:21 skip USDT->ETH->FET: no quote for leg=1 symbol=ETH-USDT
2026/04/03 01:25:21 skip USDT->BTC->BNB: no quote for leg=2 symbol=BNB-BTC
2026/04/03 01:25:21 skip USDT->BNB->KCS: no quote for leg=2 symbol=BNB-KCS
2026/04/03 01:25:21 skip USDT->TEL->ETH: no quote for leg=2 symbol=TEL-ETH
2026/04/03 01:25:21 skip USDT->TEL->BTC: no quote for leg=2 symbol=TEL-BTC
2026/04/03 01:25:21 skip USDT->XMR->ETH: no quote for leg=1 symbol=XMR-USDT
2026/04/03 01:25:21 skip USDT->BAX->ETH: no quote for leg=1 symbol=BAX-USDT
2026/04/03 01:25:21 skip USDT->BTC->ALGO: no quote for leg=3 symbol=ALGO-USDT
2026/04/03 01:25:21 skip USDT->AVAX->BTC: no quote for leg=2 symbol=AVAX-BTC
2026/04/03 01:25:21 skip USDT->INJ->BTC: no quote for leg=1 symbol=INJ-USDT
2026/04/03 01:25:21 skip USDT->LTC->BTC: no quote for leg=1 symbol=LTC-USDT
2026/04/03 01:25:21 skip USDT->BDX->BTC: no quote for leg=1 symbol=BDX-USDT
2026/04/03 01:25:21 skip USDT->BCHSV->BTC: no quote for leg=1 symbol=BCHSV-USDT
2026/04/03 01:25:21 skip USDT->WBTC->BTC: no quote for leg=1 symbol=WBTC-USDT
2026/04/03 01:25:21 skip USDT->AR->BTC: no quote for leg=1 symbol=AR-USDT
2026/04/03 01:25:21 skip USDT->XMR->BTC: no quote for leg=1 symbol=XMR-USDT
2026/04/03 01:25:21 skip USDT->BAX->BTC: no quote for leg=1 symbol=BAX-USDT
2026/04/03 01:25:21 skip USDT->CKB->BTC: no quote for leg=1 symbol=CKB-USDT
2026/04/03 01:25:21 skip USDT->COTI->BTC: no quote for leg=1 symbol=COTI-USDT
2026/04/03 01:25:21 skip USDT->TRAC->BTC: no quote for leg=2 symbol=TRAC-BTC
2026/04/03 01:25:21 skip USDT->CRO->BTC: no quote for leg=1 symbol=CRO-USDT
2026/04/03 01:25:21 skip USDT->HBAR->BTC: no quote for leg=1 symbol=HBAR-USDT
2026/04/03 01:25:21 skip USDT->ATOM->BTC: no quote for leg=1 symbol=ATOM-USDT
2026/04/03 01:25:21 skip USDT->AVA->BTC: no quote for leg=1 symbol=AVA-USDT
2026/04/03 01:25:21 skip USDT->NEO->BTC: no quote for leg=1 symbol=NEO-USDT
2026/04/03 01:25:21 skip USDT->DASH->BTC: no quote for leg=1 symbol=DASH-USDT
2026/04/03 01:25:21 skip USDT->EUR->BTC: no quote for leg=1 symbol=USDT-EUR
2026/04/03 01:25:21 skip USDT->RLC->BTC: no quote for leg=1 symbol=RLC-USDT
2026/04/03 01:25:21 skip USDT->KAS->BTC: no quote for leg=1 symbol=KAS-USDT
2026/04/03 01:25:21 skip USDT->ONT->BTC: no quote for leg=1 symbol=ONT-USDT
2026/04/03 01:25:21 skip USDT->TEL->BTC: no quote for leg=2 symbol=TEL-BTC
2026/04/03 01:25:21 skip USDT->KRL->BTC: no quote for leg=1 symbol=KRL-USDT
2026/04/03 01:25:21 skip USDT->WIN->BTC: no quote for leg=1 symbol=WIN-USDT
2026/04/03 01:25:21 skip USDT->SCRT->BTC: no quote for leg=1 symbol=SCRT-USDT
2026/04/03 01:25:21 skip USDT->EWT->BTC: no quote for leg=1 symbol=EWT-USDT
2026/04/03 01:25:21 skip USDT->ETH->BTC: no quote for leg=1 symbol=ETH-USDT
2026/04/03 01:25:21 skip USDT->OGN->BTC: no quote for leg=1 symbol=OGN-USDT
2026/04/03 01:25:21 skip USDT->DOT->BTC: no quote for leg=1 symbol=DOT-USDT
2026/04/03 01:25:21 skip USDT->DOGE->BTC: no quote for leg=1 symbol=DOGE-USDT
2026/04/03 01:25:21 skip USDT->ERG->BTC: no quote for leg=1 symbol=ERG-USDT
2026/04/03 01:25:21 skip USDT->POND->BTC: no quote for leg=1 symbol=POND-USDT
2026/04/03 01:25:21 skip USDT->KNC->BTC: no quote for leg=1 symbol=KNC-USDT
2026/04/03 01:25:21 skip USDT->VSYS->BTC: no quote for leg=1 symbol=VSYS-USDT
2026/04/03 01:25:21 skip USDT->STX->BTC: no quote for leg=1 symbol=STX-USDT
2026/04/03 01:25:21 skip USDT->XTZ->BTC: no quote for leg=1 symbol=XTZ-USDT
2026/04/03 01:25:21 skip USDT->AVAX->BTC: no quote for leg=2 symbol=AVAX-BTC
2026/04/03 01:25:21 skip USDT->RUNE->BTC: no quote for leg=1 symbol=RUNE-USDT
2026/04/03 01:25:21 skip USDT->BTC->ADA: no quote for leg=2 symbol=ADA-BTC
2026/04/03 01:25:21 skip USDT->BTC->ONE: no quote for leg=2 symbol=ONE-BTC
2026/04/03 01:25:21 skip USDT->BTC->AAVE: no quote for leg=2 symbol=AAVE-BTC
2026/04/03 01:25:21 skip USDT->BTC->BNB: no quote for leg=2 symbol=BNB-BTC
2026/04/03 01:25:21 skip USDT->BTC->NEAR: no quote for leg=2 symbol=NEAR-BTC
2026/04/03 01:25:21 skip USDT->BTC->MANTRA: no quote for leg=2 symbol=MANTRA-BTC
2026/04/03 01:25:21 skip USDT->BTC->XYO: no quote for leg=2 symbol=XYO-BTC
2026/04/03 01:25:21 skip USDT->BTC->BRL: no quote for leg=2 symbol=BTC-BRL
2026/04/03 01:25:21 skip USDT->BTC->EGLD: no quote for leg=2 symbol=EGLD-BTC
2026/04/03 01:25:21 skip USDT->BTC->CHZ: no quote for leg=2 symbol=CHZ-BTC
2026/04/03 01:25:21 skip USDT->BTC->DAI: no quote for leg=3 symbol=USDT-DAI
2026/04/03 01:25:21 skip USDT->BTC->A: no quote for leg=2 symbol=A-BTC
2026/04/03 01:25:21 skip USDT->BTC->PAXG: no quote for leg=2 symbol=PAXG-BTC
2026/04/03 01:25:21 skip USDT->BTC->RSR: no quote for leg=2 symbol=RSR-BTC
2026/04/03 01:25:21 skip USDT->BTC->ZEC: no quote for leg=2 symbol=ZEC-BTC
2026/04/03 01:25:21 skip USDT->BTC->IOTA: no quote for leg=2 symbol=IOTA-BTC
2026/04/03 01:25:21 skip USDT->BTC->WAVES: no quote for leg=2 symbol=WAVES-BTC
2026/04/03 01:25:21 skip USDT->BTC->ANKR: no quote for leg=2 symbol=ANKR-BTC
2026/04/03 01:25:21 skip USDT->BTC->SNX: no quote for leg=2 symbol=SNX-BTC
2026/04/03 01:25:21 skip USDT->BTC->XRP: no quote for leg=2 symbol=XRP-BTC
2026/04/03 01:25:21 skip USDT->BTC->FET: no quote for leg=2 symbol=FET-BTC
2026/04/03 01:25:21 skip USDT->BTC->XLM: no quote for leg=2 symbol=XLM-BTC
2026/04/03 01:25:21 skip USDT->BTC->XDC: no quote for leg=2 symbol=XDC-BTC
2026/04/03 01:25:21 skip USDT->BTC->KCS: no quote for leg=2 symbol=KCS-BTC
2026/04/03 01:25:21 skip USDT->BTC->TRX: no quote for leg=3 symbol=TRX-USDT
2026/04/03 01:25:21 skip USDT->BTC->KLV: no quote for leg=2 symbol=KLV-BTC
2026/04/03 01:25:21 skip USDT->BTC->ETC: no quote for leg=2 symbol=ETC-BTC
2026/04/03 01:25:21 skip USDT->BTC->VET: no quote for leg=2 symbol=VET-BTC
2026/04/03 01:25:21 skip USDT->BTC->ALGO: no quote for leg=3 symbol=ALGO-USDT
2026/04/03 01:25:21 skip USDT->BTC->BCH: no quote for leg=2 symbol=BCH-BTC
2026/04/03 01:25:21 skip USDT->BTC->ICP: no quote for leg=2 symbol=ICP-BTC
2026/04/03 01:25:21 skip USDT->BTC->IOTX: no quote for leg=2 symbol=IOTX-BTC
2026/04/03 01:25:21 skip USDT->BTC->WAN: no quote for leg=2 symbol=WAN-BTC
2026/04/03 01:25:21 skip USDT->BTC->TWT: no quote for leg=2 symbol=TWT-BTC
2026/04/03 01:25:21 skip USDT->NEO->BTC: no quote for leg=1 symbol=NEO-USDT
2026/04/03 01:25:21 skip USDT->ONT->ETH: no quote for leg=2 symbol=ONT-ETH
2026/04/03 01:25:21 skip USDT->ONT->BTC: no quote for leg=2 symbol=ONT-BTC
2026/04/03 01:25:21 skip USDT->BTC->ICP: no quote for leg=3 symbol=ICP-USDT
2026/04/03 01:25:21 skip USDT->LTC->KCS: no quote for leg=1 symbol=LTC-USDT
2026/04/03 01:25:21 skip USDT->BTC->ONE: no quote for leg=2 symbol=ONE-BTC
2026/04/03 01:25:21 skip USDT->VSYS->BTC: no quote for leg=1 symbol=VSYS-USDT
2026/04/03 01:25:21 skip USDT->LTC->KCS: no quote for leg=1 symbol=LTC-USDT
2026/04/03 01:25:21 skip USDT->SOL->KCS: no quote for leg=1 symbol=SOL-USDT
2026/04/03 01:25:21 skip USDT->ETH->KCS: no quote for leg=1 symbol=ETH-USDT
2026/04/03 01:25:21 skip USDT->DOT->KCS: no quote for leg=1 symbol=DOT-USDT
2026/04/03 01:25:21 skip USDT->DOGE->KCS: no quote for leg=1 symbol=DOGE-USDT
2026/04/03 01:25:21 skip USDT->BTC->KCS: no quote for leg=2 symbol=KCS-BTC
2026/04/03 01:25:21 skip USDT->BNB->KCS: no quote for leg=2 symbol=BNB-KCS
2026/04/03 01:25:21 skip USDT->KCS->SUI: no quote for leg=2 symbol=SUI-KCS
2026/04/03 01:25:21 skip USDT->KCS->HYPE: no quote for leg=2 symbol=HYPE-KCS
2026/04/03 01:25:21 skip USDT->KCS->ADA: no quote for leg=2 symbol=ADA-KCS
2026/04/03 01:25:21 skip USDT->KCS->XRP: no quote for leg=2 symbol=XRP-KCS
2026/04/03 01:25:21 skip USDT->KCS->PEPE: no quote for leg=2 symbol=PEPE-KCS
2026/04/03 01:25:21 skip USDT->EUR->BTC: no quote for leg=1 symbol=USDT-EUR
2026/04/03 01:25:21 skip USDT->ETH->FET: no quote for leg=1 symbol=ETH-USDT
2026/04/03 01:25:21 skip USDT->RLC->BTC: no quote for leg=2 symbol=RLC-BTC
2026/04/03 01:25:21 skip USDT->BTC->BNB: no quote for leg=2 symbol=BNB-BTC
2026/04/03 01:25:21 skip USDT->BNB->KCS: no quote for leg=2 symbol=BNB-KCS
2026/04/03 01:25:21 skip USDT->TEL->ETH: no quote for leg=2 symbol=TEL-ETH
2026/04/03 01:25:21 skip USDT->TEL->BTC: no quote for leg=2 symbol=TEL-BTC
2026/04/03 01:25:21 skip USDT->BTC->ZEC: no quote for leg=3 symbol=ZEC-USDT
2026/04/03 01:25:21 skip USDT->DOGE->SHIB: no quote for leg=1 symbol=DOGE-USDT
2026/04/03 01:25:21 skip USDT->BTC->ONE: no quote for leg=2 symbol=ONE-BTC
2026/04/03 01:25:21 skip USDT->LTC->KCS: no quote for leg=1 symbol=LTC-USDT
2026/04/03 01:25:21 skip USDT->SOL->KCS: no quote for leg=1 symbol=SOL-USDT
2026/04/03 01:25:21 skip USDT->ETH->KCS: no quote for leg=1 symbol=ETH-USDT
2026/04/03 01:25:21 skip USDT->DOT->KCS: no quote for leg=1 symbol=DOT-USDT
2026/04/03 01:25:21 skip USDT->DOGE->KCS: no quote for leg=1 symbol=DOGE-USDT
2026/04/03 01:25:21 skip USDT->BTC->KCS: no quote for leg=2 symbol=KCS-BTC
2026/04/03 01:25:21 skip USDT->BNB->KCS: no quote for leg=2 symbol=BNB-KCS
2026/04/03 01:25:21 skip USDT->KCS->SUI: no quote for leg=2 symbol=SUI-KCS
2026/04/03 01:25:21 skip USDT->KCS->HYPE: no quote for leg=2 symbol=HYPE-KCS
2026/04/03 01:25:21 skip USDT->KCS->ADA: no quote for leg=2 symbol=ADA-KCS
2026/04/03 01:25:21 skip USDT->KCS->XRP: no quote for leg=2 symbol=XRP-KCS
2026/04/03 01:25:21 skip USDT->KCS->PEPE: no quote for leg=2 symbol=PEPE-KCS
2026/04/03 01:25:21 skip USDT->BTC->BNB: no quote for leg=2 symbol=BNB-BTC
2026/04/03 01:25:21 skip USDT->BNB->KCS: no quote for leg=2 symbol=BNB-KCS
2026/04/03 01:25:21 skip USDT->SOL->KCS: no quote for leg=2 symbol=SOL-KCS
2026/04/03 01:25:21 skip USDT->TEL->ETH: no quote for leg=2 symbol=TEL-ETH
2026/04/03 01:25:21 skip USDT->TEL->BTC: no quote for leg=2 symbol=TEL-BTC
2026/04/03 01:25:21 skip USDT->XMR->ETH: no quote for leg=1 symbol=XMR-USDT
2026/04/03 01:25:21 skip USDT->BTC->ZEC: no quote for leg=3 symbol=ZEC-USDT
2026/04/03 01:25:21 skip USDT->DOGE->SHIB: no quote for leg=1 symbol=DOGE-USDT
2026/04/03 01:25:21 skip USDT->BTC->ICP: no quote for leg=3 symbol=ICP-USDT
2026/04/03 01:25:21 skip USDT->BTC->BNB: no quote for leg=2 symbol=BNB-BTC
2026/04/03 01:25:21 skip USDT->BNB->KCS: no quote for leg=2 symbol=BNB-KCS
2026/04/03 01:25:21 skip USDT->TEL->ETH: no quote for leg=2 symbol=TEL-ETH
2026/04/03 01:25:21 skip USDT->TEL->BTC: no quote for leg=2 symbol=TEL-BTC
2026/04/03 01:25:21 skip USDT->BTC->ZEC: no quote for leg=3 symbol=ZEC-USDT
2026/04/03 01:25:21 skip USDT->DOGE->SHIB: no quote for leg=1 symbol=DOGE-USDT
2026/04/03 01:25:21 skip USDT->BTC->ONE: no quote for leg=2 symbol=ONE-BTC
2026/04/03 01:25:21 skip USDT->BTC->BNB: no quote for leg=2 symbol=BNB-BTC
2026/04/03 01:25:21 skip USDT->BNB->KCS: no quote for leg=2 symbol=BNB-KCS
2026/04/03 01:25:21 skip USDT->INJ->BTC: no quote for leg=1 symbol=INJ-USDT
2026/04/03 01:25:21 skip USDT->LTC->BTC: no quote for leg=1 symbol=LTC-USDT
2026/04/03 01:25:21 skip USDT->BDX->BTC: no quote for leg=1 symbol=BDX-USDT
2026/04/03 01:25:21 skip USDT->BCHSV->BTC: no quote for leg=1 symbol=BCHSV-USDT
2026/04/03 01:25:21 skip USDT->WBTC->BTC: no quote for leg=1 symbol=WBTC-USDT
2026/04/03 01:25:21 skip USDT->AR->BTC: no quote for leg=1 symbol=AR-USDT
2026/04/03 01:25:21 skip USDT->XMR->BTC: no quote for leg=1 symbol=XMR-USDT
2026/04/03 01:25:21 skip USDT->BAX->BTC: no quote for leg=1 symbol=BAX-USDT
2026/04/03 01:25:21 skip USDT->CKB->BTC: no quote for leg=1 symbol=CKB-USDT
2026/04/03 01:25:21 skip USDT->COTI->BTC: no quote for leg=1 symbol=COTI-USDT
2026/04/03 01:25:21 skip USDT->TRAC->BTC: no quote for leg=2 symbol=TRAC-BTC
2026/04/03 01:25:21 skip USDT->CRO->BTC: no quote for leg=1 symbol=CRO-USDT
2026/04/03 01:25:21 skip USDT->HBAR->BTC: no quote for leg=1 symbol=HBAR-USDT
2026/04/03 01:25:21 skip USDT->ATOM->BTC: no quote for leg=1 symbol=ATOM-USDT
2026/04/03 01:25:21 skip USDT->AVA->BTC: no quote for leg=1 symbol=AVA-USDT
2026/04/03 01:25:21 skip USDT->NEO->BTC: no quote for leg=1 symbol=NEO-USDT
2026/04/03 01:25:21 skip USDT->DASH->BTC: no quote for leg=1 symbol=DASH-USDT
2026/04/03 01:25:21 skip USDT->EUR->BTC: no quote for leg=1 symbol=USDT-EUR
2026/04/03 01:25:21 skip USDT->RLC->BTC: no quote for leg=2 symbol=RLC-BTC
2026/04/03 01:25:21 skip USDT->KAS->BTC: no quote for leg=1 symbol=KAS-USDT
2026/04/03 01:25:21 skip USDT->ONT->BTC: no quote for leg=2 symbol=ONT-BTC
2026/04/03 01:25:21 skip USDT->TEL->BTC: no quote for leg=2 symbol=TEL-BTC
2026/04/03 01:25:21 skip USDT->KRL->BTC: no quote for leg=1 symbol=KRL-USDT
2026/04/03 01:25:21 skip USDT->WIN->BTC: no quote for leg=1 symbol=WIN-USDT
2026/04/03 01:25:21 skip USDT->SCRT->BTC: no quote for leg=1 symbol=SCRT-USDT
2026/04/03 01:25:21 skip USDT->EWT->BTC: no quote for leg=1 symbol=EWT-USDT
2026/04/03 01:25:21 skip USDT->ETH->BTC: no quote for leg=1 symbol=ETH-USDT
2026/04/03 01:25:21 skip USDT->OGN->BTC: no quote for leg=1 symbol=OGN-USDT
2026/04/03 01:25:21 skip USDT->DOT->BTC: no quote for leg=1 symbol=DOT-USDT
2026/04/03 01:25:21 skip USDT->DOGE->BTC: no quote for leg=1 symbol=DOGE-USDT
2026/04/03 01:25:21 skip USDT->ERG->BTC: no quote for leg=1 symbol=ERG-USDT
2026/04/03 01:25:21 skip USDT->POND->BTC: no quote for leg=1 symbol=POND-USDT
2026/04/03 01:25:21 skip USDT->KNC->BTC: no quote for leg=1 symbol=KNC-USDT
2026/04/03 01:25:21 skip USDT->VSYS->BTC: no quote for leg=1 symbol=VSYS-USDT
2026/04/03 01:25:21 skip USDT->STX->BTC: no quote for leg=1 symbol=STX-USDT
2026/04/03 01:25:21 skip USDT->XTZ->BTC: no quote for leg=1 symbol=XTZ-USDT
2026/04/03 01:25:21 skip USDT->AVAX->BTC: no quote for leg=2 symbol=AVAX-BTC
2026/04/03 01:25:21 skip USDT->RUNE->BTC: no quote for leg=1 symbol=RUNE-USDT
2026/04/03 01:25:21 skip USDT->BTC->ADA: no quote for leg=2 symbol=ADA-BTC
2026/04/03 01:25:21 skip USDT->BTC->ONE: no quote for leg=2 symbol=ONE-BTC
2026/04/03 01:25:21 skip USDT->BTC->AAVE: no quote for leg=2 symbol=AAVE-BTC
2026/04/03 01:25:21 skip USDT->BTC->BNB: no quote for leg=2 symbol=BNB-BTC
2026/04/03 01:25:21 skip USDT->BTC->NEAR: no quote for leg=2 symbol=NEAR-BTC
2026/04/03 01:25:21 skip USDT->BTC->MANTRA: no quote for leg=2 symbol=MANTRA-BTC
2026/04/03 01:25:21 skip USDT->BTC->XYO: no quote for leg=2 symbol=XYO-BTC
2026/04/03 01:25:21 skip USDT->BTC->BRL: no quote for leg=2 symbol=BTC-BRL
2026/04/03 01:25:21 skip USDT->BTC->EGLD: no quote for leg=2 symbol=EGLD-BTC
2026/04/03 01:25:21 skip USDT->BTC->CHZ: no quote for leg=2 symbol=CHZ-BTC
2026/04/03 01:25:21 skip USDT->BTC->DAI: no quote for leg=3 symbol=USDT-DAI
2026/04/03 01:25:21 skip USDT->BTC->A: no quote for leg=2 symbol=A-BTC
2026/04/03 01:25:21 skip USDT->BTC->PAXG: no quote for leg=2 symbol=PAXG-BTC
2026/04/03 01:25:21 skip USDT->BTC->RSR: no quote for leg=2 symbol=RSR-BTC
2026/04/03 01:25:21 skip USDT->BTC->ZEC: no quote for leg=3 symbol=ZEC-USDT
2026/04/03 01:25:21 skip USDT->BTC->IOTA: no quote for leg=2 symbol=IOTA-BTC
2026/04/03 01:25:21 skip USDT->BTC->WAVES: no quote for leg=2 symbol=WAVES-BTC
2026/04/03 01:25:21 skip USDT->BTC->ANKR: no quote for leg=2 symbol=ANKR-BTC
2026/04/03 01:25:21 skip USDT->BTC->SNX: no quote for leg=2 symbol=SNX-BTC
2026/04/03 01:25:21 skip USDT->BTC->XRP: no quote for leg=2 symbol=XRP-BTC
2026/04/03 01:25:21 skip USDT->BTC->FET: no quote for leg=2 symbol=FET-BTC
2026/04/03 01:25:21 skip USDT->BTC->XLM: no quote for leg=2 symbol=XLM-BTC
2026/04/03 01:25:21 skip USDT->BTC->XDC: no quote for leg=2 symbol=XDC-BTC
2026/04/03 01:25:21 skip USDT->BTC->KCS: no quote for leg=2 symbol=KCS-BTC
2026/04/03 01:25:21 skip USDT->BTC->TRX: no quote for leg=3 symbol=TRX-USDT
2026/04/03 01:25:21 skip USDT->BTC->KLV: no quote for leg=2 symbol=KLV-BTC
2026/04/03 01:25:21 skip USDT->BTC->ETC: no quote for leg=2 symbol=ETC-BTC
2026/04/03 01:25:21 skip USDT->BTC->VET: no quote for leg=2 symbol=VET-BTC
2026/04/03 01:25:21 skip USDT->BTC->ALGO: no quote for leg=3 symbol=ALGO-USDT
2026/04/03 01:25:21 skip USDT->BTC->BCH: no quote for leg=2 symbol=BCH-BTC
2026/04/03 01:25:21 skip USDT->BTC->ICP: no quote for leg=3 symbol=ICP-USDT
2026/04/03 01:25:21 skip USDT->BTC->IOTX: no quote for leg=2 symbol=IOTX-BTC
2026/04/03 01:25:21 skip USDT->BTC->WAN: no quote for leg=2 symbol=WAN-BTC
2026/04/03 01:25:21 skip USDT->BTC->TWT: no quote for leg=2 symbol=TWT-BTC
2026/04/03 01:25:21 skip USDT->AVAX->BTC: no quote for leg=2 symbol=AVAX-BTC
2026/04/03 01:25:21 skip USDT->TEL->ETH: no quote for leg=2 symbol=TEL-ETH
2026/04/03 01:25:21 skip USDT->TEL->BTC: no quote for leg=2 symbol=TEL-BTC
2026/04/03 01:25:21 skip USDT->BTC->ADA: no quote for leg=2 symbol=ADA-BTC
2026/04/03 01:25:21 skip USDT->KCS->ADA: no quote for leg=2 symbol=ADA-KCS
2026/04/03 01:25:21 skip USDT->TRX->KLV: no quote for leg=1 symbol=TRX-USDT
2026/04/03 01:25:21 skip USDT->BTC->A: no quote for leg=3 symbol=A-USDT
2026/04/03 01:25:21 skip USDT->BTC->ZEC: no quote for leg=3 symbol=ZEC-USDT
2026/04/03 01:25:21 skip USDT->LTC->KCS: no quote for leg=1 symbol=LTC-USDT
2026/04/03 01:25:21 skip USDT->SOL->KCS: no quote for leg=2 symbol=SOL-KCS
2026/04/03 01:25:21 skip USDT->ETH->KCS: no quote for leg=1 symbol=ETH-USDT
2026/04/03 01:25:21 skip USDT->DOT->KCS: no quote for leg=1 symbol=DOT-USDT
2026/04/03 01:25:21 skip USDT->DOGE->KCS: no quote for leg=1 symbol=DOGE-USDT
2026/04/03 01:25:21 skip USDT->BTC->KCS: no quote for leg=2 symbol=KCS-BTC
2026/04/03 01:25:21 skip USDT->BNB->KCS: no quote for leg=2 symbol=BNB-KCS
2026/04/03 01:25:21 skip USDT->KCS->SUI: no quote for leg=2 symbol=SUI-KCS
2026/04/03 01:25:21 skip USDT->KCS->HYPE: no quote for leg=2 symbol=HYPE-KCS
2026/04/03 01:25:21 skip USDT->KCS->ADA: no quote for leg=2 symbol=ADA-KCS
2026/04/03 01:25:21 skip USDT->KCS->XRP: no quote for leg=2 symbol=XRP-KCS
2026/04/03 01:25:21 skip USDT->KCS->PEPE: no quote for leg=2 symbol=PEPE-KCS
2026/04/03 01:25:21 skip USDT->EUR->BTC: no quote for leg=1 symbol=USDT-EUR
2026/04/03 01:25:21 skip USDT->STX->BTC: no quote for leg=2 symbol=STX-BTC
2026/04/03 01:25:21 skip USDT->BTC->ICP: no quote for leg=3 symbol=ICP-USDT
2026/04/03 01:25:21 skip USDT->DOGE->SHIB: no quote for leg=1 symbol=DOGE-USDT
2026/04/03 01:25:21 skip USDT->BAX->ETH: no quote for leg=1 symbol=BAX-USDT
2026/04/03 01:25:21 skip USDT->BTC->CHZ: no quote for leg=3 symbol=CHZ-USDT
2026/04/03 01:25:21 skip USDT->BTC->BNB: no quote for leg=2 symbol=BNB-BTC
2026/04/03 01:25:21 skip USDT->BNB->KCS: no quote for leg=2 symbol=BNB-KCS
2026/04/03 01:25:21 skip USDT->INJ->BTC: no quote for leg=1 symbol=INJ-USDT
2026/04/03 01:25:21 skip USDT->LTC->BTC: no quote for leg=1 symbol=LTC-USDT
2026/04/03 01:25:21 skip USDT->BDX->BTC: no quote for leg=1 symbol=BDX-USDT
2026/04/03 01:25:21 skip USDT->BCHSV->BTC: no quote for leg=1 symbol=BCHSV-USDT
2026/04/03 01:25:21 skip USDT->WBTC->BTC: no quote for leg=1 symbol=WBTC-USDT
2026/04/03 01:25:21 skip USDT->AR->BTC: no quote for leg=1 symbol=AR-USDT
2026/04/03 01:25:21 skip USDT->XMR->BTC: no quote for leg=1 symbol=XMR-USDT
2026/04/03 01:25:21 skip USDT->BAX->BTC: no quote for leg=1 symbol=BAX-USDT
2026/04/03 01:25:21 skip USDT->CKB->BTC: no quote for leg=1 symbol=CKB-USDT
2026/04/03 01:25:21 skip USDT->COTI->BTC: no quote for leg=1 symbol=COTI-USDT
2026/04/03 01:25:21 skip USDT->TRAC->BTC: no quote for leg=2 symbol=TRAC-BTC
2026/04/03 01:25:21 skip USDT->CRO->BTC: no quote for leg=1 symbol=CRO-USDT
2026/04/03 01:25:21 skip USDT->HBAR->BTC: no quote for leg=1 symbol=HBAR-USDT
2026/04/03 01:25:21 skip USDT->ATOM->BTC: no quote for leg=1 symbol=ATOM-USDT
2026/04/03 01:25:21 skip USDT->AVA->BTC: no quote for leg=1 symbol=AVA-USDT
2026/04/03 01:25:21 skip USDT->NEO->BTC: no quote for leg=1 symbol=NEO-USDT
2026/04/03 01:25:21 skip USDT->DASH->BTC: no quote for leg=1 symbol=DASH-USDT
2026/04/03 01:25:21 skip USDT->EUR->BTC: no quote for leg=1 symbol=USDT-EUR
2026/04/03 01:25:21 skip USDT->RLC->BTC: no quote for leg=2 symbol=RLC-BTC
2026/04/03 01:25:21 skip USDT->KAS->BTC: no quote for leg=1 symbol=KAS-USDT
2026/04/03 01:25:21 skip USDT->ONT->BTC: no quote for leg=2 symbol=ONT-BTC
2026/04/03 01:25:21 skip USDT->TEL->BTC: no quote for leg=2 symbol=TEL-BTC
2026/04/03 01:25:21 skip USDT->KRL->BTC: no quote for leg=1 symbol=KRL-USDT
2026/04/03 01:25:21 skip USDT->WIN->BTC: no quote for leg=1 symbol=WIN-USDT
2026/04/03 01:25:21 skip USDT->SCRT->BTC: no quote for leg=1 symbol=SCRT-USDT
2026/04/03 01:25:21 skip USDT->EWT->BTC: no quote for leg=1 symbol=EWT-USDT
2026/04/03 01:25:21 skip USDT->ETH->BTC: no quote for leg=1 symbol=ETH-USDT
2026/04/03 01:25:21 skip USDT->OGN->BTC: no quote for leg=1 symbol=OGN-USDT
2026/04/03 01:25:21 skip USDT->DOT->BTC: no quote for leg=1 symbol=DOT-USDT
2026/04/03 01:25:21 skip USDT->DOGE->BTC: no quote for leg=1 symbol=DOGE-USDT
2026/04/03 01:25:21 skip USDT->ERG->BTC: no quote for leg=1 symbol=ERG-USDT
2026/04/03 01:25:21 skip USDT->POND->BTC: no quote for leg=1 symbol=POND-USDT
2026/04/03 01:25:21 skip USDT->KNC->BTC: no quote for leg=1 symbol=KNC-USDT
2026/04/03 01:25:21 skip USDT->VSYS->BTC: no quote for leg=1 symbol=VSYS-USDT
2026/04/03 01:25:21 skip USDT->STX->BTC: no quote for leg=2 symbol=STX-BTC
2026/04/03 01:25:21 skip USDT->XTZ->BTC: no quote for leg=1 symbol=XTZ-USDT
2026/04/03 01:25:21 skip USDT->AVAX->BTC: no quote for leg=2 symbol=AVAX-BTC
2026/04/03 01:25:21 skip USDT->RUNE->BTC: no quote for leg=1 symbol=RUNE-USDT
2026/04/03 01:25:21 skip USDT->BTC->ADA: no quote for leg=2 symbol=ADA-BTC
2026/04/03 01:25:21 skip USDT->BTC->ONE: no quote for leg=2 symbol=ONE-BTC
2026/04/03 01:25:21 skip USDT->BTC->AAVE: no quote for leg=2 symbol=AAVE-BTC
2026/04/03 01:25:21 skip USDT->BTC->BNB: no quote for leg=2 symbol=BNB-BTC
2026/04/03 01:25:21 skip USDT->BTC->NEAR: no quote for leg=2 symbol=NEAR-BTC
2026/04/03 01:25:21 skip USDT->BTC->MANTRA: no quote for leg=2 symbol=MANTRA-BTC
2026/04/03 01:25:21 skip USDT->BTC->XYO: no quote for leg=2 symbol=XYO-BTC
2026/04/03 01:25:21 skip USDT->BTC->BRL: no quote for leg=2 symbol=BTC-BRL
2026/04/03 01:25:21 skip USDT->BTC->EGLD: no quote for leg=2 symbol=EGLD-BTC
2026/04/03 01:25:21 skip USDT->BTC->CHZ: no quote for leg=3 symbol=CHZ-USDT
2026/04/03 01:25:21 skip USDT->BTC->DAI: no quote for leg=3 symbol=USDT-DAI
2026/04/03 01:25:21 skip USDT->BTC->A: no quote for leg=3 symbol=A-USDT
2026/04/03 01:25:21 skip USDT->BTC->PAXG: no quote for leg=2 symbol=PAXG-BTC
2026/04/03 01:25:21 skip USDT->BTC->RSR: no quote for leg=2 symbol=RSR-BTC
2026/04/03 01:25:21 skip USDT->BTC->ZEC: no quote for leg=3 symbol=ZEC-USDT
2026/04/03 01:25:21 skip USDT->BTC->IOTA: no quote for leg=2 symbol=IOTA-BTC
2026/04/03 01:25:21 skip USDT->BTC->WAVES: no quote for leg=2 symbol=WAVES-BTC
2026/04/03 01:25:21 skip USDT->BTC->ANKR: no quote for leg=2 symbol=ANKR-BTC
2026/04/03 01:25:21 skip USDT->BTC->SNX: no quote for leg=2 symbol=SNX-BTC
2026/04/03 01:25:21 skip USDT->BTC->XRP: no quote for leg=2 symbol=XRP-BTC
2026/04/03 01:25:21 skip USDT->BTC->FET: no quote for leg=2 symbol=FET-BTC
2026/04/03 01:25:21 skip USDT->BTC->XLM: no quote for leg=2 symbol=XLM-BTC
2026/04/03 01:25:21 skip USDT->BTC->XDC: no quote for leg=2 symbol=XDC-BTC
2026/04/03 01:25:21 skip USDT->BTC->KCS: no quote for leg=2 symbol=KCS-BTC
2026/04/03 01:25:21 skip USDT->BTC->TRX: no quote for leg=3 symbol=TRX-USDT
2026/04/03 01:25:21 skip USDT->BTC->KLV: no quote for leg=2 symbol=KLV-BTC
2026/04/03 01:25:21 skip USDT->BTC->ETC: no quote for leg=2 symbol=ETC-BTC
2026/04/03 01:25:21 skip USDT->BTC->VET: no quote for leg=2 symbol=VET-BTC
2026/04/03 01:25:21 skip USDT->BTC->ALGO: no quote for leg=3 symbol=ALGO-USDT
2026/04/03 01:25:21 skip USDT->BTC->BCH: no quote for leg=2 symbol=BCH-BTC
2026/04/03 01:25:21 skip USDT->BTC->ICP: no quote for leg=3 symbol=ICP-USDT
2026/04/03 01:25:21 skip USDT->BTC->IOTX: no quote for leg=2 symbol=IOTX-BTC
2026/04/03 01:25:21 skip USDT->BTC->WAN: no quote for leg=2 symbol=WAN-BTC
2026/04/03 01:25:21 skip USDT->BTC->TWT: no quote for leg=2 symbol=TWT-BTC
2026/04/03 01:25:21 skip USDT->BCHSV->BTC: no quote for leg=1 symbol=BCHSV-USDT
2026/04/03 01:25:21 skip USDT->NEO->BTC: no quote for leg=1 symbol=NEO-USDT
2026/04/03 01:25:21 skip USDT->AVAX->BTC: no quote for leg=2 symbol=AVAX-BTC
2026/04/03 01:25:21 skip USDT->TEL->ETH: no quote for leg=2 symbol=TEL-ETH
2026/04/03 01:25:21 skip USDT->TEL->BTC: no quote for leg=2 symbol=TEL-BTC
2026/04/03 01:25:21 skip USDT->BTC->ICP: no quote for leg=3 symbol=ICP-USDT
2026/04/03 01:25:21 skip USDT->STX->BTC: no quote for leg=2 symbol=STX-BTC
2026/04/03 01:25:21 skip USDT->LTC->KCS: no quote for leg=1 symbol=LTC-USDT
2026/04/03 01:25:21 skip USDT->SOL->KCS: no quote for leg=2 symbol=SOL-KCS
2026/04/03 01:25:21 skip USDT->ETH->KCS: no quote for leg=1 symbol=ETH-USDT
2026/04/03 01:25:21 skip USDT->DOT->KCS: no quote for leg=1 symbol=DOT-USDT
2026/04/03 01:25:21 skip USDT->DOGE->KCS: no quote for leg=1 symbol=DOGE-USDT
2026/04/03 01:25:21 skip USDT->BTC->KCS: no quote for leg=2 symbol=KCS-BTC
2026/04/03 01:25:21 skip USDT->BNB->KCS: no quote for leg=2 symbol=BNB-KCS
2026/04/03 01:25:21 skip USDT->KCS->SUI: no quote for leg=2 symbol=SUI-KCS
2026/04/03 01:25:21 skip USDT->KCS->HYPE: no quote for leg=2 symbol=HYPE-KCS
2026/04/03 01:25:21 skip USDT->KCS->ADA: no quote for leg=2 symbol=ADA-KCS
2026/04/03 01:25:21 skip USDT->KCS->XRP: no quote for leg=2 symbol=XRP-KCS
2026/04/03 01:25:21 skip USDT->KCS->PEPE: no quote for leg=2 symbol=PEPE-KCS
2026/04/03 01:25:21 skip USDT->EUR->BTC: no quote for leg=1 symbol=USDT-EUR
2026/04/03 01:25:21 skip USDT->BTC->ALGO: no quote for leg=3 symbol=ALGO-USDT
2026/04/03 01:25:21 skip USDT->XMR->ETH: no quote for leg=1 symbol=XMR-USDT
2026/04/03 01:25:21 skip USDT->BAX->ETH: no quote for leg=1 symbol=BAX-USDT
2026/04/03 01:25:21 skip USDT->BTC->BNB: no quote for leg=2 symbol=BNB-BTC
2026/04/03 01:25:21 skip USDT->BNB->KCS: no quote for leg=2 symbol=BNB-KCS
2026/04/03 01:25:21 skip USDT->TEL->ETH: no quote for leg=2 symbol=TEL-ETH
2026/04/03 01:25:21 skip USDT->TEL->BTC: no quote for leg=2 symbol=TEL-BTC
2026/04/03 01:25:21 skip USDT->KCS->HYPE: no quote for leg=2 symbol=HYPE-KCS
2026/04/03 01:25:21 skip USDT->ETH->FET: no quote for leg=1 symbol=ETH-USDT
2026/04/03 01:25:21 skip USDT->BTC->DAI: no quote for leg=3 symbol=USDT-DAI
2026/04/03 01:25:21 skip USDT->BTC->ICP: no quote for leg=3 symbol=ICP-USDT
2026/04/03 01:25:21 skip USDT->LTC->KCS: no quote for leg=1 symbol=LTC-USDT
2026/04/03 01:25:21 skip USDT->EUR->BTC: no quote for leg=1 symbol=USDT-EUR
2026/04/03 01:25:21 skip USDT->BTC->BNB: no quote for leg=2 symbol=BNB-BTC
2026/04/03 01:25:21 skip USDT->BNB->KCS: no quote for leg=2 symbol=BNB-KCS
2026/04/03 01:25:21 skip USDT->TEL->ETH: no quote for leg=2 symbol=TEL-ETH
2026/04/03 01:25:21 skip USDT->TEL->BTC: no quote for leg=2 symbol=TEL-BTC
2026/04/03 01:25:21 skip USDT->KCS->HYPE: no quote for leg=2 symbol=HYPE-KCS
2026/04/03 01:25:21 skip USDT->ETH->FET: no quote for leg=1 symbol=ETH-USDT
2026/04/03 01:25:21 skip USDT->BTC->ZEC: no quote for leg=3 symbol=ZEC-USDT
2026/04/03 01:25:21 skip USDT->BTC->ICP: no quote for leg=3 symbol=ICP-USDT
2026/04/03 01:25:22 skip USDT->BTC->DAI: no quote for leg=3 symbol=USDT-DAI
2026/04/03 01:25:22 skip USDT->BTC->AAVE: no quote for leg=2 symbol=AAVE-BTC
2026/04/03 01:25:22 skip USDT->BTC->ZEC: no quote for leg=3 symbol=ZEC-USDT
2026/04/03 01:25:22 skip USDT->DOGE->SHIB: no quote for leg=1 symbol=DOGE-USDT
2026/04/03 01:25:22 skip USDT->EUR->BTC: no quote for leg=1 symbol=USDT-EUR
2026/04/03 01:25:22 skip USDT->KCS->PEPE: no quote for leg=2 symbol=PEPE-KCS
2026/04/03 01:25:22 skip USDT->EUR->ETH: no quote for leg=1 symbol=USDT-EUR
2026/04/03 01:25:22 skip USDT->NEO->BTC: no quote for leg=1 symbol=NEO-USDT
2026/04/03 01:25:22 skip USDT->ETH->ETC: no quote for leg=1 symbol=ETH-USDT
2026/04/03 01:25:22 skip USDT->BTC->ETC: no quote for leg=2 symbol=ETC-BTC
2026/04/03 01:25:22 skip USDT->EUR->BTC: no quote for leg=1 symbol=USDT-EUR
2026/04/03 01:25:22 skip USDT->BTC->AAVE: no quote for leg=2 symbol=AAVE-BTC
2026/04/03 01:25:22 skip USDT->ETH->ETC: no quote for leg=1 symbol=ETH-USDT
2026/04/03 01:25:22 skip USDT->BTC->ETC: no quote for leg=2 symbol=ETC-BTC
2026/04/03 01:25:22 skip USDT->EUR->BTC: no quote for leg=1 symbol=USDT-EUR
2026/04/03 01:25:22 skip USDT->EUR->ETH: no quote for leg=1 symbol=USDT-EUR
2026/04/03 01:25:22 skip USDT->DOGE->SHIB: no quote for leg=1 symbol=DOGE-USDT
2026/04/03 01:25:22 skip USDT->DOGE->SHIB: no quote for leg=1 symbol=DOGE-USDT
2026/04/03 01:25:22 skip USDT->EUR->BTC: no quote for leg=1 symbol=USDT-EUR
2026/04/03 01:25:22 skip USDT->EUR->ETH: no quote for leg=1 symbol=USDT-EUR
2026/04/03 01:25:22 skip USDT->EUR->BTC: no quote for leg=1 symbol=USDT-EUR
2026/04/03 01:25:22 skip USDT->WBTC->BTC: no quote for leg=1 symbol=WBTC-USDT
2026/04/03 01:25:22 skip USDT->NEO->BTC: no quote for leg=1 symbol=NEO-USDT
2026/04/03 01:25:22 skip USDT->CRO->BTC: no quote for leg=1 symbol=CRO-USDT
2026/04/03 01:25:22 skip USDT->BCHSV->ETH: no quote for leg=2 symbol=BCHSV-ETH
2026/04/03 01:25:22 skip USDT->EUR->ETH: no quote for leg=1 symbol=USDT-EUR
2026/04/03 01:25:22 skip USDT->BTC->KLV: no quote for leg=3 symbol=KLV-USDT
2026/04/03 01:25:22 skip USDT->BTC->CHZ: no quote for leg=3 symbol=CHZ-USDT
2026/04/03 01:25:22 skip USDT->ETH->ETC: no quote for leg=1 symbol=ETH-USDT
2026/04/03 01:25:22 skip USDT->BTC->ETC: no quote for leg=2 symbol=ETC-BTC
2026/04/03 01:25:22 skip USDT->BAX->ETH: no quote for leg=1 symbol=BAX-USDT
2026/04/03 01:25:22 skip USDT->EUR->BTC: no quote for leg=1 symbol=USDT-EUR
2026/04/03 01:25:22 skip USDT->INJ->BTC: no quote for leg=1 symbol=INJ-USDT
2026/04/03 01:25:22 skip USDT->LTC->BTC: no quote for leg=1 symbol=LTC-USDT
2026/04/03 01:25:22 skip USDT->BDX->BTC: no quote for leg=1 symbol=BDX-USDT
2026/04/03 01:25:22 skip USDT->WBTC->BTC: no quote for leg=1 symbol=WBTC-USDT
2026/04/03 01:25:22 skip USDT->AR->BTC: no quote for leg=1 symbol=AR-USDT
2026/04/03 01:25:22 skip USDT->XMR->BTC: no quote for leg=1 symbol=XMR-USDT
2026/04/03 01:25:22 skip USDT->BAX->BTC: no quote for leg=1 symbol=BAX-USDT
2026/04/03 01:25:22 skip USDT->CKB->BTC: no quote for leg=1 symbol=CKB-USDT
2026/04/03 01:25:22 skip USDT->COTI->BTC: no quote for leg=1 symbol=COTI-USDT
2026/04/03 01:25:22 skip USDT->TRAC->BTC: no quote for leg=2 symbol=TRAC-BTC
2026/04/03 01:25:22 skip USDT->CRO->BTC: no quote for leg=1 symbol=CRO-USDT
2026/04/03 01:25:22 skip USDT->HBAR->BTC: no quote for leg=1 symbol=HBAR-USDT
2026/04/03 01:25:22 skip USDT->ATOM->BTC: no quote for leg=1 symbol=ATOM-USDT
2026/04/03 01:25:22 skip USDT->AVA->BTC: no quote for leg=1 symbol=AVA-USDT
2026/04/03 01:25:22 skip USDT->NEO->BTC: no quote for leg=1 symbol=NEO-USDT
2026/04/03 01:25:22 skip USDT->DASH->BTC: no quote for leg=1 symbol=DASH-USDT
2026/04/03 01:25:22 skip USDT->EUR->BTC: no quote for leg=1 symbol=USDT-EUR
2026/04/03 01:25:22 skip USDT->RLC->BTC: no quote for leg=2 symbol=RLC-BTC
2026/04/03 01:25:22 skip USDT->KAS->BTC: no quote for leg=1 symbol=KAS-USDT
2026/04/03 01:25:22 skip USDT->ONT->BTC: no quote for leg=2 symbol=ONT-BTC
2026/04/03 01:25:22 skip USDT->TEL->BTC: no quote for leg=2 symbol=TEL-BTC
2026/04/03 01:25:22 skip USDT->KRL->BTC: no quote for leg=1 symbol=KRL-USDT
2026/04/03 01:25:22 skip USDT->WIN->BTC: no quote for leg=1 symbol=WIN-USDT
2026/04/03 01:25:22 skip USDT->SCRT->BTC: no quote for leg=1 symbol=SCRT-USDT
2026/04/03 01:25:22 skip USDT->EWT->BTC: no quote for leg=1 symbol=EWT-USDT
2026/04/03 01:25:22 skip USDT->ETH->BTC: no quote for leg=1 symbol=ETH-USDT
2026/04/03 01:25:22 skip USDT->OGN->BTC: no quote for leg=1 symbol=OGN-USDT
2026/04/03 01:25:22 skip USDT->DOT->BTC: no quote for leg=1 symbol=DOT-USDT
2026/04/03 01:25:22 skip USDT->DOGE->BTC: no quote for leg=1 symbol=DOGE-USDT
2026/04/03 01:25:22 skip USDT->ERG->BTC: no quote for leg=1 symbol=ERG-USDT
2026/04/03 01:25:22 skip USDT->POND->BTC: no quote for leg=1 symbol=POND-USDT
2026/04/03 01:25:22 skip USDT->KNC->BTC: no quote for leg=1 symbol=KNC-USDT
2026/04/03 01:25:22 skip USDT->VSYS->BTC: no quote for leg=1 symbol=VSYS-USDT
2026/04/03 01:25:22 skip USDT->STX->BTC: no quote for leg=2 symbol=STX-BTC
2026/04/03 01:25:22 skip USDT->XTZ->BTC: no quote for leg=1 symbol=XTZ-USDT
2026/04/03 01:25:22 skip USDT->RUNE->BTC: no quote for leg=1 symbol=RUNE-USDT
2026/04/03 01:25:22 skip USDT->BTC->ADA: no quote for leg=2 symbol=ADA-BTC
2026/04/03 01:25:22 skip USDT->BTC->ONE: no quote for leg=2 symbol=ONE-BTC
2026/04/03 01:25:22 skip USDT->BTC->AAVE: no quote for leg=2 symbol=AAVE-BTC
2026/04/03 01:25:22 skip USDT->BTC->BNB: no quote for leg=2 symbol=BNB-BTC
2026/04/03 01:25:22 skip USDT->BTC->NEAR: no quote for leg=2 symbol=NEAR-BTC
2026/04/03 01:25:22 skip USDT->BTC->MANTRA: no quote for leg=2 symbol=MANTRA-BTC
2026/04/03 01:25:22 skip USDT->BTC->XYO: no quote for leg=2 symbol=XYO-BTC
2026/04/03 01:25:22 skip USDT->BTC->BRL: no quote for leg=2 symbol=BTC-BRL
2026/04/03 01:25:22 skip USDT->BTC->EGLD: no quote for leg=2 symbol=EGLD-BTC
2026/04/03 01:25:22 skip USDT->BTC->CHZ: no quote for leg=3 symbol=CHZ-USDT
2026/04/03 01:25:22 skip USDT->BTC->DAI: no quote for leg=3 symbol=USDT-DAI
2026/04/03 01:25:22 skip USDT->BTC->A: no quote for leg=3 symbol=A-USDT
2026/04/03 01:25:22 skip USDT->BTC->PAXG: no quote for leg=2 symbol=PAXG-BTC
2026/04/03 01:25:22 skip USDT->BTC->RSR: no quote for leg=2 symbol=RSR-BTC
2026/04/03 01:25:22 skip USDT->BTC->IOTA: no quote for leg=2 symbol=IOTA-BTC
2026/04/03 01:25:22 skip USDT->BTC->WAVES: no quote for leg=2 symbol=WAVES-BTC
2026/04/03 01:25:22 skip USDT->BTC->ANKR: no quote for leg=2 symbol=ANKR-BTC
2026/04/03 01:25:22 skip USDT->BTC->SNX: no quote for leg=2 symbol=SNX-BTC
2026/04/03 01:25:22 skip USDT->BTC->XRP: no quote for leg=2 symbol=XRP-BTC
2026/04/03 01:25:22 skip USDT->BTC->FET: no quote for leg=2 symbol=FET-BTC
2026/04/03 01:25:22 skip USDT->BTC->XLM: no quote for leg=2 symbol=XLM-BTC
2026/04/03 01:25:22 skip USDT->BTC->XDC: no quote for leg=2 symbol=XDC-BTC
2026/04/03 01:25:22 skip USDT->BTC->KCS: no quote for leg=2 symbol=KCS-BTC
2026/04/03 01:25:22 skip USDT->BTC->TRX: no quote for leg=3 symbol=TRX-USDT
2026/04/03 01:25:22 skip USDT->BTC->KLV: no quote for leg=3 symbol=KLV-USDT
2026/04/03 01:25:22 skip USDT->BTC->ETC: no quote for leg=2 symbol=ETC-BTC
2026/04/03 01:25:22 skip USDT->BTC->ALGO: no quote for leg=3 symbol=ALGO-USDT
2026/04/03 01:25:22 skip USDT->BTC->BCH: no quote for leg=2 symbol=BCH-BTC
2026/04/03 01:25:22 skip USDT->BTC->ICP: no quote for leg=3 symbol=ICP-USDT
2026/04/03 01:25:22 skip USDT->BTC->IOTX: no quote for leg=2 symbol=IOTX-BTC
2026/04/03 01:25:22 skip USDT->BTC->WAN: no quote for leg=2 symbol=WAN-BTC
2026/04/03 01:25:22 skip USDT->BTC->TWT: no quote for leg=2 symbol=TWT-BTC
