2026/04/09 05:09:52 [CALC] started | triangles indexed=121 | minVolume=50.00 USDT | minProfit=0.1000% | quoteAgeMax=8000ms | logMode=normal
2026/04/09 05:09:57 [STATS] ticks=140 triangles_seen=196 cand=0 exec=0 pos=0 neg=0 logged=0 | scan_rejects={max_start_lt_50=1, no_quote_leg_3=18, no_quote_leg_2=47, no_quote_leg_1=130} | exec_rejects={none}
2026/04/09 05:10:02 [STATS] ticks=565 triangles_seen=867 cand=24 exec=0 pos=0 neg=0 logged=0 | scan_rejects={max_start_lt_50=94, no_quote_leg_3=119, no_quote_leg_2=152, no_quote_leg_1=478} | exec_rejects={profit_below_threshold=24}
2026/04/09 05:10:07 [STATS] ticks=931 triangles_seen=1370 cand=173 exec=0 pos=0 neg=0 logged=0 | scan_rejects={max_start_zero=2, quote_skew_too_large=20, no_quote_leg_3=167, no_quote_leg_2=192, max_start_lt_50=296, no_quote_leg_1=520} | exec_rejects={profit_below_threshold=173}
2026/04/09 05:10:12 [STATS] ticks=1245 triangles_seen=1863 cand=268 exec=0 pos=0 neg=0 logged=0 | scan_rejects={max_start_zero=4, no_quote_leg_3=173, quote_skew_too_large=211, no_quote_leg_2=213, max_start_lt_50=467, no_quote_leg_1=527} | exec_rejects={profit_below_threshold=268}
2026/04/09 05:10:17 [STATS] ticks=1553 triangles_seen=2284 cand=282 exec=0 pos=0 neg=0 logged=0 | scan_rejects={max_start_zero=4, no_quote_leg_3=175, no_quote_leg_2=219, quote_skew_too_large=504, no_quote_leg_1=527, max_start_lt_50=573} | exec_rejects={profit_below_threshold=282}
2026/04/09 05:10:22 [STATS] ticks=1943 triangles_seen=2920 cand=311 exec=0 pos=0 neg=0 logged=0 | scan_rejects={max_start_zero=4, no_quote_leg_3=175, no_quote_leg_2=220, no_quote_leg_1=527, max_start_lt_50=696, quote_skew_too_large=987} | exec_rejects={profit_below_threshold=311}
2026/04/09 05:10:27 [STATS] ticks=2352 triangles_seen=3483 cand=423 exec=0 pos=0 neg=0 logged=0 | scan_rejects={max_start_zero=4, no_quote_leg_3=175, no_quote_leg_2=220, no_quote_leg_1=527, max_start_lt_50=805, quote_skew_too_large=1329} | exec_rejects={profit_below_threshold=423}
2026/04/09 05:10:32 [STATS] ticks=2806 triangles_seen=4103 cand=476 exec=0 pos=0 neg=0 logged=0 | scan_rejects={max_start_zero=4, no_quote_leg_3=175, no_quote_leg_2=220, no_quote_leg_1=527, max_start_lt_50=930, quote_skew_too_large=1771} | exec_rejects={profit_below_threshold=476}
2026/04/09 05:10:37 [STATS] ticks=3180 triangles_seen=4605 cand=483 exec=0 pos=0 neg=0 logged=0 | scan_rejects={max_start_zero=4, no_quote_leg_3=175, no_quote_leg_2=220, no_quote_leg_1=527, max_start_lt_50=995, quote_skew_too_large=2201} | exec_rejects={profit_below_threshold=483}
2026/04/09 05:10:42 [STATS] ticks=3628 triangles_seen=5386 cand=546 exec=0 pos=0 neg=0 logged=0 | scan_rejects={max_start_zero=4, no_quote_leg_3=175, no_quote_leg_2=220, no_quote_leg_1=527, max_start_lt_50=1179, quote_skew_too_large=2735} | exec_rejects={profit_below_threshold=546}
2026/04/09 05:10:47 [STATS] ticks=4047 triangles_seen=6161 cand=767 exec=0 pos=0 neg=0 logged=0 | scan_rejects={max_start_zero=4, no_quote_leg_3=175, no_quote_leg_2=220, no_quote_leg_1=527, max_start_lt_50=1422, quote_skew_too_large=3046} | exec_rejects={profit_below_threshold=767}
2026/04/09 05:10:52 [STATS] ticks=4578 triangles_seen=7302 cand=1005 exec=0 pos=0 neg=0 logged=0 | scan_rejects={max_start_zero=4, no_quote_leg_3=175, no_quote_leg_2=220, no_quote_leg_1=527, max_start_lt_50=1758, quote_skew_too_large=3613} | exec_rejects={profit_below_threshold=1005}
2026/04/09 05:10:57 [STATS] ticks=5256 triangles_seen=8576 cand=1387 exec=0 pos=0 neg=0 logged=0 | scan_rejects={max_start_zero=4, no_quote_leg_3=175, no_quote_leg_2=220, no_quote_leg_1=527, max_start_lt_50=2203, quote_skew_too_large=4060} | exec_rejects={profit_below_threshold=1387}
2026/04/09 05:11:02 [STATS] ticks=5776 triangles_seen=9361 cand=1650 exec=0 pos=0 neg=0 logged=0 | scan_rejects={max_start_zero=4, no_quote_leg_3=175, no_quote_leg_2=220, no_quote_leg_1=527, max_start_lt_50=2528, quote_skew_too_large=4257} | exec_rejects={profit_below_threshold=1650}
2026/04/09 05:11:07 [STATS] ticks=6238 triangles_seen=10138 cand=1896 exec=0 pos=0 neg=0 logged=0 | scan_rejects={max_start_zero=4, no_quote_leg_3=175, no_quote_leg_2=220, no_quote_leg_1=527, max_start_lt_50=2746, quote_skew_too_large=4570} | exec_rejects={profit_below_threshold=1896}
2026/04/09 05:11:12 [STATS] ticks=6612 triangles_seen=10608 cand=2055 exec=0 pos=0 neg=0 logged=0 | scan_rejects={max_start_zero=4, no_quote_leg_3=175, no_quote_leg_2=220, no_quote_leg_1=527, max_start_lt_50=2845, quote_skew_too_large=4782} | exec_rejects={profit_below_threshold=2055}
2026/04/09 05:11:17 [STATS] ticks=7177 triangles_seen=11456 cand=2261 exec=0 pos=0 neg=0 logged=0 | scan_rejects={max_start_zero=8, no_quote_leg_3=175, no_quote_leg_2=220, no_quote_leg_1=527, max_start_lt_50=3071, quote_skew_too_large=5194} | exec_rejects={profit_below_threshold=2261}
2026/04/09 05:11:22 [STATS] ticks=7625 triangles_seen=12116 cand=2438 exec=0 pos=0 neg=0 logged=0 | scan_rejects={max_start_zero=9, no_quote_leg_3=175, no_quote_leg_2=220, no_quote_leg_1=527, max_start_lt_50=3303, quote_skew_too_large=5444} | exec_rejects={profit_below_threshold=2438}
2026/04/09 05:11:27 [STATS] ticks=8094 triangles_seen=12809 cand=2694 exec=0 pos=0 neg=0 logged=0 | scan_rejects={max_start_zero=9, no_quote_leg_3=175, no_quote_leg_2=220, no_quote_leg_1=527, max_start_lt_50=3523, quote_skew_too_large=5661} | exec_rejects={profit_below_threshold=2694}
2026/04/09 05:11:32 [STATS] ticks=8422 triangles_seen=13291 cand=2902 exec=0 pos=0 neg=0 logged=0 | scan_rejects={max_start_zero=9, no_quote_leg_3=175, no_quote_leg_2=220, no_quote_leg_1=527, max_start_lt_50=3685, quote_skew_too_large=5773} | exec_rejects={profit_below_threshold=2902}
2026/04/09 05:11:37 [STATS] ticks=8811 triangles_seen=13922 cand=3049 exec=0 pos=0 neg=0 logged=0 | scan_rejects={max_start_zero=9, no_quote_leg_3=175, no_quote_leg_2=220, no_quote_leg_1=527, max_start_lt_50=3815, quote_skew_too_large=6127} | exec_rejects={profit_below_threshold=3049}
2026/04/09 05:11:42 [STATS] ticks=9172 triangles_seen=14387 cand=3169 exec=0 pos=0 neg=0 logged=0 | scan_rejects={max_start_zero=9, no_quote_leg_3=175, no_quote_leg_2=220, no_quote_leg_1=527, max_start_lt_50=3927, quote_skew_too_large=6360} | exec_rejects={profit_below_threshold=3169}
2026/04/09 05:11:47 [STATS] ticks=9688 triangles_seen=15139 cand=3251 exec=0 pos=0 neg=0 logged=0 | scan_rejects={max_start_zero=10, no_quote_leg_3=175, no_quote_leg_2=220, no_quote_leg_1=527, max_start_lt_50=4075, quote_skew_too_large=6881} | exec_rejects={profit_below_threshold=3251}
2026/04/09 05:11:52 [STATS] ticks=10100 triangles_seen=15781 cand=3340 exec=0 pos=0 neg=0 logged=0 | scan_rejects={max_start_zero=44, no_quote_leg_3=175, no_quote_leg_2=220, no_quote_leg_1=527, max_start_lt_50=4200, quote_skew_too_large=7275} | exec_rejects={profit_below_threshold=3340}
2026/04/09 05:11:57 [STATS] ticks=10548 triangles_seen=16407 cand=3363 exec=0 pos=0 neg=0 logged=0 | scan_rejects={max_start_zero=45, no_quote_leg_3=175, no_quote_leg_2=220, no_quote_leg_1=527, max_start_lt_50=4284, quote_skew_too_large=7793} | exec_rejects={profit_below_threshold=3363}
2026/04/09 05:12:02 [STATS] ticks=11029 triangles_seen=17076 cand=3450 exec=0 pos=0 neg=0 logged=0 | scan_rejects={max_start_zero=49, no_quote_leg_3=175, no_quote_leg_2=220, no_quote_leg_1=527, max_start_lt_50=4483, quote_skew_too_large=8172} | exec_rejects={profit_below_threshold=3450}
2026/04/09 05:12:07 [STATS] ticks=11348 triangles_seen=17511 cand=3529 exec=0 pos=0 neg=0 logged=0 | scan_rejects={max_start_zero=49, no_quote_leg_3=175, no_quote_leg_2=220, no_quote_leg_1=527, max_start_lt_50=4567, quote_skew_too_large=8444} | exec_rejects={profit_below_threshold=3529}
2026/04/09 05:12:12 [STATS] ticks=11678 triangles_seen=17964 cand=3550 exec=0 pos=0 neg=0 logged=0 | scan_rejects={max_start_zero=49, no_quote_leg_3=175, no_quote_leg_2=220, no_quote_leg_1=527, max_start_lt_50=4620, quote_skew_too_large=8823} | exec_rejects={profit_below_threshold=3550}
2026/04/09 05:12:17 [STATS] ticks=12004 triangles_seen=18403 cand=3635 exec=0 pos=0 neg=0 logged=0 | scan_rejects={max_start_zero=49, no_quote_leg_3=175, no_quote_leg_2=220, no_quote_leg_1=527, max_start_lt_50=4725, quote_skew_too_large=9072} | exec_rejects={profit_below_threshold=3635}
2026/04/09 05:12:22 [STATS] ticks=12355 triangles_seen=18910 cand=3749 exec=0 pos=0 neg=0 logged=0 | scan_rejects={max_start_zero=49, no_quote_leg_3=175, no_quote_leg_2=220, no_quote_leg_1=527, max_start_lt_50=4829, quote_skew_too_large=9361} | exec_rejects={profit_below_threshold=3749}
2026/04/09 05:12:27 [STATS] ticks=12740 triangles_seen=19402 cand=3871 exec=0 pos=0 neg=0 logged=0 | scan_rejects={max_start_zero=49, no_quote_leg_3=175, no_quote_leg_2=220, no_quote_leg_1=527, max_start_lt_50=4914, quote_skew_too_large=9646} | exec_rejects={profit_below_threshold=3871}
2026/04/09 05:12:32 [STATS] ticks=13121 triangles_seen=19901 cand=3952 exec=0 pos=0 neg=0 logged=0 | scan_rejects={max_start_zero=49, no_quote_leg_3=175, no_quote_leg_2=220, no_quote_leg_1=527, max_start_lt_50=5016, quote_skew_too_large=9962} | exec_rejects={profit_below_threshold=3952}
2026/04/09 05:12:37 [STATS] ticks=13419 triangles_seen=20286 cand=3985 exec=0 pos=0 neg=0 logged=0 | scan_rejects={max_start_zero=49, no_quote_leg_3=175, no_quote_leg_2=220, no_quote_leg_1=527, max_start_lt_50=5065, quote_skew_too_large=10265} | exec_rejects={profit_below_threshold=3985}
2026/04/09 05:12:42 [STATS] ticks=13761 triangles_seen=20705 cand=3985 exec=0 pos=0 neg=0 logged=0 | scan_rejects={max_start_zero=49, no_quote_leg_3=175, no_quote_leg_2=220, no_quote_leg_1=527, max_start_lt_50=5077, quote_skew_too_large=10672} | exec_rejects={profit_below_threshold=3985}
2026/04/09 05:12:47 [STATS] ticks=14137 triangles_seen=21223 cand=3996 exec=0 pos=0 neg=0 logged=0 | scan_rejects={max_start_zero=49, no_quote_leg_3=175, no_quote_leg_2=220, no_quote_leg_1=527, max_start_lt_50=5123, quote_skew_too_large=11133} | exec_rejects={profit_below_threshold=3996}
2026/04/09 05:12:52 [STATS] ticks=14444 triangles_seen=21599 cand=3999 exec=0 pos=0 neg=0 logged=0 | scan_rejects={max_start_zero=49, no_quote_leg_3=175, no_quote_leg_2=220, no_quote_leg_1=527, max_start_lt_50=5133, quote_skew_too_large=11496} | exec_rejects={profit_below_threshold=3999}
2026/04/09 05:12:57 [STATS] ticks=14856 triangles_seen=22233 cand=4046 exec=0 pos=0 neg=0 logged=0 | scan_rejects={max_start_zero=49, no_quote_leg_3=175, no_quote_leg_2=220, no_quote_leg_1=527, max_start_lt_50=5192, quote_skew_too_large=12024} | exec_rejects={profit_below_threshold=4046}
2026/04/09 05:13:02 [STATS] ticks=15469 triangles_seen=23368 cand=4276 exec=0 pos=0 neg=0 logged=0 | scan_rejects={max_start_zero=49, no_quote_leg_3=175, no_quote_leg_2=220, no_quote_leg_1=527, max_start_lt_50=5498, quote_skew_too_large=12623} | exec_rejects={profit_below_threshold=4276}
2026/04/09 05:13:07 [STATS] ticks=15917 triangles_seen=24044 cand=4504 exec=0 pos=0 neg=0 logged=0 | scan_rejects={max_start_zero=55, no_quote_leg_3=175, no_quote_leg_2=220, no_quote_leg_1=527, max_start_lt_50=5692, quote_skew_too_large=12871} | exec_rejects={profit_below_threshold=4504}
2026/04/09 05:13:12 [STATS] ticks=16348 triangles_seen=24658 cand=4704 exec=0 pos=0 neg=0 logged=0 | scan_rejects={max_start_zero=86, no_quote_leg_3=175, no_quote_leg_2=220, no_quote_leg_1=527, max_start_lt_50=5856, quote_skew_too_large=13090} | exec_rejects={profit_below_threshold=4704}
2026/04/09 05:13:17 [STATS] ticks=16678 triangles_seen=25072 cand=4771 exec=0 pos=0 neg=0 logged=0 | scan_rejects={max_start_zero=115, no_quote_leg_3=175, no_quote_leg_2=220, no_quote_leg_1=527, max_start_lt_50=5940, quote_skew_too_large=13324} | exec_rejects={profit_below_threshold=4771}
2026/04/09 05:13:22 [STATS] ticks=17031 triangles_seen=25568 cand=4815 exec=0 pos=0 neg=0 logged=0 | scan_rejects={max_start_zero=126, no_quote_leg_3=175, no_quote_leg_2=220, no_quote_leg_1=527, max_start_lt_50=5982, quote_skew_too_large=13723} | exec_rejects={profit_below_threshold=4815}
2026/04/09 05:13:27 [STATS] ticks=17397 triangles_seen=26078 cand=4841 exec=0 pos=0 neg=0 logged=0 | scan_rejects={max_start_zero=128, no_quote_leg_3=175, no_quote_leg_2=220, no_quote_leg_1=527, max_start_lt_50=6008, quote_skew_too_large=14179} | exec_rejects={profit_below_threshold=4841}
2026/04/09 05:13:32 [STATS] ticks=17727 triangles_seen=26466 cand=4907 exec=0 pos=0 neg=0 logged=0 | scan_rejects={max_start_zero=135, no_quote_leg_3=175, no_quote_leg_2=220, no_quote_leg_1=527, max_start_lt_50=6077, quote_skew_too_large=14425} | exec_rejects={profit_below_threshold=4907}
2026/04/09 05:13:37 [STATS] ticks=18070 triangles_seen=26952 cand=4976 exec=0 pos=0 neg=0 logged=0 | scan_rejects={max_start_zero=135, no_quote_leg_3=175, no_quote_leg_2=220, no_quote_leg_1=527, max_start_lt_50=6150, quote_skew_too_large=14769} | exec_rejects={profit_below_threshold=4976}
2026/04/09 05:13:42 [STATS] ticks=18706 triangles_seen=28382 cand=5319 exec=0 pos=0 neg=0 logged=0 | scan_rejects={max_start_zero=135, no_quote_leg_3=175, no_quote_leg_2=220, no_quote_leg_1=527, max_start_lt_50=6434, quote_skew_too_large=15572} | exec_rejects={profit_below_threshold=5319}
2026/04/09 05:13:47 [STATS] ticks=19354 triangles_seen=29326 cand=5688 exec=0 pos=0 neg=0 logged=0 | scan_rejects={max_start_zero=143, no_quote_leg_3=175, no_quote_leg_2=220, no_quote_leg_1=527, max_start_lt_50=6695, quote_skew_too_large=15878} | exec_rejects={profit_below_threshold=5688}
2026/04/09 05:13:52 [STATS] ticks=19938 triangles_seen=30269 cand=5988 exec=0 pos=0 neg=0 logged=0 | scan_rejects={max_start_zero=150, no_quote_leg_3=175, no_quote_leg_2=220, no_quote_leg_1=527, max_start_lt_50=6997, quote_skew_too_large=16212} | exec_rejects={profit_below_threshold=5988}
2026/04/09 05:13:57 [STATS] ticks=20490 triangles_seen=31203 cand=6309 exec=0 pos=0 neg=0 logged=0 | scan_rejects={max_start_zero=157, no_quote_leg_3=175, no_quote_leg_2=220, no_quote_leg_1=527, max_start_lt_50=7367, quote_skew_too_large=16448} | exec_rejects={profit_below_threshold=6309}
2026/04/09 05:14:02 [STATS] ticks=21145 triangles_seen=32391 cand=6677 exec=0 pos=0 neg=0 logged=0 | scan_rejects={max_start_zero=165, no_quote_leg_3=175, no_quote_leg_2=220, no_quote_leg_1=527, max_start_lt_50=7836, quote_skew_too_large=16791} | exec_rejects={profit_below_threshold=6677}
2026/04/09 05:14:07 [STATS] ticks=21636 triangles_seen=33190 cand=6991 exec=0 pos=0 neg=0 logged=0 | scan_rejects={max_start_zero=165, no_quote_leg_3=175, no_quote_leg_2=220, no_quote_leg_1=527, max_start_lt_50=8111, quote_skew_too_large=17001} | exec_rejects={profit_below_threshold=6991}
2026/04/09 05:14:12 [STATS] ticks=22047 triangles_seen=33759 cand=7124 exec=0 pos=0 neg=0 logged=0 | scan_rejects={max_start_zero=165, no_quote_leg_3=175, no_quote_leg_2=220, no_quote_leg_1=527, max_start_lt_50=8314, quote_skew_too_large=17234} | exec_rejects={profit_below_threshold=7124}
2026/04/09 05:14:17 [STATS] ticks=22388 triangles_seen=34141 cand=7204 exec=0 pos=0 neg=0 logged=0 | scan_rejects={max_start_zero=165, no_quote_leg_3=175, no_quote_leg_2=220, no_quote_leg_1=527, max_start_lt_50=8401, quote_skew_too_large=17449} | exec_rejects={profit_below_threshold=7204}
2026/04/09 05:14:22 [STATS] ticks=22966 triangles_seen=35217 cand=7389 exec=0 pos=0 neg=0 logged=0 | scan_rejects={max_start_zero=166, no_quote_leg_3=175, no_quote_leg_2=220, no_quote_leg_1=527, max_start_lt_50=8705, quote_skew_too_large=18035} | exec_rejects={profit_below_threshold=7389}
2026/04/09 05:14:27 [STATS] ticks=23380 triangles_seen=35708 cand=7669 exec=0 pos=0 neg=0 logged=0 | scan_rejects={max_start_zero=166, no_quote_leg_3=175, no_quote_leg_2=220, no_quote_leg_1=527, max_start_lt_50=8866, quote_skew_too_large=18085} | exec_rejects={profit_below_threshold=7669}
2026/04/09 05:14:32 [STATS] ticks=23774 triangles_seen=36206 cand=7765 exec=0 pos=0 neg=0 logged=0 | scan_rejects={max_start_zero=166, no_quote_leg_3=175, no_quote_leg_2=220, no_quote_leg_1=527, max_start_lt_50=8970, quote_skew_too_large=18383} | exec_rejects={profit_below_threshold=7765}
2026/04/09 05:14:37 [STATS] ticks=24162 triangles_seen=36839 cand=7986 exec=0 pos=0 neg=0 logged=0 | scan_rejects={max_start_zero=166, no_quote_leg_3=175, no_quote_leg_2=220, no_quote_leg_1=527, max_start_lt_50=9148, quote_skew_too_large=18617} | exec_rejects={profit_below_threshold=7986}
2026/04/09 05:14:42 [STATS] ticks=24619 triangles_seen=37529 cand=8168 exec=0 pos=0 neg=0 logged=0 | scan_rejects={max_start_zero=166, no_quote_leg_3=175, no_quote_leg_2=220, no_quote_leg_1=527, max_start_lt_50=9344, quote_skew_too_large=18929} | exec_rejects={profit_below_threshold=8168}
2026/04/09 05:14:47 [STATS] ticks=25065 triangles_seen=38208 cand=8388 exec=0 pos=0 neg=0 logged=0 | scan_rejects={no_quote_leg_3=175, max_start_zero=180, no_quote_leg_2=220, no_quote_leg_1=527, max_start_lt_50=9623, quote_skew_too_large=19095} | exec_rejects={profit_below_threshold=8388}
2026/04/09 05:14:52 [STATS] ticks=25447 triangles_seen=38654 cand=8516 exec=0 pos=0 neg=0 logged=0 | scan_rejects={no_quote_leg_3=175, max_start_zero=180, no_quote_leg_2=220, no_quote_leg_1=527, max_start_lt_50=9787, quote_skew_too_large=19249} | exec_rejects={profit_below_threshold=8516}
2026/04/09 05:14:57 [STATS] ticks=25976 triangles_seen=39448 cand=8711 exec=0 pos=0 neg=0 logged=0 | scan_rejects={no_quote_leg_3=175, max_start_zero=182, no_quote_leg_2=220, no_quote_leg_1=527, max_start_lt_50=9941, quote_skew_too_large=19692} | exec_rejects={profit_below_threshold=8711}
2026/04/09 05:15:02 [STATS] ticks=26470 triangles_seen=40123 cand=8953 exec=0 pos=0 neg=0 logged=0 | scan_rejects={no_quote_leg_3=175, max_start_zero=183, no_quote_leg_2=220, no_quote_leg_1=527, max_start_lt_50=10226, quote_skew_too_large=19839} | exec_rejects={profit_below_threshold=8953}
2026/04/09 05:15:07 [STATS] ticks=26898 triangles_seen=40981 cand=9142 exec=0 pos=0 neg=0 logged=0 | scan_rejects={no_quote_leg_3=175, max_start_zero=183, no_quote_leg_2=220, no_quote_leg_1=527, max_start_lt_50=10496, quote_skew_too_large=20238} | exec_rejects={profit_below_threshold=9142}
2026/04/09 05:15:12 [STATS] ticks=27251 triangles_seen=41443 cand=9265 exec=0 pos=0 neg=0 logged=0 | scan_rejects={no_quote_leg_3=175, max_start_zero=183, no_quote_leg_2=220, no_quote_leg_1=527, max_start_lt_50=10650, quote_skew_too_large=20423} | exec_rejects={profit_below_threshold=9265}
2026/04/09 05:15:17 [STATS] ticks=27708 triangles_seen=42120 cand=9411 exec=0 pos=0 neg=0 logged=0 | scan_rejects={no_quote_leg_3=175, max_start_zero=183, no_quote_leg_2=220, no_quote_leg_1=527, max_start_lt_50=10856, quote_skew_too_large=20748} | exec_rejects={profit_below_threshold=9411}
2026/04/09 05:15:22 [STATS] ticks=28101 triangles_seen=42702 cand=9538 exec=0 pos=0 neg=0 logged=0 | scan_rejects={no_quote_leg_3=175, max_start_zero=183, no_quote_leg_2=220, no_quote_leg_1=527, max_start_lt_50=11051, quote_skew_too_large=21008} | exec_rejects={profit_below_threshold=9538}
2026/04/09 05:15:27 [STATS] ticks=28894 triangles_seen=44086 cand=9854 exec=0 pos=0 neg=0 logged=0 | scan_rejects={no_quote_leg_3=175, max_start_zero=189, no_quote_leg_2=220, no_quote_leg_1=527, max_start_lt_50=11486, quote_skew_too_large=21635} | exec_rejects={profit_below_threshold=9854}
2026/04/09 05:15:32 [STATS] ticks=29412 triangles_seen=44918 cand=10031 exec=0 pos=0 neg=0 logged=0 | scan_rejects={no_quote_leg_3=175, max_start_zero=189, no_quote_leg_2=220, no_quote_leg_1=527, max_start_lt_50=11746, quote_skew_too_large=22030} | exec_rejects={profit_below_threshold=10031}
2026/04/09 05:15:37 [STATS] ticks=29856 triangles_seen=45451 cand=10116 exec=0 pos=0 neg=0 logged=0 | scan_rejects={no_quote_leg_3=175, max_start_zero=199, no_quote_leg_2=220, no_quote_leg_1=527, max_start_lt_50=12031, quote_skew_too_large=22183} | exec_rejects={profit_below_threshold=10116}
2026/04/09 05:15:42 [STATS] ticks=30295 triangles_seen=46087 cand=10192 exec=0 pos=0 neg=0 logged=0 | scan_rejects={no_quote_leg_3=175, no_quote_leg_2=220, max_start_zero=228, no_quote_leg_1=527, max_start_lt_50=12213, quote_skew_too_large=22532} | exec_rejects={profit_below_threshold=10192}
2026/04/09 05:15:47 [STATS] ticks=30760 triangles_seen=46696 cand=10310 exec=0 pos=0 neg=0 logged=0 | scan_rejects={no_quote_leg_3=175, no_quote_leg_2=220, max_start_zero=236, no_quote_leg_1=527, max_start_lt_50=12402, quote_skew_too_large=22826} | exec_rejects={profit_below_threshold=10310}
2026/04/09 05:15:52 [STATS] ticks=31142 triangles_seen=47207 cand=10376 exec=0 pos=0 neg=0 logged=0 | scan_rejects={no_quote_leg_3=175, no_quote_leg_2=220, max_start_zero=240, no_quote_leg_1=527, max_start_lt_50=12507, quote_skew_too_large=23162} | exec_rejects={profit_below_threshold=10376}
2026/04/09 05:15:57 [STATS] ticks=31637 triangles_seen=47931 cand=10431 exec=0 pos=0 neg=0 logged=0 | scan_rejects={no_quote_leg_3=175, no_quote_leg_2=220, max_start_zero=240, no_quote_leg_1=527, max_start_lt_50=12577, quote_skew_too_large=23761} | exec_rejects={profit_below_threshold=10431}
2026/04/09 05:16:02 [STATS] ticks=32184 triangles_seen=48847 cand=10737 exec=0 pos=0 neg=0 logged=0 | scan_rejects={no_quote_leg_3=175, no_quote_leg_2=220, max_start_zero=244, no_quote_leg_1=527, max_start_lt_50=12856, quote_skew_too_large=24088} | exec_rejects={profit_below_threshold=10737}
2026/04/09 05:16:07 [STATS] ticks=32761 triangles_seen=50075 cand=11098 exec=0 pos=0 neg=0 logged=0 | scan_rejects={no_quote_leg_3=175, no_quote_leg_2=220, max_start_zero=252, no_quote_leg_1=527, max_start_lt_50=13262, quote_skew_too_large=24541} | exec_rejects={profit_below_threshold=11098}
2026/04/09 05:16:12 [STATS] ticks=33357 triangles_seen=51147 cand=11448 exec=0 pos=0 neg=0 logged=0 | scan_rejects={no_quote_leg_3=175, no_quote_leg_2=220, max_start_zero=265, no_quote_leg_1=527, max_start_lt_50=13640, quote_skew_too_large=24872} | exec_rejects={profit_below_threshold=11448}
2026/04/09 05:16:17 [STATS] ticks=33916 triangles_seen=52105 cand=11759 exec=0 pos=0 neg=0 logged=0 | scan_rejects={no_quote_leg_3=175, no_quote_leg_2=220, max_start_zero=272, no_quote_leg_1=527, max_start_lt_50=13961, quote_skew_too_large=25191} | exec_rejects={profit_below_threshold=11759}
2026/04/09 05:16:22 [STATS] ticks=34265 triangles_seen=52633 cand=11897 exec=0 pos=0 neg=0 logged=0 | scan_rejects={no_quote_leg_3=175, no_quote_leg_2=220, max_start_zero=274, no_quote_leg_1=527, max_start_lt_50=14170, quote_skew_too_large=25370} | exec_rejects={profit_below_threshold=11897}
2026/04/09 05:16:27 [STATS] ticks=34748 triangles_seen=53372 cand=12005 exec=0 pos=0 neg=0 logged=0 | scan_rejects={no_quote_leg_3=175, no_quote_leg_2=220, max_start_zero=274, no_quote_leg_1=527, max_start_lt_50=14386, quote_skew_too_large=25785} | exec_rejects={profit_below_threshold=12005}
2026/04/09 05:16:32 [STATS] ticks=35234 triangles_seen=54068 cand=12128 exec=0 pos=0 neg=0 logged=0 | scan_rejects={no_quote_leg_3=175, no_quote_leg_2=220, max_start_zero=276, no_quote_leg_1=527, max_start_lt_50=14511, quote_skew_too_large=26231} | exec_rejects={profit_below_threshold=12128}
2026/04/09 05:16:37 [STATS] ticks=35720 triangles_seen=54873 cand=12333 exec=0 pos=0 neg=0 logged=0 | scan_rejects={no_quote_leg_3=175, no_quote_leg_2=220, max_start_zero=277, no_quote_leg_1=527, max_start_lt_50=14801, quote_skew_too_large=26540} | exec_rejects={profit_below_threshold=12333}
2026/04/09 05:16:42 [STATS] ticks=36119 triangles_seen=55392 cand=12498 exec=0 pos=0 neg=0 logged=0 | scan_rejects={no_quote_leg_3=175, no_quote_leg_2=220, max_start_zero=277, no_quote_leg_1=527, max_start_lt_50=15011, quote_skew_too_large=26684} | exec_rejects={profit_below_threshold=12498}
2026/04/09 05:16:47 [STATS] ticks=36696 triangles_seen=56398 cand=12733 exec=0 pos=0 neg=0 logged=0 | scan_rejects={no_quote_leg_3=175, no_quote_leg_2=220, max_start_zero=277, no_quote_leg_1=527, max_start_lt_50=15265, quote_skew_too_large=27201} | exec_rejects={profit_below_threshold=12733}
2026/04/09 05:16:52 [STATS] ticks=37109 triangles_seen=56976 cand=12967 exec=0 pos=0 neg=0 logged=0 | scan_rejects={no_quote_leg_3=175, no_quote_leg_2=220, max_start_zero=277, no_quote_leg_1=527, max_start_lt_50=15479, quote_skew_too_large=27331} | exec_rejects={profit_below_threshold=12967}
2026/04/09 05:16:57 [STATS] ticks=37583 triangles_seen=57698 cand=13105 exec=0 pos=0 neg=0 logged=0 | scan_rejects={no_quote_leg_3=175, no_quote_leg_2=220, max_start_zero=277, no_quote_leg_1=527, max_start_lt_50=15643, quote_skew_too_large=27751} | exec_rejects={profit_below_threshold=13105}
2026/04/09 05:17:02 [STATS] ticks=38124 triangles_seen=58506 cand=13281 exec=0 pos=0 neg=0 logged=0 | scan_rejects={no_quote_leg_3=175, no_quote_leg_2=220, max_start_zero=277, no_quote_leg_1=527, max_start_lt_50=15800, quote_skew_too_large=28226} | exec_rejects={profit_below_threshold=13281}
2026/04/09 05:17:07 [STATS] ticks=38481 triangles_seen=59008 cand=13422 exec=0 pos=0 neg=0 logged=0 | scan_rejects={no_quote_leg_3=175, no_quote_leg_2=220, max_start_zero=277, no_quote_leg_1=527, max_start_lt_50=15984, quote_skew_too_large=28403} | exec_rejects={profit_below_threshold=13422}
2026/04/09 05:17:12 [STATS] ticks=38863 triangles_seen=59583 cand=13488 exec=0 pos=0 neg=0 logged=0 | scan_rejects={no_quote_leg_3=175, no_quote_leg_2=220, max_start_zero=277, no_quote_leg_1=527, max_start_lt_50=16078, quote_skew_too_large=28818} | exec_rejects={profit_below_threshold=13488}
2026/04/09 05:17:17 [STATS] ticks=39299 triangles_seen=60385 cand=13749 exec=0 pos=0 neg=0 logged=0 | scan_rejects={no_quote_leg_3=175, no_quote_leg_2=220, max_start_zero=277, no_quote_leg_1=527, max_start_lt_50=16251, quote_skew_too_large=29186} | exec_rejects={profit_below_threshold=13749}
2026/04/09 05:17:22 [STATS] ticks=39652 triangles_seen=60924 cand=13899 exec=0 pos=0 neg=0 logged=0 | scan_rejects={no_quote_leg_3=175, no_quote_leg_2=220, max_start_zero=277, no_quote_leg_1=527, max_start_lt_50=16363, quote_skew_too_large=29463} | exec_rejects={profit_below_threshold=13899}
2026/04/09 05:17:27 [STATS] ticks=40034 triangles_seen=61616 cand=14015 exec=0 pos=0 neg=0 logged=0 | scan_rejects={no_quote_leg_3=175, no_quote_leg_2=220, max_start_zero=277, no_quote_leg_1=527, max_start_lt_50=16506, quote_skew_too_large=29896} | exec_rejects={profit_below_threshold=14015}
2026/04/09 05:17:32 [STATS] ticks=40455 triangles_seen=62174 cand=14226 exec=0 pos=0 neg=0 logged=0 | scan_rejects={no_quote_leg_3=175, no_quote_leg_2=220, max_start_zero=277, no_quote_leg_1=527, max_start_lt_50=16708, quote_skew_too_large=30041} | exec_rejects={profit_below_threshold=14226}
2026/04/09 05:17:37 [STATS] ticks=40847 triangles_seen=62749 cand=14291 exec=0 pos=0 neg=0 logged=0 | scan_rejects={no_quote_leg_3=175, no_quote_leg_2=220, max_start_zero=277, no_quote_leg_1=527, max_start_lt_50=16802, quote_skew_too_large=30457} | exec_rejects={profit_below_threshold=14291}
2026/04/09 05:17:42 [STATS] ticks=41341 triangles_seen=63574 cand=14486 exec=0 pos=0 neg=0 logged=0 | scan_rejects={no_quote_leg_3=175, no_quote_leg_2=220, max_start_zero=277, no_quote_leg_1=527, max_start_lt_50=17000, quote_skew_too_large=30889} | exec_rejects={profit_below_threshold=14486}
2026/04/09 05:17:47 [STATS] ticks=41836 triangles_seen=64428 cand=14675 exec=0 pos=0 neg=0 logged=0 | scan_rejects={no_quote_leg_3=175, no_quote_leg_2=220, max_start_zero=277, no_quote_leg_1=527, max_start_lt_50=17276, quote_skew_too_large=31278} | exec_rejects={profit_below_threshold=14675}
2026/04/09 05:17:52 [STATS] ticks=42253 triangles_seen=65099 cand=14797 exec=0 pos=0 neg=0 logged=0 | scan_rejects={no_quote_leg_3=175, no_quote_leg_2=220, max_start_zero=277, no_quote_leg_1=527, max_start_lt_50=17573, quote_skew_too_large=31530} | exec_rejects={profit_below_threshold=14797}
2026/04/09 05:17:57 [STATS] ticks=42550 triangles_seen=65509 cand=14826 exec=0 pos=0 neg=0 logged=0 | scan_rejects={no_quote_leg_3=175, no_quote_leg_2=220, max_start_zero=277, no_quote_leg_1=527, max_start_lt_50=17667, quote_skew_too_large=31817} | exec_rejects={profit_below_threshold=14826}
2026/04/09 05:18:02 [STATS] ticks=43336 triangles_seen=67327 cand=15305 exec=0 pos=0 neg=0 logged=0 | scan_rejects={no_quote_leg_3=175, no_quote_leg_2=220, max_start_zero=278, no_quote_leg_1=527, max_start_lt_50=18072, quote_skew_too_large=32750} | exec_rejects={profit_below_threshold=15305}
2026/04/09 05:18:07 [STATS] ticks=43936 triangles_seen=68247 cand=15636 exec=0 pos=0 neg=0 logged=0 | scan_rejects={no_quote_leg_3=175, no_quote_leg_2=220, max_start_zero=280, no_quote_leg_1=527, max_start_lt_50=18481, quote_skew_too_large=32928} | exec_rejects={profit_below_threshold=15636}
2026/04/09 05:18:12 [STATS] ticks=44343 triangles_seen=68799 cand=15809 exec=0 pos=0 neg=0 logged=0 | scan_rejects={no_quote_leg_3=175, no_quote_leg_2=220, max_start_zero=281, no_quote_leg_1=527, max_start_lt_50=18712, quote_skew_too_large=33075} | exec_rejects={profit_below_threshold=15809}
2026/04/09 05:18:17 [STATS] ticks=44800 triangles_seen=69614 cand=16047 exec=0 pos=0 neg=0 logged=0 | scan_rejects={no_quote_leg_3=175, no_quote_leg_2=220, max_start_zero=281, no_quote_leg_1=527, max_start_lt_50=18902, quote_skew_too_large=33462} | exec_rejects={profit_below_threshold=16047}
2026/04/09 05:18:22 [STATS] ticks=45302 triangles_seen=70435 cand=16318 exec=0 pos=0 neg=0 logged=0 | scan_rejects={no_quote_leg_3=175, no_quote_leg_2=220, max_start_zero=281, no_quote_leg_1=527, max_start_lt_50=19178, quote_skew_too_large=33736} | exec_rejects={profit_below_threshold=16318}
2026/04/09 05:18:27 [STATS] ticks=45778 triangles_seen=71229 cand=16590 exec=0 pos=0 neg=0 logged=0 | scan_rejects={no_quote_leg_3=175, no_quote_leg_2=220, max_start_zero=281, no_quote_leg_1=527, max_start_lt_50=19389, quote_skew_too_large=34047} | exec_rejects={profit_below_threshold=16590}
2026/04/09 05:18:32 [STATS] ticks=46216 triangles_seen=71968 cand=16860 exec=0 pos=0 neg=0 logged=0 | scan_rejects={no_quote_leg_3=175, no_quote_leg_2=220, max_start_zero=281, no_quote_leg_1=527, max_start_lt_50=19581, quote_skew_too_large=34324} | exec_rejects={profit_below_threshold=16860}
2026/04/09 05:18:37 [STATS] ticks=46592 triangles_seen=72423 cand=16999 exec=0 pos=0 neg=0 logged=0 | scan_rejects={no_quote_leg_3=175, no_quote_leg_2=220, max_start_zero=281, no_quote_leg_1=527, max_start_lt_50=19668, quote_skew_too_large=34553} | exec_rejects={profit_below_threshold=16999}
2026/04/09 05:18:42 [STATS] ticks=46977 triangles_seen=72944 cand=17038 exec=0 pos=0 neg=0 logged=0 | scan_rejects={no_quote_leg_3=175, no_quote_leg_2=220, max_start_zero=281, no_quote_leg_1=527, max_start_lt_50=19689, quote_skew_too_large=35014} | exec_rejects={profit_below_threshold=17038}
2026/04/09 05:18:47 [STATS] ticks=47573 triangles_seen=73995 cand=17395 exec=0 pos=0 neg=0 logged=0 | scan_rejects={no_quote_leg_3=175, no_quote_leg_2=220, max_start_zero=281, no_quote_leg_1=527, max_start_lt_50=19883, quote_skew_too_large=35514} | exec_rejects={profit_below_threshold=17395}
2026/04/09 05:18:52 [STATS] ticks=47939 triangles_seen=74490 cand=17594 exec=0 pos=0 neg=0 logged=0 | scan_rejects={no_quote_leg_3=175, no_quote_leg_2=220, max_start_zero=281, no_quote_leg_1=527, max_start_lt_50=20014, quote_skew_too_large=35679} | exec_rejects={profit_below_threshold=17594}
2026/04/09 05:18:57 [STATS] ticks=48424 triangles_seen=75278 cand=17858 exec=0 pos=0 neg=0 logged=0 | scan_rejects={no_quote_leg_3=175, no_quote_leg_2=220, max_start_zero=281, no_quote_leg_1=527, max_start_lt_50=20191, quote_skew_too_large=36026} | exec_rejects={profit_below_threshold=17858}
2026/04/09 05:19:02 [STATS] ticks=48988 triangles_seen=76059 cand=18069 exec=0 pos=0 neg=0 logged=0 | scan_rejects={no_quote_leg_3=175, no_quote_leg_2=220, max_start_zero=281, no_quote_leg_1=527, max_start_lt_50=20435, quote_skew_too_large=36352} | exec_rejects={profit_below_threshold=18069}
2026/04/09 05:19:07 [STATS] ticks=49472 triangles_seen=76693 cand=18186 exec=0 pos=0 neg=0 logged=0 | scan_rejects={no_quote_leg_3=175, no_quote_leg_2=220, max_start_zero=281, no_quote_leg_1=527, max_start_lt_50=20573, quote_skew_too_large=36731} | exec_rejects={profit_below_threshold=18186}
2026/04/09 05:19:12 [STATS] ticks=49865 triangles_seen=77217 cand=18208 exec=0 pos=0 neg=0 logged=0 | scan_rejects={no_quote_leg_3=175, no_quote_leg_2=220, max_start_zero=281, no_quote_leg_1=527, max_start_lt_50=20638, quote_skew_too_large=37168} | exec_rejects={profit_below_threshold=18208}
2026/04/09 05:19:17 [STATS] ticks=50348 triangles_seen=78064 cand=18338 exec=0 pos=0 neg=0 logged=0 | scan_rejects={no_quote_leg_3=175, no_quote_leg_2=220, max_start_zero=281, no_quote_leg_1=527, max_start_lt_50=20820, quote_skew_too_large=37703} | exec_rejects={profit_below_threshold=18338}
2026/04/09 05:19:22 [STATS] ticks=50892 triangles_seen=78869 cand=18574 exec=0 pos=0 neg=0 logged=0 | scan_rejects={no_quote_leg_3=175, no_quote_leg_2=220, max_start_zero=281, no_quote_leg_1=527, max_start_lt_50=21064, quote_skew_too_large=38028} | exec_rejects={profit_below_threshold=18574}
2026/04/09 05:19:27 [STATS] ticks=51428 triangles_seen=79620 cand=18881 exec=0 pos=0 neg=0 logged=0 | scan_rejects={no_quote_leg_3=175, no_quote_leg_2=220, max_start_zero=281, no_quote_leg_1=527, max_start_lt_50=21286, quote_skew_too_large=38250} | exec_rejects={profit_below_threshold=18881}
2026/04/09 05:19:32 [STATS] ticks=51871 triangles_seen=80198 cand=19015 exec=0 pos=0 neg=0 logged=0 | scan_rejects={no_quote_leg_3=175, no_quote_leg_2=220, max_start_zero=281, no_quote_leg_1=527, max_start_lt_50=21430, quote_skew_too_large=38550} | exec_rejects={profit_below_threshold=19015}
2026/04/09 05:19:37 [STATS] ticks=52328 triangles_seen=80963 cand=19098 exec=0 pos=0 neg=0 logged=0 | scan_rejects={no_quote_leg_3=175, no_quote_leg_2=220, max_start_zero=281, no_quote_leg_1=527, max_start_lt_50=21522, quote_skew_too_large=39140} | exec_rejects={profit_below_threshold=19098}
2026/04/09 05:19:42 [STATS] ticks=53075 triangles_seen=82200 cand=19566 exec=0 pos=0 neg=0 logged=0 | scan_rejects={no_quote_leg_3=175, no_quote_leg_2=220, max_start_zero=285, no_quote_leg_1=527, max_start_lt_50=21941, quote_skew_too_large=39486} | exec_rejects={profit_below_threshold=19566}
2026/04/09 05:19:47 [STATS] ticks=53501 triangles_seen=82739 cand=19742 exec=0 pos=0 neg=0 logged=0 | scan_rejects={no_quote_leg_3=175, no_quote_leg_2=220, max_start_zero=285, no_quote_leg_1=527, max_start_lt_50=22210, quote_skew_too_large=39580} | exec_rejects={profit_below_threshold=19742}
2026/04/09 05:19:52 [STATS] ticks=53848 triangles_seen=83196 cand=19764 exec=0 pos=0 neg=0 logged=0 | scan_rejects={no_quote_leg_3=175, no_quote_leg_2=220, max_start_zero=285, no_quote_leg_1=527, max_start_lt_50=22252, quote_skew_too_large=39973} | exec_rejects={profit_below_threshold=19764}
2026/04/09 05:19:57 [STATS] ticks=54375 triangles_seen=84054 cand=19901 exec=0 pos=0 neg=0 logged=0 | scan_rejects={no_quote_leg_3=175, no_quote_leg_2=220, max_start_zero=285, no_quote_leg_1=527, max_start_lt_50=22447, quote_skew_too_large=40499} | exec_rejects={profit_below_threshold=19901}
2026/04/09 05:20:02 [STATS] ticks=54885 triangles_seen=84800 cand=20147 exec=0 pos=0 neg=0 logged=0 | scan_rejects={no_quote_leg_3=175, no_quote_leg_2=220, max_start_zero=285, no_quote_leg_1=527, max_start_lt_50=22798, quote_skew_too_large=40648} | exec_rejects={profit_below_threshold=20147}
2026/04/09 05:20:07 [STATS] ticks=55501 triangles_seen=85877 cand=20463 exec=0 pos=0 neg=0 logged=0 | scan_rejects={no_quote_leg_3=175, no_quote_leg_2=220, max_start_zero=285, no_quote_leg_1=527, max_start_lt_50=23183, quote_skew_too_large=41024} | exec_rejects={profit_below_threshold=20463}
2026/04/09 05:20:12 [STATS] ticks=56015 triangles_seen=86684 cand=20789 exec=0 pos=0 neg=0 logged=0 | scan_rejects={no_quote_leg_3=175, no_quote_leg_2=220, max_start_zero=285, no_quote_leg_1=527, max_start_lt_50=23487, quote_skew_too_large=41201} | exec_rejects={profit_below_threshold=20789}
2026/04/09 05:20:17 [STATS] ticks=56532 triangles_seen=87437 cand=21083 exec=0 pos=0 neg=0 logged=0 | scan_rejects={no_quote_leg_3=175, no_quote_leg_2=220, max_start_zero=285, no_quote_leg_1=527, max_start_lt_50=23777, quote_skew_too_large=41370} | exec_rejects={profit_below_threshold=21083}
2026/04/09 05:20:22 [STATS] ticks=57005 triangles_seen=88150 cand=21358 exec=0 pos=0 neg=0 logged=0 | scan_rejects={no_quote_leg_3=175, no_quote_leg_2=220, max_start_zero=285, no_quote_leg_1=527, max_start_lt_50=23949, quote_skew_too_large=41636} | exec_rejects={profit_below_threshold=21358}
2026/04/09 05:20:27 [STATS] ticks=57387 triangles_seen=88632 cand=21566 exec=0 pos=0 neg=0 logged=0 | scan_rejects={no_quote_leg_3=175, no_quote_leg_2=220, max_start_zero=285, no_quote_leg_1=527, max_start_lt_50=24077, quote_skew_too_large=41782} | exec_rejects={profit_below_threshold=21566}
2026/04/09 05:20:32 [STATS] ticks=57857 triangles_seen=89364 cand=21791 exec=0 pos=0 neg=0 logged=0 | scan_rejects={no_quote_leg_3=175, no_quote_leg_2=220, max_start_zero=285, no_quote_leg_1=527, max_start_lt_50=24291, quote_skew_too_large=42075} | exec_rejects={profit_below_threshold=21791}
2026/04/09 05:20:37 [STATS] ticks=58211 triangles_seen=89820 cand=21953 exec=0 pos=0 neg=0 logged=0 | scan_rejects={no_quote_leg_3=175, no_quote_leg_2=220, max_start_zero=285, no_quote_leg_1=527, max_start_lt_50=24382, quote_skew_too_large=42278} | exec_rejects={profit_below_threshold=21953}
2026/04/09 05:20:42 [STATS] ticks=58590 triangles_seen=90359 cand=22149 exec=0 pos=0 neg=0 logged=0 | scan_rejects={no_quote_leg_3=175, no_quote_leg_2=220, max_start_zero=285, no_quote_leg_1=527, max_start_lt_50=24463, quote_skew_too_large=42540} | exec_rejects={profit_below_threshold=22149}
2026/04/09 05:20:47 [STATS] ticks=59026 triangles_seen=91049 cand=22326 exec=0 pos=0 neg=0 logged=0 | scan_rejects={no_quote_leg_3=175, no_quote_leg_2=220, max_start_zero=285, no_quote_leg_1=527, max_start_lt_50=24582, quote_skew_too_large=42934} | exec_rejects={profit_below_threshold=22326}
2026/04/09 05:20:52 [STATS] ticks=59384 triangles_seen=91529 cand=22493 exec=0 pos=0 neg=0 logged=0 | scan_rejects={no_quote_leg_3=175, no_quote_leg_2=220, max_start_zero=285, no_quote_leg_1=527, max_start_lt_50=24758, quote_skew_too_large=43071} | exec_rejects={profit_below_threshold=22493}
2026/04/09 05:20:57 [STATS] ticks=59822 triangles_seen=92115 cand=22565 exec=0 pos=0 neg=0 logged=0 | scan_rejects={no_quote_leg_3=175, no_quote_leg_2=220, max_start_zero=285, no_quote_leg_1=527, max_start_lt_50=24860, quote_skew_too_large=43483} | exec_rejects={profit_below_threshold=22565}
2026/04/09 05:21:02 [STATS] ticks=60658 triangles_seen=93723 cand=23030 exec=0 pos=0 neg=0 logged=0 | scan_rejects={no_quote_leg_3=175, no_quote_leg_2=220, max_start_zero=285, no_quote_leg_1=527, max_start_lt_50=25427, quote_skew_too_large=44059} | exec_rejects={profit_below_threshold=23030}
2026/04/09 05:21:07 [STATS] ticks=61059 triangles_seen=94245 cand=23247 exec=0 pos=0 neg=0 logged=0 | scan_rejects={no_quote_leg_3=175, no_quote_leg_2=220, max_start_zero=285, no_quote_leg_1=527, max_start_lt_50=25655, quote_skew_too_large=44136} | exec_rejects={profit_below_threshold=23247}
2026/04/09 05:21:12 [STATS] ticks=61432 triangles_seen=94719 cand=23351 exec=0 pos=0 neg=0 logged=0 | scan_rejects={no_quote_leg_3=175, no_quote_leg_2=220, max_start_zero=285, no_quote_leg_1=527, max_start_lt_50=25741, quote_skew_too_large=44420} | exec_rejects={profit_below_threshold=23351}
2026/04/09 05:21:17 [STATS] ticks=61769 triangles_seen=95166 cand=23351 exec=0 pos=0 neg=0 logged=0 | scan_rejects={no_quote_leg_3=175, no_quote_leg_2=220, max_start_zero=285, no_quote_leg_1=527, max_start_lt_50=25752, quote_skew_too_large=44856} | exec_rejects={profit_below_threshold=23351}
2026/04/09 05:21:22 [STATS] ticks=62115 triangles_seen=95605 cand=23351 exec=0 pos=0 neg=0 logged=0 | scan_rejects={no_quote_leg_3=175, no_quote_leg_2=220, max_start_zero=285, no_quote_leg_1=527, max_start_lt_50=25755, quote_skew_too_large=45292} | exec_rejects={profit_below_threshold=23351}
2026/04/09 05:21:27 [STATS] ticks=62495 triangles_seen=96066 cand=23351 exec=0 pos=0 neg=0 logged=0 | scan_rejects={no_quote_leg_3=175, no_quote_leg_2=220, max_start_zero=285, no_quote_leg_1=527, max_start_lt_50=25756, quote_skew_too_large=45752} | exec_rejects={profit_below_threshold=23351}
2026/04/09 05:21:32 [STATS] ticks=62918 triangles_seen=96683 cand=23395 exec=0 pos=0 neg=0 logged=0 | scan_rejects={no_quote_leg_3=175, no_quote_leg_2=220, max_start_zero=285, no_quote_leg_1=527, max_start_lt_50=25777, quote_skew_too_large=46304} | exec_rejects={profit_below_threshold=23395}
2026/04/09 05:21:37 [STATS] ticks=63599 triangles_seen=97797 cand=23691 exec=0 pos=0 neg=0 logged=0 | scan_rejects={no_quote_leg_3=175, no_quote_leg_2=220, max_start_zero=285, no_quote_leg_1=527, max_start_lt_50=26092, quote_skew_too_large=46807} | exec_rejects={profit_below_threshold=23691}
2026/04/09 05:21:42 [STATS] ticks=64047 triangles_seen=98370 cand=23922 exec=0 pos=0 neg=0 logged=0 | scan_rejects={no_quote_leg_3=175, no_quote_leg_2=220, max_start_zero=285, no_quote_leg_1=527, max_start_lt_50=26361, quote_skew_too_large=46880} | exec_rejects={profit_below_threshold=23922}
2026/04/09 05:21:47 [STATS] ticks=64435 triangles_seen=98886 cand=23989 exec=0 pos=0 neg=0 logged=0 | scan_rejects={no_quote_leg_3=175, no_quote_leg_2=220, max_start_zero=285, no_quote_leg_1=527, max_start_lt_50=26477, quote_skew_too_large=47213} | exec_rejects={profit_below_threshold=23989}
2026/04/09 05:21:52 [STATS] ticks=64848 triangles_seen=99478 cand=24047 exec=0 pos=0 neg=0 logged=0 | scan_rejects={no_quote_leg_3=175, no_quote_leg_2=220, max_start_zero=285, no_quote_leg_1=527, max_start_lt_50=26524, quote_skew_too_large=47700} | exec_rejects={profit_below_threshold=24047}
2026/04/09 05:21:57 [STATS] ticks=65251 triangles_seen=100029 cand=24151 exec=0 pos=0 neg=0 logged=0 | scan_rejects={no_quote_leg_3=175, no_quote_leg_2=220, max_start_zero=285, no_quote_leg_1=527, max_start_lt_50=26611, quote_skew_too_large=48060} | exec_rejects={profit_below_threshold=24151}
2026/04/09 05:22:02 [STATS] ticks=65743 triangles_seen=100763 cand=24313 exec=0 pos=0 neg=0 logged=0 | scan_rejects={no_quote_leg_3=175, no_quote_leg_2=220, max_start_zero=285, no_quote_leg_1=527, max_start_lt_50=26749, quote_skew_too_large=48494} | exec_rejects={profit_below_threshold=24313}
2026/04/09 05:22:07 [STATS] ticks=66126 triangles_seen=101241 cand=24547 exec=0 pos=0 neg=0 logged=0 | scan_rejects={no_quote_leg_3=175, no_quote_leg_2=220, max_start_zero=285, no_quote_leg_1=527, max_start_lt_50=26877, quote_skew_too_large=48610} | exec_rejects={profit_below_threshold=24547}
2026/04/09 05:22:12 [STATS] ticks=66474 triangles_seen=101659 cand=24625 exec=0 pos=0 neg=0 logged=0 | scan_rejects={no_quote_leg_3=175, no_quote_leg_2=220, max_start_zero=285, no_quote_leg_1=527, max_start_lt_50=26921, quote_skew_too_large=48906} | exec_rejects={profit_below_threshold=24625}
2026/04/09 05:22:17 [STATS] ticks=66791 triangles_seen=102055 cand=24625 exec=0 pos=0 neg=0 logged=0 | scan_rejects={no_quote_leg_3=175, no_quote_leg_2=220, max_start_zero=285, no_quote_leg_1=527, max_start_lt_50=26929, quote_skew_too_large=49294} | exec_rejects={profit_below_threshold=24625}
2026/04/09 05:22:22 [STATS] ticks=67098 triangles_seen=102424 cand=24625 exec=0 pos=0 neg=0 logged=0 | scan_rejects={no_quote_leg_3=175, no_quote_leg_2=220, max_start_zero=285, no_quote_leg_1=527, max_start_lt_50=26936, quote_skew_too_large=49656} | exec_rejects={profit_below_threshold=24625}
2026/04/09 05:22:27 [STATS] ticks=67681 triangles_seen=103490 cand=24899 exec=0 pos=0 neg=0 logged=0 | scan_rejects={no_quote_leg_3=175, no_quote_leg_2=220, max_start_zero=285, no_quote_leg_1=527, max_start_lt_50=27113, quote_skew_too_large=50271} | exec_rejects={profit_below_threshold=24899}
2026/04/09 05:22:32 [STATS] ticks=68111 triangles_seen=104116 cand=25169 exec=0 pos=0 neg=0 logged=0 | scan_rejects={no_quote_leg_3=175, no_quote_leg_2=220, max_start_zero=285, no_quote_leg_1=527, max_start_lt_50=27293, quote_skew_too_large=50447} | exec_rejects={profit_below_threshold=25169}
2026/04/09 05:22:37 [STATS] ticks=68832 triangles_seen=105461 cand=25655 exec=0 pos=0 neg=0 logged=0 | scan_rejects={no_quote_leg_3=175, no_quote_leg_2=220, max_start_zero=285, no_quote_leg_1=527, max_start_lt_50=27639, quote_skew_too_large=50960} | exec_rejects={profit_below_threshold=25655}
2026/04/09 05:22:42 [STATS] ticks=69171 triangles_seen=105877 cand=25840 exec=0 pos=0 neg=0 logged=0 | scan_rejects={no_quote_leg_3=175, no_quote_leg_2=220, max_start_zero=298, no_quote_leg_1=527, max_start_lt_50=27781, quote_skew_too_large=51036} | exec_rejects={profit_below_threshold=25840}
2026/04/09 05:22:47 [STATS] ticks=69526 triangles_seen=106379 cand=25892 exec=0 pos=0 neg=0 logged=0 | scan_rejects={no_quote_leg_3=175, no_quote_leg_2=220, max_start_zero=304, no_quote_leg_1=527, max_start_lt_50=27887, quote_skew_too_large=51374} | exec_rejects={profit_below_threshold=25892}
2026/04/09 05:22:52 [STATS] ticks=69885 triangles_seen=106845 cand=25904 exec=0 pos=0 neg=0 logged=0 | scan_rejects={no_quote_leg_3=175, no_quote_leg_2=220, max_start_zero=304, no_quote_leg_1=527, max_start_lt_50=28082, quote_skew_too_large=51633} | exec_rejects={profit_below_threshold=25904}
2026/04/09 05:22:57 [STATS] ticks=70308 triangles_seen=107464 cand=25992 exec=0 pos=0 neg=0 logged=0 | scan_rejects={no_quote_leg_3=175, no_quote_leg_2=220, max_start_zero=313, no_quote_leg_1=527, max_start_lt_50=28224, quote_skew_too_large=52013} | exec_rejects={profit_below_threshold=25992}
2026/04/09 05:23:02 [STATS] ticks=70809 triangles_seen=108366 cand=26256 exec=0 pos=0 neg=0 logged=0 | scan_rejects={no_quote_leg_3=175, no_quote_leg_2=220, max_start_zero=336, no_quote_leg_1=527, max_start_lt_50=28476, quote_skew_too_large=52376} | exec_rejects={profit_below_threshold=26256}
2026/04/09 05:23:07 [STATS] ticks=71268 triangles_seen=108929 cand=26499 exec=0 pos=0 neg=0 logged=0 | scan_rejects={no_quote_leg_3=175, no_quote_leg_2=220, max_start_zero=378, no_quote_leg_1=527, max_start_lt_50=28690, quote_skew_too_large=52440} | exec_rejects={profit_below_threshold=26499}
2026/04/09 05:23:12 [STATS] ticks=71757 triangles_seen=109625 cand=26807 exec=0 pos=0 neg=0 logged=0 | scan_rejects={no_quote_leg_3=175, no_quote_leg_2=220, max_start_zero=421, no_quote_leg_1=527, max_start_lt_50=28821, quote_skew_too_large=52654} | exec_rejects={profit_below_threshold=26807}
2026/04/09 05:23:17 [STATS] ticks=72136 triangles_seen=110120 cand=27030 exec=0 pos=0 neg=0 logged=0 | scan_rejects={no_quote_leg_3=175, no_quote_leg_2=220, max_start_zero=460, no_quote_leg_1=527, max_start_lt_50=28897, quote_skew_too_large=52811} | exec_rejects={profit_below_threshold=27030}
2026/04/09 05:23:22 [STATS] ticks=72415 triangles_seen=110487 cand=27106 exec=0 pos=0 neg=0 logged=0 | scan_rejects={no_quote_leg_3=175, no_quote_leg_2=220, max_start_zero=491, no_quote_leg_1=527, max_start_lt_50=28932, quote_skew_too_large=53036} | exec_rejects={profit_below_threshold=27106}
2026/04/09 05:23:27 [STATS] ticks=72967 triangles_seen=111523 cand=27409 exec=0 pos=0 neg=0 logged=0 | scan_rejects={no_quote_leg_3=175, no_quote_leg_2=220, max_start_zero=524, no_quote_leg_1=527, max_start_lt_50=29129, quote_skew_too_large=53539} | exec_rejects={profit_below_threshold=27409}
2026/04/09 05:23:32 [STATS] ticks=73303 triangles_seen=112005 cand=27614 exec=0 pos=0 neg=0 logged=0 | scan_rejects={no_quote_leg_3=175, no_quote_leg_2=220, no_quote_leg_1=527, max_start_zero=545, max_start_lt_50=29274, quote_skew_too_large=53650} | exec_rejects={profit_below_threshold=27614}
2026/04/09 05:23:37 [STATS] ticks=73549 triangles_seen=112326 cand=27656 exec=0 pos=0 neg=0 logged=0 | scan_rejects={no_quote_leg_3=175, no_quote_leg_2=220, no_quote_leg_1=527, max_start_zero=546, max_start_lt_50=29323, quote_skew_too_large=53879} | exec_rejects={profit_below_threshold=27656}
2026/04/09 05:23:42 [STATS] ticks=74021 triangles_seen=113058 cand=27726 exec=0 pos=0 neg=0 logged=0 | scan_rejects={no_quote_leg_3=175, no_quote_leg_2=220, no_quote_leg_1=527, max_start_zero=576, max_start_lt_50=29465, quote_skew_too_large=54369} | exec_rejects={profit_below_threshold=27726}
2026/04/09 05:23:47 [STATS] ticks=74491 triangles_seen=113777 cand=27944 exec=0 pos=0 neg=0 logged=0 | scan_rejects={no_quote_leg_3=175, no_quote_leg_2=220, no_quote_leg_1=527, max_start_zero=619, max_start_lt_50=29747, quote_skew_too_large=54545} | exec_rejects={profit_below_threshold=27944}
2026/04/09 05:23:52 [STATS] ticks=74814 triangles_seen=114156 cand=28057 exec=0 pos=0 neg=0 logged=0 | scan_rejects={no_quote_leg_3=175, no_quote_leg_2=220, no_quote_leg_1=527, max_start_zero=658, max_start_lt_50=29856, quote_skew_too_large=54663} | exec_rejects={profit_below_threshold=28057}
2026/04/09 05:23:57 [STATS] ticks=75104 triangles_seen=114483 cand=28057 exec=0 pos=0 neg=0 logged=0 | scan_rejects={no_quote_leg_3=175, no_quote_leg_2=220, no_quote_leg_1=527, max_start_zero=658, max_start_lt_50=29864, quote_skew_too_large=54982} | exec_rejects={profit_below_threshold=28057}
2026/04/09 05:24:02 [STATS] ticks=75531 triangles_seen=115123 cand=28173 exec=0 pos=0 neg=0 logged=0 | scan_rejects={no_quote_leg_3=175, no_quote_leg_2=220, no_quote_leg_1=527, max_start_zero=658, max_start_lt_50=29920, quote_skew_too_large=55450} | exec_rejects={profit_below_threshold=28173}
2026/04/09 05:24:07 [STATS] ticks=76054 triangles_seen=115822 cand=28334 exec=0 pos=0 neg=0 logged=0 | scan_rejects={no_quote_leg_3=175, no_quote_leg_2=220, no_quote_leg_1=527, max_start_zero=658, max_start_lt_50=30017, quote_skew_too_large=55891} | exec_rejects={profit_below_threshold=28334}
2026/04/09 05:24:12 [STATS] ticks=76456 triangles_seen=116375 cand=28514 exec=0 pos=0 neg=0 logged=0 | scan_rejects={no_quote_leg_3=175, no_quote_leg_2=220, no_quote_leg_1=527, max_start_zero=674, max_start_lt_50=30151, quote_skew_too_large=56114} | exec_rejects={profit_below_threshold=28514}
2026/04/09 05:24:17 [STATS] ticks=76773 triangles_seen=116772 cand=28648 exec=0 pos=0 neg=0 logged=0 | scan_rejects={no_quote_leg_3=175, no_quote_leg_2=220, no_quote_leg_1=527, max_start_zero=705, max_start_lt_50=30229, quote_skew_too_large=56268} | exec_rejects={profit_below_threshold=28648}
2026/04/09 05:24:22 [STATS] ticks=77040 triangles_seen=117105 cand=28676 exec=0 pos=0 neg=0 logged=0 | scan_rejects={no_quote_leg_3=175, no_quote_leg_2=220, no_quote_leg_1=527, max_start_zero=716, max_start_lt_50=30236, quote_skew_too_large=56555} | exec_rejects={profit_below_threshold=28676}
2026/04/09 05:24:27 [STATS] ticks=77314 triangles_seen=117433 cand=28676 exec=0 pos=0 neg=0 logged=0 | scan_rejects={no_quote_leg_3=175, no_quote_leg_2=220, no_quote_leg_1=527, max_start_zero=716, max_start_lt_50=30236, quote_skew_too_large=56883} | exec_rejects={profit_below_threshold=28676}
2026/04/09 05:24:32 [STATS] ticks=77802 triangles_seen=118240 cand=28829 exec=0 pos=0 neg=0 logged=0 | scan_rejects={no_quote_leg_3=175, no_quote_leg_2=220, no_quote_leg_1=527, max_start_zero=754, max_start_lt_50=30343, quote_skew_too_large=57392} | exec_rejects={profit_below_threshold=28829}
2026/04/09 05:24:37 [STATS] ticks=78143 triangles_seen=118675 cand=28981 exec=0 pos=0 neg=0 logged=0 | scan_rejects={no_quote_leg_3=175, no_quote_leg_2=220, no_quote_leg_1=527, max_start_zero=756, max_start_lt_50=30477, quote_skew_too_large=57539} | exec_rejects={profit_below_threshold=28981}
2026/04/09 05:24:42 [STATS] ticks=78525 triangles_seen=119256 cand=29075 exec=0 pos=0 neg=0 logged=0 | scan_rejects={no_quote_leg_3=175, no_quote_leg_2=220, no_quote_leg_1=527, max_start_zero=756, max_start_lt_50=30616, quote_skew_too_large=57887} | exec_rejects={profit_below_threshold=29075}
2026/04/09 05:24:47 [STATS] ticks=78835 triangles_seen=119635 cand=29130 exec=0 pos=0 neg=0 logged=0 | scan_rejects={no_quote_leg_3=175, no_quote_leg_2=220, no_quote_leg_1=527, max_start_zero=756, max_start_lt_50=30703, quote_skew_too_large=58124} | exec_rejects={profit_below_threshold=29130}
2026/04/09 05:24:52 [STATS] ticks=79154 triangles_seen=120034 cand=29134 exec=0 pos=0 neg=0 logged=0 | scan_rejects={no_quote_leg_3=175, no_quote_leg_2=220, no_quote_leg_1=527, max_start_zero=756, max_start_lt_50=30704, quote_skew_too_large=58518} | exec_rejects={profit_below_threshold=29134}
2026/04/09 05:24:57 [STATS] ticks=79450 triangles_seen=120406 cand=29138 exec=0 pos=0 neg=0 logged=0 | scan_rejects={no_quote_leg_3=175, no_quote_leg_2=220, no_quote_leg_1=527, max_start_zero=756, max_start_lt_50=30716, quote_skew_too_large=58874} | exec_rejects={profit_below_threshold=29138}
2026/04/09 05:25:02 [STATS] ticks=79941 triangles_seen=121192 cand=29226 exec=0 pos=0 neg=0 logged=0 | scan_rejects={no_quote_leg_3=175, no_quote_leg_2=220, no_quote_leg_1=527, max_start_zero=756, max_start_lt_50=30816, quote_skew_too_large=59472} | exec_rejects={profit_below_threshold=29226}
2026/04/09 05:25:07 [STATS] ticks=80620 triangles_seen=122228 cand=29518 exec=0 pos=0 neg=0 logged=0 | scan_rejects={no_quote_leg_3=175, no_quote_leg_2=220, no_quote_leg_1=527, max_start_zero=756, max_start_lt_50=31208, quote_skew_too_large=59824} | exec_rejects={profit_below_threshold=29518}
2026/04/09 05:25:12 [STATS] ticks=81167 triangles_seen=123059 cand=29846 exec=0 pos=0 neg=0 logged=0 | scan_rejects={no_quote_leg_3=175, no_quote_leg_2=220, no_quote_leg_1=527, max_start_zero=756, max_start_lt_50=31491, quote_skew_too_large=60044} | exec_rejects={profit_below_threshold=29846}
2026/04/09 05:25:17 [STATS] ticks=81797 triangles_seen=123987 cand=30193 exec=0 pos=0 neg=0 logged=0 | scan_rejects={no_quote_leg_3=175, no_quote_leg_2=220, no_quote_leg_1=527, max_start_zero=756, max_start_lt_50=31816, quote_skew_too_large=60300} | exec_rejects={profit_below_threshold=30193}
2026/04/09 05:25:22 [STATS] ticks=82219 triangles_seen=124469 cand=30339 exec=0 pos=0 neg=0 logged=0 | scan_rejects={no_quote_leg_3=175, no_quote_leg_2=220, no_quote_leg_1=527, max_start_zero=756, max_start_lt_50=31973, quote_skew_too_large=60479} | exec_rejects={profit_below_threshold=30339}
2026/04/09 05:25:27 [STATS] ticks=82661 triangles_seen=125016 cand=30351 exec=0 pos=0 neg=0 logged=0 | scan_rejects={no_quote_leg_3=175, no_quote_leg_2=220, no_quote_leg_1=527, max_start_zero=756, max_start_lt_50=31989, quote_skew_too_large=60998} | exec_rejects={profit_below_threshold=30351}
2026/04/09 05:25:32 [STATS] ticks=83103 triangles_seen=125568 cand=30351 exec=0 pos=0 neg=0 logged=0 | scan_rejects={no_quote_leg_3=175, no_quote_leg_2=220, no_quote_leg_1=527, max_start_zero=756, max_start_lt_50=31989, quote_skew_too_large=61550} | exec_rejects={profit_below_threshold=30351}
2026/04/09 05:25:37 [STATS] ticks=83500 triangles_seen=126074 cand=30404 exec=0 pos=0 neg=0 logged=0 | scan_rejects={no_quote_leg_3=175, no_quote_leg_2=220, no_quote_leg_1=527, max_start_zero=756, max_start_lt_50=32017, quote_skew_too_large=61975} | exec_rejects={profit_below_threshold=30404}
2026/04/09 05:25:42 [STATS] ticks=83889 triangles_seen=126641 cand=30520 exec=0 pos=0 neg=0 logged=0 | scan_rejects={no_quote_leg_3=175, no_quote_leg_2=220, no_quote_leg_1=527, max_start_zero=756, max_start_lt_50=32072, quote_skew_too_large=62371} | exec_rejects={profit_below_threshold=30520}
2026/04/09 05:25:47 [STATS] ticks=84264 triangles_seen=127094 cand=30586 exec=0 pos=0 neg=0 logged=0 | scan_rejects={no_quote_leg_3=175, no_quote_leg_2=220, no_quote_leg_1=527, max_start_zero=756, max_start_lt_50=32125, quote_skew_too_large=62705} | exec_rejects={profit_below_threshold=30586}
2026/04/09 05:25:52 [STATS] ticks=84601 triangles_seen=127544 cand=30592 exec=0 pos=0 neg=0 logged=0 | scan_rejects={no_quote_leg_3=175, no_quote_leg_2=220, no_quote_leg_1=527, max_start_zero=756, max_start_lt_50=32128, quote_skew_too_large=63146} | exec_rejects={profit_below_threshold=30592}
2026/04/09 05:25:57 [STATS] ticks=84979 triangles_seen=128101 cand=30621 exec=0 pos=0 neg=0 logged=0 | scan_rejects={no_quote_leg_3=175, no_quote_leg_2=220, no_quote_leg_1=527, max_start_zero=756, max_start_lt_50=32150, quote_skew_too_large=63652} | exec_rejects={profit_below_threshold=30621}
2026/04/09 05:26:02 [STATS] ticks=85370 triangles_seen=128646 cand=30838 exec=0 pos=0 neg=0 logged=0 | scan_rejects={no_quote_leg_3=175, no_quote_leg_2=220, no_quote_leg_1=527, max_start_zero=756, max_start_lt_50=32288, quote_skew_too_large=63842} | exec_rejects={profit_below_threshold=30838}
2026/04/09 05:26:07 [STATS] ticks=85749 triangles_seen=129145 cand=30964 exec=0 pos=0 neg=0 logged=0 | scan_rejects={no_quote_leg_3=175, no_quote_leg_2=220, no_quote_leg_1=527, max_start_zero=756, max_start_lt_50=32370, quote_skew_too_large=64133} | exec_rejects={profit_below_threshold=30964}
2026/04/09 05:26:12 [STATS] ticks=86106 triangles_seen=129542 cand=31035 exec=0 pos=0 neg=0 logged=0 | scan_rejects={no_quote_leg_3=175, no_quote_leg_2=220, no_quote_leg_1=527, max_start_zero=756, max_start_lt_50=32454, quote_skew_too_large=64375} | exec_rejects={profit_below_threshold=31035}
2026/04/09 05:26:17 [STATS] ticks=86462 triangles_seen=129956 cand=31082 exec=0 pos=0 neg=0 logged=0 | scan_rejects={no_quote_leg_3=175, no_quote_leg_2=220, no_quote_leg_1=527, max_start_zero=756, max_start_lt_50=32475, quote_skew_too_large=64721} | exec_rejects={profit_below_threshold=31082}
2026/04/09 05:26:22 [STATS] ticks=86814 triangles_seen=130341 cand=31082 exec=0 pos=0 neg=0 logged=0 | scan_rejects={no_quote_leg_3=175, no_quote_leg_2=220, no_quote_leg_1=527, max_start_zero=756, max_start_lt_50=32475, quote_skew_too_large=65106} | exec_rejects={profit_below_threshold=31082}
2026/04/09 05:26:27 [STATS] ticks=87309 triangles_seen=131018 cand=31271 exec=0 pos=0 neg=0 logged=0 | scan_rejects={no_quote_leg_3=175, no_quote_leg_2=220, no_quote_leg_1=527, max_start_zero=756, max_start_lt_50=32636, quote_skew_too_large=65433} | exec_rejects={profit_below_threshold=31271}
2026/04/09 05:26:32 [STATS] ticks=87729 triangles_seen=131568 cand=31499 exec=0 pos=0 neg=0 logged=0 | scan_rejects={no_quote_leg_3=175, no_quote_leg_2=220, no_quote_leg_1=527, max_start_zero=757, max_start_lt_50=32794, quote_skew_too_large=65596} | exec_rejects={profit_below_threshold=31499}
2026/04/09 05:26:37 [STATS] ticks=88248 triangles_seen=132382 cand=31652 exec=0 pos=0 neg=0 logged=0 | scan_rejects={no_quote_leg_3=175, no_quote_leg_2=220, no_quote_leg_1=527, max_start_zero=759, max_start_lt_50=32915, quote_skew_too_large=66134} | exec_rejects={profit_below_threshold=31652}
2026/04/09 05:26:42 [STATS] ticks=88806 triangles_seen=133245 cand=31988 exec=0 pos=0 neg=0 logged=0 | scan_rejects={no_quote_leg_3=175, no_quote_leg_2=220, no_quote_leg_1=527, max_start_zero=764, max_start_lt_50=33208, quote_skew_too_large=66363} | exec_rejects={profit_below_threshold=31988}
2026/04/09 05:26:47 [STATS] ticks=89184 triangles_seen=133715 cand=32206 exec=0 pos=0 neg=0 logged=0 | scan_rejects={no_quote_leg_3=175, no_quote_leg_2=220, no_quote_leg_1=527, max_start_zero=766, max_start_lt_50=33363, quote_skew_too_large=66458} | exec_rejects={profit_below_threshold=32206}
2026/04/09 05:26:52 [STATS] ticks=89730 triangles_seen=134570 cand=32406 exec=0 pos=0 neg=0 logged=0 | scan_rejects={no_quote_leg_3=175, no_quote_leg_2=220, no_quote_leg_1=527, max_start_zero=768, max_start_lt_50=33551, quote_skew_too_large=66923} | exec_rejects={profit_below_threshold=32406}
2026/04/09 05:26:57 [STATS] ticks=90143 triangles_seen=135151 cand=32634 exec=0 pos=0 neg=0 logged=0 | scan_rejects={no_quote_leg_3=175, no_quote_leg_2=220, no_quote_leg_1=527, max_start_zero=769, max_start_lt_50=33746, quote_skew_too_large=67080} | exec_rejects={profit_below_threshold=32634}
2026/04/09 05:27:02 [STATS] ticks=90635 triangles_seen=135877 cand=32873 exec=0 pos=0 neg=0 logged=0 | scan_rejects={no_quote_leg_3=175, no_quote_leg_2=220, no_quote_leg_1=527, max_start_zero=771, max_start_lt_50=33981, quote_skew_too_large=67330} | exec_rejects={profit_below_threshold=32873}
2026/04/09 05:27:07 [STATS] ticks=91338 triangles_seen=136974 cand=33321 exec=0 pos=0 neg=0 logged=0 | scan_rejects={no_quote_leg_3=175, no_quote_leg_2=220, no_quote_leg_1=527, max_start_zero=777, max_start_lt_50=34260, quote_skew_too_large=67694} | exec_rejects={profit_below_threshold=33321}
2026/04/09 05:27:12 [STATS] ticks=91852 triangles_seen=137739 cand=33507 exec=0 pos=0 neg=0 logged=0 | scan_rejects={no_quote_leg_3=175, no_quote_leg_2=220, no_quote_leg_1=527, max_start_zero=778, max_start_lt_50=34415, quote_skew_too_large=68117} | exec_rejects={profit_below_threshold=33507}
2026/04/09 05:27:17 [STATS] ticks=92364 triangles_seen=138569 cand=33700 exec=0 pos=0 neg=0 logged=0 | scan_rejects={no_quote_leg_3=175, no_quote_leg_2=220, no_quote_leg_1=527, max_start_zero=783, max_start_lt_50=34594, quote_skew_too_large=68570} | exec_rejects={profit_below_threshold=33700}
2026/04/09 05:27:22 [STATS] ticks=92741 triangles_seen=139053 cand=33878 exec=0 pos=0 neg=0 logged=0 | scan_rejects={no_quote_leg_3=175, no_quote_leg_2=220, no_quote_leg_1=527, max_start_zero=783, max_start_lt_50=34723, quote_skew_too_large=68747} | exec_rejects={profit_below_threshold=33878}
2026/04/09 05:27:27 [STATS] ticks=93173 triangles_seen=139673 cand=33952 exec=0 pos=0 neg=0 logged=0 | scan_rejects={no_quote_leg_3=175, no_quote_leg_2=220, no_quote_leg_1=527, max_start_zero=783, max_start_lt_50=34799, quote_skew_too_large=69217} | exec_rejects={profit_below_threshold=33952}
2026/04/09 05:27:32 [STATS] ticks=93812 triangles_seen=140837 cand=34208 exec=0 pos=0 neg=0 logged=0 | scan_rejects={no_quote_leg_3=175, no_quote_leg_2=220, no_quote_leg_1=527, max_start_zero=784, max_start_lt_50=35187, quote_skew_too_large=69736} | exec_rejects={profit_below_threshold=34208}
2026/04/09 05:27:37 [STATS] ticks=94816 triangles_seen=142710 cand=34718 exec=0 pos=0 neg=0 logged=0 | scan_rejects={no_quote_leg_3=175, no_quote_leg_2=220, no_quote_leg_1=527, max_start_zero=796, max_start_lt_50=36072, quote_skew_too_large=70202} | exec_rejects={profit_below_threshold=34718}
2026/04/09 05:27:42 [STATS] ticks=95265 triangles_seen=143394 cand=34924 exec=0 pos=0 neg=0 logged=0 | scan_rejects={no_quote_leg_3=175, no_quote_leg_2=220, no_quote_leg_1=527, max_start_zero=796, max_start_lt_50=36402, quote_skew_too_large=70350} | exec_rejects={profit_below_threshold=34924}
2026/04/09 05:27:47 [STATS] ticks=95703 triangles_seen=144075 cand=35136 exec=0 pos=0 neg=0 logged=0 | scan_rejects={no_quote_leg_3=175, no_quote_leg_2=220, no_quote_leg_1=527, max_start_zero=796, max_start_lt_50=36604, quote_skew_too_large=70617} | exec_rejects={profit_below_threshold=35136}
2026/04/09 05:27:52 [STATS] ticks=96119 triangles_seen=144862 cand=35355 exec=0 pos=0 neg=0 logged=0 | scan_rejects={no_quote_leg_3=175, no_quote_leg_2=220, no_quote_leg_1=527, max_start_zero=798, max_start_lt_50=36827, quote_skew_too_large=70960} | exec_rejects={profit_below_threshold=35355}
2026/04/09 05:27:57 [STATS] ticks=96587 triangles_seen=145543 cand=35529 exec=0 pos=0 neg=0 logged=0 | scan_rejects={no_quote_leg_3=175, no_quote_leg_2=220, no_quote_leg_1=527, max_start_zero=799, max_start_lt_50=37043, quote_skew_too_large=71250} | exec_rejects={profit_below_threshold=35529}
2026/04/09 05:28:02 [STATS] ticks=97065 triangles_seen=146384 cand=35733 exec=0 pos=0 neg=0 logged=0 | scan_rejects={no_quote_leg_3=175, no_quote_leg_2=220, no_quote_leg_1=527, max_start_zero=799, max_start_lt_50=37274, quote_skew_too_large=71656} | exec_rejects={profit_below_threshold=35733}
2026/04/09 05:28:07 [STATS] ticks=97736 triangles_seen=147572 cand=36023 exec=0 pos=0 neg=0 logged=0 | scan_rejects={no_quote_leg_3=175, no_quote_leg_2=220, no_quote_leg_1=527, max_start_zero=799, max_start_lt_50=37677, quote_skew_too_large=72151} | exec_rejects={profit_below_threshold=36023}
2026/04/09 05:28:12 [STATS] ticks=98184 triangles_seen=148242 cand=36219 exec=0 pos=0 neg=0 logged=0 | scan_rejects={no_quote_leg_3=175, no_quote_leg_2=220, no_quote_leg_1=527, max_start_zero=799, max_start_lt_50=37940, quote_skew_too_large=72362} | exec_rejects={profit_below_threshold=36219}
2026/04/09 05:28:17 [STATS] ticks=98624 triangles_seen=148922 cand=36385 exec=0 pos=0 neg=0 logged=0 | scan_rejects={no_quote_leg_3=175, no_quote_leg_2=220, no_quote_leg_1=527, max_start_zero=799, max_start_lt_50=38196, quote_skew_too_large=72620} | exec_rejects={profit_below_threshold=36385}
2026/04/09 05:28:22 [STATS] ticks=99065 triangles_seen=149553 cand=36567 exec=0 pos=0 neg=0 logged=0 | scan_rejects={no_quote_leg_3=175, no_quote_leg_2=220, no_quote_leg_1=527, max_start_zero=799, max_start_lt_50=38362, quote_skew_too_large=72903} | exec_rejects={profit_below_threshold=36567}
2026/04/09 05:28:27 [STATS] ticks=99476 triangles_seen=150099 cand=36753 exec=0 pos=0 neg=0 logged=0 | scan_rejects={no_quote_leg_3=175, no_quote_leg_2=220, no_quote_leg_1=527, max_start_zero=811, max_start_lt_50=38514, quote_skew_too_large=73099} | exec_rejects={profit_below_threshold=36753}
2026/04/09 05:28:32 [STATS] ticks=99868 triangles_seen=150576 cand=36862 exec=0 pos=0 neg=0 logged=0 | scan_rejects={no_quote_leg_3=175, no_quote_leg_2=220, no_quote_leg_1=527, max_start_zero=822, max_start_lt_50=38589, quote_skew_too_large=73381} | exec_rejects={profit_below_threshold=36862}
2026/04/09 05:28:37 [STATS] ticks=100175 triangles_seen=150950 cand=36862 exec=0 pos=0 neg=0 logged=0 | scan_rejects={no_quote_leg_3=175, no_quote_leg_2=220, no_quote_leg_1=527, max_start_zero=822, max_start_lt_50=38589, quote_skew_too_large=73755} | exec_rejects={profit_below_threshold=36862}
2026/04/09 05:28:42 [STATS] ticks=100668 triangles_seen=151862 cand=36996 exec=0 pos=0 neg=0 logged=0 | scan_rejects={no_quote_leg_3=175, no_quote_leg_2=220, no_quote_leg_1=527, max_start_zero=827, max_start_lt_50=38747, quote_skew_too_large=74370} | exec_rejects={profit_below_threshold=36996}
