2025-12-15 15:44:36.265
[ARB] +0.201%  USDT→IRYS→USDC→USDT  maxStart=6.1202 USDT (6.1202 USDT)  safeStart=3.0601 USDT (3.0601 USDT) (x0.50)  bottleneck=IRYSUSDC
  IRYSUSDT (IRYS/USDT): bid=0.0322500000 ask=0.0322600000  spread=0.0000100000 (0.03100%)  bidQty=32.3300 askQty=1191.9200
  IRYSUSDC (IRYS/USDC): bid=0.0323700000 ask=0.0324300000  spread=0.0000600000 (0.18519%)  bidQty=189.6400 askQty=42.9400
  USDCUSDT (USDC/USDT): bid=0.9998000000 ask=0.9999000000  spread=0.0001000000 (0.01000%)  bidQty=288854.8100 askQty=289169.7000

2025-12-15 15:44:36.274
[ARB] +0.201%  USDT→IRYS→USDC→USDT  maxStart=6.1202 USDT (6.1202 USDT)  safeStart=3.0601 USDT (3.0601 USDT) (x0.50)  bottleneck=IRYSUSDC
  IRYSUSDT (IRYS/USDT): bid=0.0322500000 ask=0.0322600000  spread=0.0000100000 (0.03100%)  bidQty=32.3300 askQty=1191.9200
  IRYSUSDC (IRYS/USDC): bid=0.0323700000 ask=0.0323800000  spread=0.0000100000 (0.03089%)  bidQty=189.6400 askQty=37.0600
  USDCUSDT (USDC/USDT): bid=0.9998000000 ask=0.9999000000  spread=0.0001000000 (0.01000%)  bidQty=288854.8100 askQty=289169.7000

2025-12-15 15:47:46.340
[ARB] +2.657%  BDX→BTC→USDT→BDX  maxStart=217.0000 BDX (19.5300 USDT)  safeStart=108.5000 BDX (9.7650 USDT) (x0.50)  bottleneck=BDXBTC
  BDXBTC (BDX/BTC): bid=0.0000010325 ask=0.0000010327  spread=0.0000000002 (0.01937%)  bidQty=217.0000 askQty=8292.0000
  BTCUSDT (BTC/USDT): bid=89690.1500000000 ask=89690.2200000000  spread=0.0700000000 (0.00008%)  bidQty=1.5602 askQty=7.7521
  BDXUSDT (BDX/USDT): bid=0.0900000000 ask=0.0901000000  spread=0.0001000000 (0.11105%)  bidQty=387.4400 askQty=502.5500

2025-12-15 15:50:14.726
[ARB] +2.609%  BDX→BTC→USDT→BDX  maxStart=2269.0000 BDX (204.1873 USDT)  safeStart=1134.5000 BDX (102.0937 USDT) (x0.50)  bottleneck=BDXBTC
  BDXBTC (BDX/BTC): bid=0.0000010325 ask=0.0000010326  spread=0.0000000001 (0.00968%)  bidQty=2269.0000 askQty=1847.0000
  BTCUSDT (BTC/USDT): bid=89638.5700000000 ask=89638.7200000000  spread=0.1500000000 (0.00017%)  bidQty=5.3732 askQty=3.6960
  BDXUSDT (BDX/USDT): bid=0.0899900000 ask=0.0900900000  spread=0.0001000000 (0.11106%)  bidQty=8989.8500 askQty=9333.9800

2025-12-15 15:50:14.777
[ARB] +2.609%  BDX→BTC→USDT→BDX  maxStart=2269.0000 BDX (204.1873 USDT)  safeStart=1134.5000 BDX (102.0937 USDT) (x0.50)  bottleneck=BDXBTC
  BDXBTC (BDX/BTC): bid=0.0000010325 ask=0.0000010326  spread=0.0000000001 (0.00968%)  bidQty=2269.0000 askQty=1847.0000
  BTCUSDT (BTC/USDT): bid=89638.5700000000 ask=89638.7100000000  spread=0.1400000000 (0.00016%)  bidQty=5.3732 askQty=3.6960
  BDXUSDT (BDX/USDT): bid=0.0899900000 ask=0.0900900000  spread=0.0001000000 (0.11106%)  bidQty=8989.8500 askQty=9333.9800

2025-12-15 15:50:14.790
[ARB] +2.609%  BDX→BTC→USDT→BDX  maxStart=1817.0000 BDX (163.5118 USDT)  safeStart=908.5000 BDX (81.7559 USDT) (x0.50)  bottleneck=BDXBTC
  BDXBTC (BDX/BTC): bid=0.0000010325 ask=0.0000010326  spread=0.0000000001 (0.00968%)  bidQty=1817.0000 askQty=1847.0000
  BTCUSDT (BTC/USDT): bid=89638.5700000000 ask=89638.7100000000  spread=0.1400000000 (0.00016%)  bidQty=5.3732 askQty=3.6960
  BDXUSDT (BDX/USDT): bid=0.0899900000 ask=0.0900900000  spread=0.0001000000 (0.11106%)  bidQty=8989.8500 askQty=8881.5200

2025-12-15 15:50:14.818
[ARB] +2.609%  BDX→BTC→USDT→BDX  maxStart=1817.0000 BDX (163.5118 USDT)  safeStart=908.5000 BDX (81.7559 USDT) (x0.50)  bottleneck=BDXBTC
  BDXBTC (BDX/BTC): bid=0.0000010325 ask=0.0000010326  spread=0.0000000001 (0.00968%)  bidQty=1817.0000 askQty=1847.0000
  BTCUSDT (BTC/USDT): bid=89638.5700000000 ask=89638.7100000000  spread=0.1400000000 (0.00016%)  bidQty=5.3732 askQty=3.6960
  BDXUSDT (BDX/USDT): bid=0.0899900000 ask=0.0900900000  spread=0.0001000000 (0.11106%)  bidQty=8989.8500 askQty=6612.5200

2025-12-15 16:04:13.168
[ARB] +0.178%  USDT→EIGEN→USDC→USDT  maxStart=1099.7833 USDT (1099.7833 USDT)  safeStart=549.8917 USDT (549.8917 USDT) (x0.50)  bottleneck=EIGENUSDC
  EIGENUSDT (EIGEN/USDT): bid=0.4400000000 ask=0.4401000000  spread=0.0001000000 (0.02272%)  bidQty=748.9800 askQty=29876.5200
  EIGENUSDC (EIGEN/USDC): bid=0.4415000000 ask=0.4416000000  spread=0.0001000000 (0.02265%)  bidQty=2497.9400 askQty=81.9200
  USDCUSDT (USDC/USDT): bid=0.9998000000 ask=0.9999000000  spread=0.0001000000 (0.01000%)  bidQty=183977.8300 askQty=295028.0200

2025-12-15 16:04:13.197
[ARB] +0.178%  USDT→EIGEN→USDC→USDT  maxStart=102.5579 USDT (102.5579 USDT)  safeStart=51.2790 USDT (51.2790 USDT) (x0.50)  bottleneck=EIGENUSDC
  EIGENUSDT (EIGEN/USDT): bid=0.4400000000 ask=0.4401000000  spread=0.0001000000 (0.02272%)  bidQty=748.9800 askQty=29876.5200
  EIGENUSDC (EIGEN/USDC): bid=0.4415000000 ask=0.4416000000  spread=0.0001000000 (0.02265%)  bidQty=232.9400 askQty=34.9600
  USDCUSDT (USDC/USDT): bid=0.9998000000 ask=0.9999000000  spread=0.0001000000 (0.01000%)  bidQty=183977.8300 askQty=295028.0200

2025-12-15 16:04:13.218
[ARB] +0.178%  USDT→EIGEN→USDC→USDT  maxStart=102.5579 USDT (102.5579 USDT)  safeStart=51.2790 USDT (51.2790 USDT) (x0.50)  bottleneck=EIGENUSDC
  EIGENUSDT (EIGEN/USDT): bid=0.4399000000 ask=0.4401000000  spread=0.0002000000 (0.04545%)  bidQty=748.9800 askQty=29876.5200
  EIGENUSDC (EIGEN/USDC): bid=0.4415000000 ask=0.4416000000  spread=0.0001000000 (0.02265%)  bidQty=232.9400 askQty=34.9600
  USDCUSDT (USDC/USDT): bid=0.9998000000 ask=0.9999000000  spread=0.0001000000 (0.01000%)  bidQty=183977.8300 askQty=295028.0200

2025-12-15 16:04:13.260
[ARB] +0.178%  USDT→EIGEN→USDC→USDT  maxStart=102.5579 USDT (102.5579 USDT)  safeStart=51.2790 USDT (51.2790 USDT) (x0.50)  bottleneck=EIGENUSDC
  EIGENUSDT (EIGEN/USDT): bid=0.4395000000 ask=0.4401000000  spread=0.0006000000 (0.13643%)  bidQty=817.0700 askQty=29876.5200
  EIGENUSDC (EIGEN/USDC): bid=0.4415000000 ask=0.4416000000  spread=0.0001000000 (0.02265%)  bidQty=232.9400 askQty=34.9600
  USDCUSDT (USDC/USDT): bid=0.9998000000 ask=0.9999000000  spread=0.0001000000 (0.01000%)  bidQty=183977.8300 askQty=295028.0200

2025-12-15 16:04:13.286
[ARB] +0.178%  USDT→EIGEN→USDC→USDT  maxStart=102.5579 USDT (102.5579 USDT)  safeStart=51.2790 USDT (51.2790 USDT) (x0.50)  bottleneck=EIGENUSDC
  EIGENUSDT (EIGEN/USDT): bid=0.4395000000 ask=0.4401000000  spread=0.0006000000 (0.13643%)  bidQty=817.0700 askQty=29876.5200
  EIGENUSDC (EIGEN/USDC): bid=0.4415000000 ask=0.4416000000  spread=0.0001000000 (0.02265%)  bidQty=232.9400 askQty=34.9600
  USDCUSDT (USDC/USDT): bid=0.9998000000 ask=0.9999000000  spread=0.0001000000 (0.01000%)  bidQty=183458.0100 askQty=295028.0200

2025-12-15 16:04:13.308
[ARB] +0.178%  USDT→EIGEN→USDC→USDT  maxStart=102.5579 USDT (102.5579 USDT)  safeStart=51.2790 USDT (51.2790 USDT) (x0.50)  bottleneck=EIGENUSDC
  EIGENUSDT (EIGEN/USDT): bid=0.4397000000 ask=0.4401000000  spread=0.0004000000 (0.09093%)  bidQty=4.5000 askQty=29876.5200
  EIGENUSDC (EIGEN/USDC): bid=0.4415000000 ask=0.4416000000  spread=0.0001000000 (0.02265%)  bidQty=232.9400 askQty=34.9600
  USDCUSDT (USDC/USDT): bid=0.9998000000 ask=0.9999000000  spread=0.0001000000 (0.01000%)  bidQty=183458.0100 askQty=295028.0200

2025-12-15 16:04:13.319
[ARB] +0.178%  USDT→EIGEN→USDC→USDT  maxStart=102.5579 USDT (102.5579 USDT)  safeStart=51.2790 USDT (51.2790 USDT) (x0.50)  bottleneck=EIGENUSDC
  EIGENUSDT (EIGEN/USDT): bid=0.4397000000 ask=0.4401000000  spread=0.0004000000 (0.09093%)  bidQty=821.5700 askQty=29876.5200
  EIGENUSDC (EIGEN/USDC): bid=0.4415000000 ask=0.4416000000  spread=0.0001000000 (0.02265%)  bidQty=232.9400 askQty=34.9600
  USDCUSDT (USDC/USDT): bid=0.9998000000 ask=0.9999000000  spread=0.0001000000 (0.01000%)  bidQty=183458.0100 askQty=295028.0200

2025-12-15 16:04:13.329
[ARB] +0.178%  USDT→EIGEN→USDC→USDT  maxStart=102.5579 USDT (102.5579 USDT)  safeStart=51.2790 USDT (51.2790 USDT) (x0.50)  bottleneck=EIGENUSDC
  EIGENUSDT (EIGEN/USDT): bid=0.4398000000 ask=0.4401000000  spread=0.0003000000 (0.06819%)  bidQty=4.4100 askQty=29876.5200
  EIGENUSDC (EIGEN/USDC): bid=0.4415000000 ask=0.4416000000  spread=0.0001000000 (0.02265%)  bidQty=232.9400 askQty=34.9600
  USDCUSDT (USDC/USDT): bid=0.9998000000 ask=0.9999000000  spread=0.0001000000 (0.01000%)  bidQty=183458.0100 askQty=295028.0200

2025-12-15 16:04:13.418
[ARB] +0.178%  USDT→EIGEN→USDC→USDT  maxStart=102.5579 USDT (102.5579 USDT)  safeStart=51.2790 USDT (51.2790 USDT) (x0.50)  bottleneck=EIGENUSDC
  EIGENUSDT (EIGEN/USDT): bid=0.4399000000 ask=0.4401000000  spread=0.0002000000 (0.04545%)  bidQty=4.1800 askQty=29876.5200
  EIGENUSDC (EIGEN/USDC): bid=0.4415000000 ask=0.4416000000  spread=0.0001000000 (0.02265%)  bidQty=232.9400 askQty=34.9600
  USDCUSDT (USDC/USDT): bid=0.9998000000 ask=0.9999000000  spread=0.0001000000 (0.01000%)  bidQty=183458.0100 askQty=295028.0200

2025-12-15 16:04:13.599
[ARB] +0.178%  USDT→EIGEN→USDC→USDT  maxStart=102.5579 USDT (102.5579 USDT)  safeStart=51.2790 USDT (51.2790 USDT) (x0.50)  bottleneck=EIGENUSDC
  EIGENUSDT (EIGEN/USDT): bid=0.4399000000 ask=0.4401000000  spread=0.0002000000 (0.04545%)  bidQty=4.1800 askQty=27608.3800
  EIGENUSDC (EIGEN/USDC): bid=0.4415000000 ask=0.4416000000  spread=0.0001000000 (0.02265%)  bidQty=232.9400 askQty=34.9600
  USDCUSDT (USDC/USDT): bid=0.9998000000 ask=0.9999000000  spread=0.0001000000 (0.01000%)  bidQty=183458.0100 askQty=295028.0200

2025-12-15 16:04:13.658
[ARB] +0.178%  USDT→EIGEN→USDC→USDT  maxStart=102.5579 USDT (102.5579 USDT)  safeStart=51.2790 USDT (51.2790 USDT) (x0.50)  bottleneck=EIGENUSDC
  EIGENUSDT (EIGEN/USDT): bid=0.4399000000 ask=0.4401000000  spread=0.0002000000 (0.04545%)  bidQty=4.1800 askQty=27608.3800
  EIGENUSDC (EIGEN/USDC): bid=0.4415000000 ask=0.4416000000  spread=0.0001000000 (0.02265%)  bidQty=232.9400 askQty=34.9600
  USDCUSDT (USDC/USDT): bid=0.9998000000 ask=0.9999000000  spread=0.0001000000 (0.01000%)  bidQty=182963.9400 askQty=295028.0200

2025-12-15 16:04:13.818
[ARB] +0.109%  USDT→EIGEN→USDC→USDT  maxStart=102.6278 USDT (102.6278 USDT)  safeStart=51.3139 USDT (51.3139 USDT) (x0.50)  bottleneck=EIGENUSDC
  EIGENUSDT (EIGEN/USDT): bid=0.4399000000 ask=0.4404000000  spread=0.0005000000 (0.11360%)  bidQty=4.1800 askQty=817.0700
  EIGENUSDC (EIGEN/USDC): bid=0.4415000000 ask=0.4416000000  spread=0.0001000000 (0.02265%)  bidQty=232.9400 askQty=34.9600
  USDCUSDT (USDC/USDT): bid=0.9998000000 ask=0.9999000000  spread=0.0001000000 (0.01000%)  bidQty=182963.9400 askQty=295028.0200

2025-12-15 16:04:13.829
[ARB] +0.178%  USDT→EIGEN→USDC→USDT  maxStart=102.5579 USDT (102.5579 USDT)  safeStart=51.2790 USDT (51.2790 USDT) (x0.50)  bottleneck=EIGENUSDC
  EIGENUSDT (EIGEN/USDT): bid=0.4399000000 ask=0.4401000000  spread=0.0002000000 (0.04545%)  bidQty=4.1800 askQty=7690.1300
  EIGENUSDC (EIGEN/USDC): bid=0.4415000000 ask=0.4416000000  spread=0.0001000000 (0.02265%)  bidQty=232.9400 askQty=34.9600
  USDCUSDT (USDC/USDT): bid=0.9998000000 ask=0.9999000000  spread=0.0001000000 (0.01000%)  bidQty=182963.9400 askQty=295028.0200

2025-12-15 16:04:13.998
[ARB] +0.178%  USDT→EIGEN→USDC→USDT  maxStart=102.5579 USDT (102.5579 USDT)  safeStart=51.2790 USDT (51.2790 USDT) (x0.50)  bottleneck=EIGENUSDC
  EIGENUSDT (EIGEN/USDT): bid=0.4399000000 ask=0.4401000000  spread=0.0002000000 (0.04545%)  bidQty=4.1800 askQty=7690.1300
  EIGENUSDC (EIGEN/USDC): bid=0.4415000000 ask=0.4416000000  spread=0.0001000000 (0.02265%)  bidQty=232.9400 askQty=34.9600
  USDCUSDT (USDC/USDT): bid=0.9998000000 ask=0.9999000000  spread=0.0001000000 (0.01000%)  bidQty=182743.4800 askQty=295028.0200

2025-12-15 16:04:14.108
[ARB] +0.178%  USDT→EIGEN→USDC→USDT  maxStart=102.5579 USDT (102.5579 USDT)  safeStart=51.2790 USDT (51.2790 USDT) (x0.50)  bottleneck=EIGENUSDC
  EIGENUSDT (EIGEN/USDT): bid=0.4398000000 ask=0.4401000000  spread=0.0003000000 (0.06819%)  bidQty=821.4800 askQty=7690.1300
  EIGENUSDC (EIGEN/USDC): bid=0.4415000000 ask=0.4416000000  spread=0.0001000000 (0.02265%)  bidQty=232.9400 askQty=34.9600
  USDCUSDT (USDC/USDT): bid=0.9998000000 ask=0.9999000000  spread=0.0001000000 (0.01000%)  bidQty=182743.4800 askQty=295028.0200

2025-12-15 16:04:14.145
[ARB] +0.178%  USDT→EIGEN→USDC→USDT  maxStart=102.5579 USDT (102.5579 USDT)  safeStart=51.2790 USDT (51.2790 USDT) (x0.50)  bottleneck=EIGENUSDC
  EIGENUSDT (EIGEN/USDT): bid=0.4398000000 ask=0.4401000000  spread=0.0003000000 (0.06819%)  bidQty=821.4800 askQty=7690.1300
  EIGENUSDC (EIGEN/USDC): bid=0.4415000000 ask=0.4416000000  spread=0.0001000000 (0.02265%)  bidQty=232.9400 askQty=34.9600
  USDCUSDT (USDC/USDT): bid=0.9998000000 ask=0.9999000000  spread=0.0001000000 (0.01000%)  bidQty=182223.6400 askQty=295028.0200

2025-12-15 16:04:15.619
[ARB] +0.178%  USDT→EIGEN→USDC→USDT  maxStart=102.5579 USDT (102.5579 USDT)  safeStart=51.2790 USDT (51.2790 USDT) (x0.50)  bottleneck=EIGENUSDC
  EIGENUSDT (EIGEN/USDT): bid=0.4398000000 ask=0.4401000000  spread=0.0003000000 (0.06819%)  bidQty=821.4800 askQty=7690.1300
  EIGENUSDC (EIGEN/USDC): bid=0.4415000000 ask=0.4416000000  spread=0.0001000000 (0.02265%)  bidQty=232.9400 askQty=6152.1000
  USDCUSDT (USDC/USDT): bid=0.9998000000 ask=0.9999000000  spread=0.0001000000 (0.01000%)  bidQty=180893.0400 askQty=295028.0200

2025-12-15 16:04:15.915
[ARB] +0.178%  USDT→EIGEN→USDC→USDT  maxStart=102.5579 USDT (102.5579 USDT)  safeStart=51.2790 USDT (51.2790 USDT) (x0.50)  bottleneck=EIGENUSDC
  EIGENUSDT (EIGEN/USDT): bid=0.4398000000 ask=0.4401000000  spread=0.0003000000 (0.06819%)  bidQty=821.4800 askQty=7690.1300
  EIGENUSDC (EIGEN/USDC): bid=0.4415000000 ask=0.4416000000  spread=0.0001000000 (0.02265%)  bidQty=232.9400 askQty=6152.1000
  USDCUSDT (USDC/USDT): bid=0.9998000000 ask=0.9999000000  spread=0.0001000000 (0.01000%)  bidQty=180878.5400 askQty=295028.0200

2025-12-15 16:04:15.928
[ARB] +0.178%  USDT→EIGEN→USDC→USDT  maxStart=102.5579 USDT (102.5579 USDT)  safeStart=51.2790 USDT (51.2790 USDT) (x0.50)  bottleneck=EIGENUSDC
  EIGENUSDT (EIGEN/USDT): bid=0.4399000000 ask=0.4401000000  spread=0.0002000000 (0.04545%)  bidQty=4.2800 askQty=7690.1300
  EIGENUSDC (EIGEN/USDC): bid=0.4415000000 ask=0.4416000000  spread=0.0001000000 (0.02265%)  bidQty=232.9400 askQty=6152.1000
  USDCUSDT (USDC/USDT): bid=0.9998000000 ask=0.9999000000  spread=0.0001000000 (0.01000%)  bidQty=180878.5400 askQty=295028.0200

2025-12-15 16:04:15.959
[ARB] +0.178%  USDT→EIGEN→USDC→USDT  maxStart=102.5579 USDT (102.5579 USDT)  safeStart=51.2790 USDT (51.2790 USDT) (x0.50)  bottleneck=EIGENUSDC
  EIGENUSDT (EIGEN/USDT): bid=0.4400000000 ask=0.4401000000  spread=0.0001000000 (0.02272%)  bidQty=4.4800 askQty=7690.1300
  EIGENUSDC (EIGEN/USDC): bid=0.4415000000 ask=0.4416000000  spread=0.0001000000 (0.02265%)  bidQty=232.9400 askQty=6152.1000
  USDCUSDT (USDC/USDT): bid=0.9998000000 ask=0.9999000000  spread=0.0001000000 (0.01000%)  bidQty=180878.5400 askQty=295028.0200

2025-12-15 16:04:15.976
[ARB] +0.178%  USDT→EIGEN→USDC→USDT  maxStart=102.5579 USDT (102.5579 USDT)  safeStart=51.2790 USDT (51.2790 USDT) (x0.50)  bottleneck=EIGENUSDC
  EIGENUSDT (EIGEN/USDT): bid=0.4400000000 ask=0.4401000000  spread=0.0001000000 (0.02272%)  bidQty=4.4800 askQty=7690.1300
  EIGENUSDC (EIGEN/USDC): bid=0.4415000000 ask=0.4416000000  spread=0.0001000000 (0.02265%)  bidQty=232.9400 askQty=6152.1000
  USDCUSDT (USDC/USDT): bid=0.9998000000 ask=0.9999000000  spread=0.0001000000 (0.01000%)  bidQty=180860.9600 askQty=295028.0200

2025-12-15 16:04:16.025
[ARB] +0.178%  USDT→EIGEN→USDC→USDT  maxStart=102.5579 USDT (102.5579 USDT)  safeStart=51.2790 USDT (51.2790 USDT) (x0.50)  bottleneck=EIGENUSDC
  EIGENUSDT (EIGEN/USDT): bid=0.4400000000 ask=0.4401000000  spread=0.0001000000 (0.02272%)  bidQty=4.4800 askQty=7690.1300
  EIGENUSDC (EIGEN/USDC): bid=0.4415000000 ask=0.4416000000  spread=0.0001000000 (0.02265%)  bidQty=232.9400 askQty=6152.1000
  USDCUSDT (USDC/USDT): bid=0.9998000000 ask=0.9999000000  spread=0.0001000000 (0.01000%)  bidQty=180840.2600 askQty=295028.0200

2025-12-15 16:04:16.195
[ARB] +0.178%  USDT→EIGEN→USDC→USDT  maxStart=102.5579 USDT (102.5579 USDT)  safeStart=51.2790 USDT (51.2790 USDT) (x0.50)  bottleneck=EIGENUSDC
  EIGENUSDT (EIGEN/USDT): bid=0.4400000000 ask=0.4401000000  spread=0.0001000000 (0.02272%)  bidQty=4.4800 askQty=7690.1300
  EIGENUSDC (EIGEN/USDC): bid=0.4415000000 ask=0.4416000000  spread=0.0001000000 (0.02265%)  bidQty=232.9400 askQty=6152.1000
  USDCUSDT (USDC/USDT): bid=0.9998000000 ask=0.9999000000  spread=0.0001000000 (0.01000%)  bidQty=180824.3400 askQty=295028.0200

2025-12-15 16:04:16.288
[ARB] +0.178%  USDT→EIGEN→USDC→USDT  maxStart=102.5579 USDT (102.5579 USDT)  safeStart=51.2790 USDT (51.2790 USDT) (x0.50)  bottleneck=EIGENUSDC
  EIGENUSDT (EIGEN/USDT): bid=0.4399000000 ask=0.4401000000  spread=0.0002000000 (0.04545%)  bidQty=821.3500 askQty=7690.1300
  EIGENUSDC (EIGEN/USDC): bid=0.4415000000 ask=0.4416000000  spread=0.0001000000 (0.02265%)  bidQty=232.9400 askQty=6152.1000
  USDCUSDT (USDC/USDT): bid=0.9998000000 ask=0.9999000000  spread=0.0001000000 (0.01000%)  bidQty=180824.3400 askQty=295028.0200

2025-12-15 16:04:16.438
[ARB] +0.178%  USDT→EIGEN→USDC→USDT  maxStart=102.5579 USDT (102.5579 USDT)  safeStart=51.2790 USDT (51.2790 USDT) (x0.50)  bottleneck=EIGENUSDC
  EIGENUSDT (EIGEN/USDT): bid=0.4399000000 ask=0.4401000000  spread=0.0002000000 (0.04545%)  bidQty=821.3500 askQty=7690.1300
  EIGENUSDC (EIGEN/USDC): bid=0.4415000000 ask=0.4416000000  spread=0.0001000000 (0.02265%)  bidQty=232.9400 askQty=6152.1000
  USDCUSDT (USDC/USDT): bid=0.9998000000 ask=0.9999000000  spread=0.0001000000 (0.01000%)  bidQty=180799.2300 askQty=295028.0200

2025-12-15 16:04:16.478
[ARB] +0.178%  USDT→EIGEN→USDC→USDT  maxStart=102.5579 USDT (102.5579 USDT)  safeStart=51.2790 USDT (51.2790 USDT) (x0.50)  bottleneck=EIGENUSDC
  EIGENUSDT (EIGEN/USDT): bid=0.4399000000 ask=0.4401000000  spread=0.0002000000 (0.04545%)  bidQty=4.2800 askQty=7690.1300
  EIGENUSDC (EIGEN/USDC): bid=0.4415000000 ask=0.4416000000  spread=0.0001000000 (0.02265%)  bidQty=232.9400 askQty=6152.1000
  USDCUSDT (USDC/USDT): bid=0.9998000000 ask=0.9999000000  spread=0.0001000000 (0.01000%)  bidQty=180799.2300 askQty=295028.0200

2025-12-15 16:04:17.139
[ARB] +0.178%  USDT→EIGEN→USDC→USDT  maxStart=102.5579 USDT (102.5579 USDT)  safeStart=51.2790 USDT (51.2790 USDT) (x0.50)  bottleneck=EIGENUSDC
  EIGENUSDT (EIGEN/USDT): bid=0.4399000000 ask=0.4401000000  spread=0.0002000000 (0.04545%)  bidQty=4.2800 askQty=7673.3300
  EIGENUSDC (EIGEN/USDC): bid=0.4415000000 ask=0.4416000000  spread=0.0001000000 (0.02265%)  bidQty=232.9400 askQty=6152.1000
  USDCUSDT (USDC/USDT): bid=0.9998000000 ask=0.9999000000  spread=0.0001000000 (0.01000%)  bidQty=180799.2300 askQty=295028.0200

2025-12-15 16:04:17.288
[ARB] +0.178%  USDT→EIGEN→USDC→USDT  maxStart=95.1613 USDT (95.1613 USDT)  safeStart=47.5806 USDT (47.5806 USDT) (x0.50)  bottleneck=EIGENUSDC
  EIGENUSDT (EIGEN/USDT): bid=0.4397000000 ask=0.4401000000  spread=0.0004000000 (0.09093%)  bidQty=817.0700 askQty=7673.3300
  EIGENUSDC (EIGEN/USDC): bid=0.4415000000 ask=0.4416000000  spread=0.0001000000 (0.02265%)  bidQty=216.1400 askQty=6152.1000
  USDCUSDT (USDC/USDT): bid=0.9998000000 ask=0.9999000000  spread=0.0001000000 (0.01000%)  bidQty=180799.2300 askQty=295028.0200

2025-12-15 16:04:17.409
[ARB] +0.178%  USDT→EIGEN→USDC→USDT  maxStart=95.1613 USDT (95.1613 USDT)  safeStart=47.5806 USDT (47.5806 USDT) (x0.50)  bottleneck=EIGENUSDC
  EIGENUSDT (EIGEN/USDT): bid=0.4396000000 ask=0.4401000000  spread=0.0005000000 (0.11368%)  bidQty=817.0700 askQty=7673.3300
  EIGENUSDC (EIGEN/USDC): bid=0.4415000000 ask=0.4418000000  spread=0.0003000000 (0.06793%)  bidQty=216.1400 askQty=653.6600
  USDCUSDT (USDC/USDT): bid=0.9998000000 ask=0.9999000000  spread=0.0001000000 (0.01000%)  bidQty=180799.2300 askQty=295028.0200

2025-12-15 16:04:17.416
[ARB] +0.178%  USDT→EIGEN→USDC→USDT  maxStart=95.1613 USDT (95.1613 USDT)  safeStart=47.5806 USDT (47.5806 USDT) (x0.50)  bottleneck=EIGENUSDC
  EIGENUSDT (EIGEN/USDT): bid=0.4396000000 ask=0.4401000000  spread=0.0005000000 (0.11368%)  bidQty=817.0700 askQty=7673.3300
  EIGENUSDC (EIGEN/USDC): bid=0.4415000000 ask=0.4416000000  spread=0.0001000000 (0.02265%)  bidQty=216.1400 askQty=3.6000
  USDCUSDT (USDC/USDT): bid=0.9998000000 ask=0.9999000000  spread=0.0001000000 (0.01000%)  bidQty=180799.2300 askQty=295028.0200

2025-12-15 16:04:17.469
[ARB] +0.201%  USDT→EIGEN→USDC→USDT  maxStart=95.1397 USDT (95.1397 USDT)  safeStart=47.5698 USDT (47.5698 USDT) (x0.50)  bottleneck=EIGENUSDC
  EIGENUSDT (EIGEN/USDT): bid=0.4396000000 ask=0.4400000000  spread=0.0004000000 (0.09095%)  bidQty=817.0700 askQty=817.0700
  EIGENUSDC (EIGEN/USDC): bid=0.4415000000 ask=0.4416000000  spread=0.0001000000 (0.02265%)  bidQty=216.1400 askQty=3.6000
  USDCUSDT (USDC/USDT): bid=0.9998000000 ask=0.9999000000  spread=0.0001000000 (0.01000%)  bidQty=180799.2300 askQty=295028.0200

2025-12-15 16:04:17.738
[ARB] +0.201%  USDT→EIGEN→USDC→USDT  maxStart=95.1397 USDT (95.1397 USDT)  safeStart=47.5698 USDT (47.5698 USDT) (x0.50)  bottleneck=EIGENUSDC
  EIGENUSDT (EIGEN/USDT): bid=0.4395000000 ask=0.4400000000  spread=0.0005000000 (0.11370%)  bidQty=817.0700 askQty=817.0700
  EIGENUSDC (EIGEN/USDC): bid=0.4415000000 ask=0.4416000000  spread=0.0001000000 (0.02265%)  bidQty=216.1400 askQty=3.6000
  USDCUSDT (USDC/USDT): bid=0.9998000000 ask=0.9999000000  spread=0.0001000000 (0.01000%)  bidQty=180799.2300 askQty=295024.0000

2025-12-15 16:04:17.899
[ARB] +0.201%  USDT→EIGEN→USDC→USDT  maxStart=95.1397 USDT (95.1397 USDT)  safeStart=47.5698 USDT (47.5698 USDT) (x0.50)  bottleneck=EIGENUSDC
  EIGENUSDT (EIGEN/USDT): bid=0.4395000000 ask=0.4400000000  spread=0.0005000000 (0.11370%)  bidQty=817.0700 askQty=817.0700
  EIGENUSDC (EIGEN/USDC): bid=0.4415000000 ask=0.4416000000  spread=0.0001000000 (0.02265%)  bidQty=216.1400 askQty=653.6600
  USDCUSDT (USDC/USDT): bid=0.9998000000 ask=0.9999000000  spread=0.0001000000 (0.01000%)  bidQty=180799.2300 askQty=295024.0000

2025-12-15 16:04:17.928
[ARB] +0.201%  USDT→EIGEN→USDC→USDT  maxStart=95.1397 USDT (95.1397 USDT)  safeStart=47.5698 USDT (47.5698 USDT) (x0.50)  bottleneck=EIGENUSDC
  EIGENUSDT (EIGEN/USDT): bid=0.4396000000 ask=0.4400000000  spread=0.0004000000 (0.09095%)  bidQty=4.2100 askQty=817.0700
  EIGENUSDC (EIGEN/USDC): bid=0.4415000000 ask=0.4416000000  spread=0.0001000000 (0.02265%)  bidQty=216.1400 askQty=653.6600
  USDCUSDT (USDC/USDT): bid=0.9998000000 ask=0.9999000000  spread=0.0001000000 (0.01000%)  bidQty=180799.2300 askQty=295024.0000

2025-12-15 16:08:26.196
[ARB] +0.589%  ART→USDC→USDT→ART  maxStart=6303.6800 ART (5.3027 USDT)  safeStart=3151.8400 ART (2.6513 USDT) (x0.50)  bottleneck=ARTUSDC
  ARTUSDC (ART/USDC): bid=0.0008556000 ask=0.0008611000  spread=0.0000055000 (0.64076%)  bidQty=6303.6800 askQty=2241.3100
  USDCUSDT (USDC/USDT): bid=0.9998000000 ask=0.9999000000  spread=0.0001000000 (0.01000%)  bidQty=140498.1600 askQty=286065.0900
  ARTUSDT (ART/USDT): bid=0.0008412000 ask=0.0008494000  spread=0.0000082000 (0.97007%)  bidQty=921.7100 askQty=6400.0000

2025-12-15 16:08:26.203
[ARB] +0.459%  ART→USDC→USDT→ART  maxStart=6303.6800 ART (5.3027 USDT)  safeStart=3151.8400 ART (2.6513 USDT) (x0.50)  bottleneck=ARTUSDC
  ARTUSDC (ART/USDC): bid=0.0008556000 ask=0.0008611000  spread=0.0000055000 (0.64076%)  bidQty=6303.6800 askQty=2241.3100
  USDCUSDT (USDC/USDT): bid=0.9998000000 ask=0.9999000000  spread=0.0001000000 (0.01000%)  bidQty=140498.1600 askQty=286065.0900
  ARTUSDT (ART/USDT): bid=0.0008412000 ask=0.0008505000  spread=0.0000093000 (1.09949%)  bidQty=921.7100 askQty=6392.7200

2025-12-15 16:23:39.811
[ARB] +0.364%  USDT→DSYNC→USDC→USDT  maxStart=5.4564 USDT (5.4564 USDT)  safeStart=2.7282 USDT (2.7282 USDT) (x0.50)  bottleneck=DSYNCUSDC
  DSYNCUSDT (DSYNC/USDT): bid=0.0237900000 ask=0.0238000000  spread=0.0000100000 (0.04203%)  bidQty=1049827.1700 askQty=3046.6300
  DSYNCUSDC (DSYNC/USDC): bid=0.0239200000 ask=0.0240300000  spread=0.0001100000 (0.45881%)  bidQty=229.1700 askQty=2932.8200
  USDCUSDT (USDC/USDT): bid=0.9998000000 ask=0.9999000000  spread=0.0001000000 (0.01000%)  bidQty=224897.4200 askQty=90875.8600

2025-12-15 16:35:21.227
[ARB] +0.220%  USDC→USDT→XPL→USDC  maxStart=169.8679 USDC (169.8339 USDT)  safeStart=84.9339 USDC (84.9170 USDT) (x0.50)  bottleneck=XPLUSDC
  USDCUSDT (USDC/USDT): bid=0.9998000000 ask=0.9999000000  spread=0.0001000000 (0.01000%)  bidQty=89868.9600 askQty=82798.4800
  XPLUSDT (XPL/USDT): bid=0.1384000000 ask=0.1387000000  spread=0.0003000000 (0.21653%)  bidQty=1490.4100 askQty=8468.8000
  XPLUSDC (XPL/USDC): bid=0.1392000000 ask=0.1399000000  spread=0.0007000000 (0.50161%)  bidQty=1223.4900 askQty=4984.1400

2025-12-15 16:35:21.247
[ARB] +0.220%  USDC→USDT→XPL→USDC  maxStart=169.8679 USDC (169.8339 USDT)  safeStart=84.9339 USDC (84.9170 USDT) (x0.50)  bottleneck=XPLUSDC
  USDCUSDT (USDC/USDT): bid=0.9998000000 ask=0.9999000000  spread=0.0001000000 (0.01000%)  bidQty=89868.9600 askQty=82798.4800
  XPLUSDT (XPL/USDT): bid=0.1384000000 ask=0.1387000000  spread=0.0003000000 (0.21653%)  bidQty=1490.4100 askQty=8468.8000
  XPLUSDC (XPL/USDC): bid=0.1392000000 ask=0.1397000000  spread=0.0005000000 (0.35855%)  bidQty=1223.4900 askQty=1491.5300

2025-12-15 16:35:21.263
[ARB] +0.148%  USDC→USDT→XPL→USDC  maxStart=169.9903 USDC (169.9563 USDT)  safeStart=84.9952 USDC (84.9782 USDT) (x0.50)  bottleneck=XPLUSDC
  USDCUSDT (USDC/USDT): bid=0.9998000000 ask=0.9999000000  spread=0.0001000000 (0.01000%)  bidQty=89868.9600 askQty=82798.4800
  XPLUSDT (XPL/USDT): bid=0.1384000000 ask=0.1388000000  spread=0.0004000000 (0.28860%)  bidQty=7187.6800 askQty=9408.8000
  XPLUSDC (XPL/USDC): bid=0.1392000000 ask=0.1397000000  spread=0.0005000000 (0.35855%)  bidQty=1223.4900 askQty=1491.5300

2025-12-15 16:37:19.636
[ARB] +0.149%  USDT→ARKM→USDC→USDT  maxStart=18.5689 USDT (18.5689 USDT)  safeStart=9.2845 USDT (9.2845 USDT) (x0.50)  bottleneck=ARKMUSDC
  ARKMUSDT (ARKM/USDT): bid=0.2042000000 ask=0.2076000000  spread=0.0034000000 (1.65129%)  bidQty=19472.4400 askQty=750.0200
  ARKMUSDC (ARKM/USDC): bid=0.2082000000 ask=0.2093000000  spread=0.0011000000 (0.52695%)  bidQty=89.4100 askQty=142.5000
  USDCUSDT (USDC/USDT): bid=0.9998000000 ask=0.9999000000  spread=0.0001000000 (0.01000%)  bidQty=75441.9900 askQty=86502.1400

2025-12-15 16:44:18.345
[ARB] +0.133%  USDC→USDT→OMI→USDC  maxStart=12.2063 USDC (12.2038 USDT)  safeStart=6.1031 USDC (6.1019 USDT) (x0.50)  bottleneck=OMIUSDC
  USDCUSDT (USDC/USDT): bid=0.9998000000 ask=0.9999000000  spread=0.0001000000 (0.01000%)  bidQty=155996.2800 askQty=188093.6100
  OMIUSDT (OMI/USDT): bid=0.0001829000 ask=0.0001830000  spread=0.0000001000 (0.05466%)  bidQty=790503.1600 askQty=199861.5500
  OMIUSDC (OMI/USDC): bid=0.0001835000 ask=0.0001849000  spread=0.0000014000 (0.76004%)  bidQty=66634.2000 askQty=251499.0900

2025-12-15 16:51:33.372
[ARB] +0.256%  USDT→MILK→USDC→USDT  maxStart=22.0519 USDT (22.0519 USDT)  safeStart=11.0259 USDT (11.0259 USDT) (x0.50)  bottleneck=MILKUSDC
  MILKUSDT (MILK/USDT): bid=0.0083070000 ask=0.0083160000  spread=0.0000090000 (0.10828%)  bidQty=7594.9500 askQty=3856.2500
  MILKUSDC (MILK/USDC): bid=0.0083490000 ask=0.0083780000  spread=0.0000290000 (0.34674%)  bidQty=2650.6800 askQty=5735.6800
  USDCUSDT (USDC/USDT): bid=0.9998000000 ask=0.9999000000  spread=0.0001000000 (0.01000%)  bidQty=168481.3700 askQty=209012.7900

2025-12-15 16:58:43.810
[ARB] +0.373%  USDC→USDT→TOWNS→USDC  maxStart=74.8332 USDC (74.8183 USDT)  safeStart=37.4166 USDC (37.4091 USDT) (x0.50)  bottleneck=TOWNSUSDC
  USDCUSDT (USDC/USDT): bid=0.9998000000 ask=0.9999000000  spread=0.0001000000 (0.01000%)  bidQty=104566.5300 askQty=173323.9300
  TOWNSUSDT (TOWNS/USDT): bid=0.0069970000 ask=0.0070030000  spread=0.0000060000 (0.08571%)  bidQty=732.0000 askQty=198037.5100
  TOWNSUSDC (TOWNS/USDC): bid=0.0070390000 ask=0.0070750000  spread=0.0000360000 (0.51013%)  bidQty=10675.2000 askQty=169.6900

2025-12-15 17:00:48.945
[ARB] +2.613%  ART→USDC→USDT→ART  maxStart=10154.8600 ART (7.7197 USDT)  safeStart=5077.4300 ART (3.8599 USDT) (x0.50)  bottleneck=ARTUSDC
  ARTUSDC (ART/USDC): bid=0.0007866000 ask=0.0007994000  spread=0.0000128000 (1.61412%)  bidQty=10154.8600 askQty=7266.7800
  USDCUSDT (USDC/USDT): bid=0.9998000000 ask=0.9999000000  spread=0.0001000000 (0.01000%)  bidQty=63007.6300 askQty=262213.3500
  ARTUSDT (ART/USDT): bid=0.0007602000 ask=0.0007655000  spread=0.0000053000 (0.69476%)  bidQty=8817.2200 askQty=13087.7900

2025-12-15 17:03: